27 919 793 479 487 36 916 783 2 657 62 788 855 299 125 365 990 30 451 597 947 815 110 886 858 683 179
967 648 759 993 -1 29 785 505 867 172 420 -1 173 76 415 313 283 713 437 999 702 819 449 650 765 615 111
3 824 -1 533 790 -1 643 782 -1 671 918 323 890 89 94 891 614 522 305 926 804 17 714 802 71 532 602
72 649 216 183 651 39 327 -1 828 119 826 961 289 848 230 611 -1 318 705 979 -1 578 635 208 381 4 274
534 426 805 135 849 -1 -1 383 807 92 710 -1 -1 180 167 231 469 366 460 431 455 129 -1 -1 412 64 772
971 796 127 244 329 904 401 -1 752 205 516 -1 12 607 196 353 877 375 871 459 195 588 -1 978 42 47 816
-1 810 880 950 132 675 -1 376 356 -1 776 170 82 332 38 -1 695 996 411 -1 225 138 269 -1 684 857 953
661 250 351 477 428 160 708 729 291 734 156 18 -1 486 145 -1 568 -1 1000 -1 171 347 546 570 571 35 190
606 718 46 558 731 -1 908 559 75 419 266 -1 709 -1 959 79 440 445 223 402 364 51 -1 498 574 747 395
495 670 429 -1 275 499 -1 184 229 -1 91 787 803 509 404 958 569 -1 -1 647 193 65 222 594 780 272 346
277 197 -1 672 691 466 100 -1 740 598 456 -1 178 -1 -1 316 338 -1 719 -1 -1 121 268 792 665 -1 -1
-1 -1 988 956 739 185 -1 410 875 217 862 249 308 811 56 582 989 591 298 304 929 -1 -1 928 667 -1 -1
-1 511 526 174 -1 -1 513 -1 726 697 -1 488 924 397 349 524 -1 159 580 638 -1 -1 935 155 450 809 529
377 475 -1 -1 636 885 448 161 6 -1 673 786 865 722 965 352 645 -1 700 168 769 -1 99 758 -1 621 44
863 70 852 391 799 678 -1 369 -1 -1 169 825 -1 955 -1 791 -1 219 108 -1 215 820 221 -1 940 -1 -1
49 139 -1 93 1 874 296 -1 24 326 507 393 -1 -1 913 -1 -1 -1 664 655 -1 234 762 -1 -1 934 -1
-1 -1 210 717 -1 -1 521 -1 -1 -1 -1 442 770 690 948 514 32 454 -1 846 -1 -1 -1 973 682 742 86
240 541 371 -1 73 596 -1 -1 869 279 310 938 330 408 302 123 -1 992 -1 -1 23 876 -1 220 545 113 80
-1 146 821 -1 737 361 325 -1 -1 920 -1 -1 140 -1 236 77 -1 -1 379 122 -1 -1 543 -1 96 -1 -1
-1 315 795 746 -1 292 -1 137 28 630 814 -1 414 85 -1 -1 577 843 575 653 841 -1 -1 314 389 -1 -1
603 903 626 637 -1 -1 -1 -1 -1 74 -1 -1 101 212 -1 -1 -1 213 -1 -1 789 -1 539 -1 147 107 528
461 847 983 669 801 238 294 -1 806 586 -1 472 60 644 54 22 97 -1 150 -1 -1 362 -1 207 -1 750 745
942 248 203 -1 -1 50 -1 728 850 41 374 639 198 -1 209 -1 370 853 -1 743 949 340 892 632 -1 253 779
-1 754 -1 884 696 -1 438 -1 187 -1 319 914 689 711 -1 679 909 -1 887 -1 -1 -1 -1 61 -1 342 -1
-1 -1 557 800 -1 -1 -1 -1 357 -1 87 873 344 925 -1 609 613 254 -1 -1 162 -1 530 90 -1 -1 -1
-1 659 -1 -1 328 -1 -1 128 -1 -1 -1 -1 -1 963 -1 -1 306 837 -1 267 -1 879 -1 444 392 -1 -1
481 -1 593 573 851 251 -1 432 930 771 -1 409 -1 -1 567 774 -1 881 686 307 -1 -1 932 -1 676 -1 -1
471 201 378 -1 34 952 388 -1 -1 -1 668 585 271 -1 153 -1 738 -1 -1 -1 798 478 549 105 16 423 -1
-1 -1 -1 489 -1 -1 -1 715 -1 -1 -1 -1 -1 -1 760 -1 66 902 -1 -1 991 985 -1 -1 -1 -1 753
239 243 175 -1 -1 976 823 255 896 -1 473 962 707 994 768 151 -1 562 263 927 -1 164 -1 427 506 -1 -1
358 457 699 463 -1 941 -1 -1 706 -1 -1 960 -1 -1 -1 525 -1 425 -1 980 -1 206 242 19 536 757 -1
-1 262 -1 -1 -1 191 836 -1 237 -1 -1 -1 834 -1 -1 -1 301 -1 -1 -1 -1 -1 117 -1 -1 674 -1
-1 -1 681 -1 523 -1 610 -1 616 -1 -1 -1 -1 -1 -1 295 -1 -1 -1 -1 563 -1 -1 387 628 -1 -1
-1 -1 -1 235 845 -1 -1 -1 259 912 -1 -1 -1 832 -1 280 -1 446 -1 866 -1 67 -1 910 981 -1 -1
-1 -1 -1 -1 -1 405 453 -1 -1 -1 -1 -1 152 -1 -1 422 -1 537 540 -1 -1 -1 -1 -1 -1 624 590
-1 -1 482 -1 -1 -1 721 247 833 -1 -1 898 -1 592 581 751 -1 176 808 165 -1 -1 -1 -1 -1 -1 608
-1 334 583 -1 -1 538 -1 -1 -1 -1 -1 -1 439 727 -1 336 -1 -1 -1 554 -1 -1 -1 359 -1 -1 -1
144 -1 -1 104 -1 -1 -1 -1 677 224 -1 -1 -1 969 -1 -1 407 -1 -1 95 -1 -1 -1 595 103 158 -1
462 -1 -1 228 -1 -1 -1 202 -1 -1 -1 131 -1 -1 -1 -1 -1 -1 -1 844 -1 -1 652 -1 -1 560 -1
-1 662 241 744 -1 -1 -1 -1 -1 -1 735 142 -1 260 -1 944 -1 842 -1 218 -1 -1 -1 -1 226 -1 288
-1 484 -1 -1 -1 860 917 15 335 -1 177 -1 52 -1 -1 194 -1 382 -1 -1 -1 767 510 -1 -1 -1 897
-1 -1 -1 -1 -1 21 -1 13 -1 189 -1 -1 -1 688 483 -1 -1 -1 384 285 -1 -1 -1 -1 -1 -1 -1
720 -1 975 968 -1 69 -1 -1 -1 -1 838 416 -1 -1 345 827 252 -1 -1 -1 -1 -1 -1 -1 -1 -1 -1
-1 -1 -1 -1 -1 -1 -1 -1 -1 547 -1 -1 951 -1 204 -1 -1 933 -1 -1 -1 -1 -1 -1 -1 617 -1
-1 9 367 -1 998 -1 -1 -1 -1 -1 629 -1 -1 -1 124 -1 -1 273 900 -1 -1 -1 256 -1 -1 53 -1
-1 -1 -1 -1 59 -1 -1 -1 -1 -1 -1 -1 724 -1 -1 278 -1 -1 -1 907 -1 25 -1 246 -1 -1 -1
-1 -1 258 -1 535 -1 -1 658 -1 -1 -1 -1 694 436 211 -1 -1 -1 -1 -1 -1 385 -1 261 -1 -1 -1
-1 883 -1 -1 287 -1 -1 284 -1 -1 -1 -1 -1 -1 -1 -1 663 -1 -1 -1 -1 -1 -1 -1 -1 -1 192
-1 -1 -1 317 -1 343 -1 433 -1 -1 631 265 309 -1 106 -1 -1 -1 -1 -1 -1 -1 -1 -1 163 233 -1
-1 519 -1 -1 -1 -1 818 -1 186 512 -1 619 492 763 601 756 -1 -1 214 -1 -1 640 -1 -1 -1 -1 -1
-1 -1 -1 -1 -1 -1 625 -1 872 -1 -1 605 -1 -1 766 -1 -1 -1 -1 -1 303 -1 627 102 -1 -1 -1
-1 -1 -1 -1 -1 552 -1 -1 977 -1 63 -1 -1 -1 -1 -1 -1 -1 -1 -1 -1 -1 -1 946 10 -1 572
-1 -1 -1 -1 -1 -1 -1 297 -1 -1 -1 -1 -1 -1 -1 -1 -1 -1 -1 -1 -1 286 -1 -1 -1 -1 -1
116 373 899 40 835 -1 -1 -1 134 761 854 -1 -1 -1 -1 -1 -1 -1 -1 -1 -1 -1 -1 -1 491 939 -1
-1 109 964 -1 576 -1 -1 -1 -1 -1 -1 -1 -1 -1 -1 -1 -1 -1 -1 -1 -1 -1 43 -1 -1 656 -1
-1 -1 -1 -1 464 579 -1 -1 -1 749 -1 -1 -1 736 -1 -1 -1 -1 970 -1 -1 660 -1 -1 -1 -1 733
882 -1 -1 -1 -1 -1 -1 -1 701 -1 -1 331 -1 -1 26 -1 -1 -1 812 -1 -1 -1 -1 587 -1 -1 -1
-1 -1 -1 -1 -1 -1 -1 88 -1 -1 -1 622 -1 -1 -1 -1 -1 -1 504 -1 281 -1 -1 -1 -1 -1 -1
-1 -1 -1 -1 693 -1 -1 813 -1 -1 -1 -1 130 -1 895 -1 -1 -1 120 -1 -1 634 -1 -1 -1 -1 -1
-1 -1 157 -1 -1 -1 894 -1 -1 -1 -1 -1 -1 599 45 -1 -1 -1 -1 -1 -1 37 -1 -1 -1 -1 -1
-1 -1 -1 -1 -1 -1 -1 490 -1 -1 -1 -1 -1 -1 -1 764 921 -1 -1 -1 -1 -1 -1 227 350 -1 -1
-1 -1 -1 -1 -1 -1 -1 -1 -1 31 -1 -1 -1 781 -1 -1 -1 -1 -1 -1 -1 -1 -1 -1 -1 -1 -1
-1 118 468 716 -1 -1 -1 -1 -1 7 -1 -1 -1 -1 -1 -1 -1 -1 -1 -1 -1 -1 -1 -1 889 133 -1
829 390 -1 -1 -1 -1 -1 293 -1 -1 878 -1 68 -1 -1 -1 -1 -1 -1 -1 -1 936 -1 -1 -1 -1 -1
-1 -1 -1 8 -1 -1 -1 339 -1 -1 -1 -1 -1 831 -1 542 -1 -1 368 -1 441 -1 -1 -1 320 -1 -1
-1 -1 868 -1 -1 -1 -1 -1 984 -1 -1 -1 -1 -1 -1 -1 -1 57 -1 -1 -1 -1 -1 -1 -1 -1 -1
-1 -1 620 -1 -1 -1 -1 -1 11 -1 -1 -1 -1 -1 -1 -1 -1 -1 -1 -1 -1 -1 -1 -1 -1 -1 -1
-1 -1 -1 -1 -1 -1 725 -1 -1 -1 354 -1 723 -1 518 -1 612 911 777 -1 -1 -1 -1 -1 -1 830 -1
-1 -1 -1 -1 -1 360 -1 -1 -1 -1 -1 -1 182 -1 -1 -1 -1 -1 -1 -1 -1 83 -1 -1 494 -1 -1
-1 -1 -1 -1 -1 -1 290 -1 -1 -1 -1 -1 -1 -1 -1 -1 -1 58 -1 245 -1 564 -1 -1 600 -1 -1
-1 -1 -1 -1 -1 -1 -1 778 -1 199 -1 -1 -1 -1 -1 -1 -1 945 -1 -1 -1 -1 -1 -1 -1 -1 -1
33 -1 -1 -1 -1 -1 -1 -1 888 465 -1 -1 -1 -1 -1 -1 982 -1 -1 -1 548 -1 -1 -1 -1 -1 -1
-1 -1 -1 -1 -1 -1 -1 -1 -1 -1 -1 -1 -1 -1 -1 -1 -1 -1 -1 -1 -1 -1 -1 -1 -1 -1 -1
-1 -1 -1 -1 -1 -1 -1 -1 -1 -1 -1 -1 -1 -1 355 311 -1 -1 -1 -1 -1 680 646 -1 -1 -1 -1
-1 -1 -1 -1 -1 -1 -1 -1 -1 -1 -1 -1 -1 -1 685 -1 -1 -1 -1 -1 -1 -1 -1 -1 -1 556 -1
380 98 257 -1 452 -1 -1 517 -1 -1 551 -1 -1 -1 -1 -1 200 -1 -1 -1 -1 974 -1 -1 -1 -1 986
-1 -1 -1 -1 -1 -1 -1 -1 -1 -1 -1 -1 -1 -1 -1 -1 -1 -1 -1 -1 -1 -1 -1 -1 -1 -1 -1
-1 418 -1 -1 -1 -1 -1 -1 -1 -1 -1 500 -1 -1 -1 -1 -1 -1 -1 -1 -1 -1 604 -1 -1 -1 -1
-1 -1 -1 -1 -1 -1 -1 -1 -1 -1 -1 -1 -1 417 421 -1 -1 480 -1 -1 -1 -1 -1 712 -1 -1 -1
-1 -1 923 -1 -1 -1 476 -1 -1 55 -1 -1 -1 -1 -1 276 -1 -1 48 -1 78 -1 -1 817 -1 -1 -1
