    1 1119 yCgQcSjahoGR          422  100   54  100   88   80
    2 3893 DQRzwj                419   81   93   91   86   68
    3 8823 XXcboyvVzmnTFJEaeZc   413   94   90   47   95   87
    4  867 zWB                   401  100   57   89   85   70
    5 5518 vLmQaLGa              396   72   67   90   96   71
    6  882 DeaHVnJeZWjfdq        394   39  100  100   92   63
    7 8836 Md                    390   69   50   82   91   98
    8 8411 fgohHSBTiBcjGRPdzj    389   68   67   94   93   67
    9 1009 VTsorxZ               388   92   68   83   90   55
   10 2669 FUvms                 384   93   92   96   60   43
   11 2454 luLkpQuHbaxPHDYWGSxd  384   88   99   54   88   55
   12 8884 WDOcKWodvpOUDPd UVT   384   75   64  100   95   50
   13 1834 BMsPzSWDdYLvOK        383   83   86   71   45   98
   14 6414 nOA                   383   86   88   97   93   19
   15 8372 WHsjhqplzCTuyhXqEA    381   94   81   50   87   69
   16 1477 ehPOZLiee             380   79   92   89   25   95
   17 8576 QcznArauY             379   87   63   64   97   68
   18 8542 idnQnAT               378   92   95   58   81   52
   19 6895 e                     378   96   40   53   95   94
   20 8636 LRNNF                 378   95   92   37   57   97
   21 4756 aYxmR                 377   50   70   65   95   97
   22 6165 zueHgk                377   81   74   77   52   93
   23 1047 EvFZjvCTkwFzN         376   93   89   95   84   15
   24 1405 yJzPdJfocxhJYoMSkjM   375   55   87   98   36   99
   25  771 V                     374   69   90   30  100   85
   26 1161 WetJuD                373   72   75   73   84   69
   27 4943 gIAtPXhUhuuODtPGW     372   80   81   71   55   85
   28 4340 lzmIYKP               372   49   78   72   76   97
   29 4409 LbLSBEjOwTwfBvAwv     372   99   99   65   54   55
   30 9779 SmGSSNUtAqgAhcWN      371   85   83   68   45   90
   31 8145 AMeGHP                369   96   80   89   16   88
   32 6580 YA                    369   94   69   89   66   51
   33 5936 DfUHhdutfhUspqWNOF    368   80   50   51   91   96
   34 9413 QlYxX                 368   50   91   89   82   56
   35 8339 r                     367   75   81   93   94   24
   36 9186 nzuzBcWvkO            367   98   67   72   46   84
   37 9448 WcimJU                366   66   96   48   91   65
   38 5060 rJvafw                365   79   65   87   80   54
   39  387 FRjHdJE               365   85   78   37   81   84
   40 8433 ZeMPrgEbyUmsAfKNcgdm  364   93   31   83   71   86
   41 7438 bgZDWmjisGzXuUz       364   45   50   97   95   77
   42 8945 EJixy                 364   90   26   66   91   91
   43 2890 IBWmAHYwvUCQEdBcg     364   77   89   98   59   41
   44 4010 WYbAzaf xGXfbZ        363   78   80   50   80   75
   45 3309 bVJjlvmRchUMCuST      362   30   65   99   87   81
   46 1399 gQVVnEupteTBxhJHF     362   41   93   34   96   98
   47 5902 JamioxLCZQks          362   76   53   96   91   46
   48 7647 YKoRBrJTMncEoy        361   80   87   64   39   91
   49 7059 KQN                   361   15   94   79   77   96
   50 5530 afTFDBKfkWt JfeKPF    360   95   58   42   80   85
   51 3415 EBFoeirexJATLW        360   76   27   93   71   93
   52 9193 vuocq MDLnLUahO       359   69   92   53   77   68
   53 9243 mCu zbALsyJzSOJcT     359   42   70   88   80   79
   54 2435 NhZzWnsAupaFU CbUwVD  358   53  100   96   28   81
   55 4659 Faa                   358   99   66   69   41   83
   56 1790 X                     357   73   89   18   92   85
   57 7829 KvqFOKrSBZK           357   51   64   64   90   88
   58 6538 WisEDMaUqjzjL         357   93   99   51   54   60
   59 6296 ISpxbi                356   88   50   86   43   89
   60 7026 xPczUBGzcZBXuB        356   69   94   25   93   75
   61 6733 Jl                    355   47   24   93   97   94
   62 6866 AyaLNRGmgSIceD        355   80   74   32   72   97
   63 7794 tJCvE                 354   63   59   95   53   84
   64 9669 EEURnzXdYLLCduQKIepH  353   33   95   84   66   75
   65 1443 PdiRlP                352   43   98   69   54   88
   66 8593 JDVWRlt               352   81   39  100   71   61
   67 5639 unYZbQcBLWQ           352   71   87   62   97   35
   68 1222 d                     352   76   61   75   40  100
   69 6043 FgrqNcZQJ             352   49   76   94   48   85
   70  849 FgIfBighWJNbyeVVT     351   71   57   55   68  100
   71 9026 ayNLqfMaZshH          350   56   52   75   90   77
   72 1597 szrFPwuuSFUopPE d     348   51  100   77   88   32
   73 8337 KZnJKyoisUCMzR        347   73   92   54   52   76
   74 4069 zOEeF                 347   79   82   22   81   83
   75 5520 HELuwrYcoXYEEyvpMQw   346   80   50   75   90   51
   76 1164 NkNlvuO               346   72  100   34  100   40
   77 3151 FIv IAvccNEB          346   92   55   94   25   80
   78 2484 hqeCJgxAxeCy          346   63   59   99   98   27
   79 7718 i emQzX               345   29   76   75   72   93
   80  926 eiIYBLDMitP           345   99   97   40   86   23
   81 4575 oS                    344   88   61   94   70   31
   82 3321 XIZFKCFiq             344   91   52   74   47   80
   83  477 GH                    344   75   91   44   50   84
   84 5923 pqzGCZHPeeCceTyjTxK   344   86   63   35   82   78
   85  482 cNWAzQP               344   85   78   92   57   32
   86 3637 Qc r                  342   97   86   65    0   94
   87 7954 OWFfAjpSWiGuAcCnCa    342   94   84   48   85   31
   88 1567 DQqaNRwLdmpBogfyOKA   342   68   83   67   99   25
   89 6179 QBpubOTrYnaXCxqSg     341   93   67   37   66   78
   90 7288 QNXeiRrUkFi           340   78   39   74   57   92
   91 4347 EAzoxgMpQaH           339   95   11   71   85   77
   92 8215 HedRiLtIVDJOUnBBJ     339  100   65   24   59   91
   93 3925 YyHHobqd              339   62   99   28  100   50
   94 7877 kaRUuQldXrv           338   58   92   52   55   81
   95 2178 SySn                  338  100   48   49   65   76
   96 4765 tOrpkBh krPjHP        337   78   29   78   82   70
   97 2041 Q                     337   38   70   48   99   82
   98 8510 aNkTQPeIAEdczgqCEYi   336   33   79   71   82   71
   99   40 yaDYOS                336    3   70   98   89   76
  100 4397 aX                    334   93   78   15   85   63
  101 6252 iXfGANIx              333   61   33   60   93   86
  102  987 RraKBRCF              333   19   95   82   90   47
  103 6596 QBVIMEQ               333   72   53   74   62   72
  104 5676 XHPffWtjkDH           333   91   12   85   47   98
  105 2431 ZLNULmPzAjl           332   92   78   34   41   87
  106 7036 wlLpMLQnhc            332   96   27   68   68   73
  107  391 qiTzxEVQViAhZ         331   88   56   74   59   54
  108 5307 DeIsBq                331   19   71   90   87   64
  109 9819 bRSbhqQmoz yzRfKxe    331    9   86   77   67   92
  110 2323 WaK                   331   99   51   16   92   73
  111 7203 UdllNpcliQUMnP        331   47   50   44   94   96
  112 6325 CpmOcyFNUtkE          331   81   37   59   99   55
  113 5003 RZtTLDgQIFZspaDXwRoj  330   94   85   18   55   78
  114 3064 c                     330   99   80   75   33   43
  115 9521 QEQzLVRc              329   56   82   93   73   25
  116 8268 dZZhrJgiXrBr Un       329   54   94   78   32   71
  117 6231 QphwpExrmzToKOiEvlLq  329   79   48   93   72   37
  118 8405 OkAHhVPJmhpjUZwBmgZD  329   77   95   70   46   41
  119 6916 yudwaBDiozTfDNmPwwz   329   60   52   85   51   81
  120 8998 ZwwPXhDYACrfAt        328   34   64   67   94   69
  121 2069 OxspyxipR             328   78   31   41   80   98
  122 8958 GNyBLnwDMNjNtYwS      328   61   89   42   63   73
  123 9700 fEMVHflRaa            328   75   18   95   60   80
  124  763 ZwqXsFvIXRdA yJR      327   72   56   74   43   82
  125 4478 bZ LDTwWn             327    7   55   82   96   87
  126 1954 NIvUQnMTfrbYffoFw     326   69   67   35   77   78
  127 8991 tJMxHTDO              325   32   54   85   90   64
  128 8501 jkicrXEIcWm           325   80   50   28   73   94
  129 4935 uCNW                  325   28   84   32   94   87
  130 9854 UQMp gxXiR            324    8   51   80   85  100
  131 9925 ZlkjMOnsmPw           324   96   89   46   28   65
  132 7213 QnyHNc                324   21   86   70   56   91
  133 9600 rihDlIcqL             324   93  100   65   10   56
  134  941 PjKmz                 324   78   75   43   87   41
  135 1143 dkCMzlgYFNiWbmLb      324   28   54   86   62   94
  136 3574 kMiABBTKKzQnGkAf      324   83    4   76   76   85
  137   77 gKbw                  323   68   78   36   65   76
  138 1337 hdNNEHU               323   82   56   62   56   67
  139 3923 BlyXCDnWztffw         323   96   86   18   72   51
  140 1105 bzKExdSNdNLtriKNth    323  100   53   70   29   71
  141 1970 TFvh                  323   82   71   27   49   94
  142 9411 dMyJossPsDvw          322   71   56   39   67   89
  143 2262 NEboPRGn              322   88   71   56   47   60
  144 4120 QsRtMibBAylutxQ       321   97   32   54   61   77
  145 1547 APpnUrHbHjdUmVozBYDA  321   89   51   15   94   72
  146 3498 anxEJmKfp             321   86   56   76   65   38
  147 1048 ca                    321   68   49   84   64   56
  148 6561 GVMBIJekuLJpUidkadjj  321   42    7   86   91   95
  149 3944 pZWltSAo              320   61   84   30   81   64
  150 3643 dQuJ                  320   32   88   36   93   71
  151 2744 EbPwdz eGbYIYYdspE    320   57   72   32   64   95
  152 8028 Md                    320   98   81   79   19   43
  153 8770 YmGuibuEBXHegSFVDkT   320   19  100   86   93   22
  154 7135 G ynGYbymKKsztK       320   24   99   87   47   63
  155  418 sOAKC hUBQpy          319   34   92   49   90   54
  156 9716 CTyTJQqLzK            319   53   97   53   56   60
  157 4718 HAMuCPf               319   78    1   87   68   85
  158 9963 OhHOIqu               319   23   35   91   80   90
  159  578 GqVqmvXIWBVY cGIomq   319   55   16   90   66   92
  160 9983 nI fCeaVtPAPpLcyehBo  318   93   32   93   86   14
  161 3260 pCrd                  318   86   10   63   95   64
  162 6532 NBWkRbX               318   50   59   53   97   59
  163 6093 uKtbHynlZzM           317   72   51   26   75   93
  164 2412 OIy                   317   85   81   28   81   42
  165 7359 PpSnnhQezfRj          316    6   79   87   72   72
  166 2981 XKkqsLbcDHF           316   50   20   94   85   67
  167 1086 cVfeFzeVJbM           316   41   67   83   76   49
  168 2681 AzYSskcnKHkjUXv       316   61   45   95   31   84
  169 3936 netJWJSOtuYVxtjpKR    316   53   81   95   73   14
  170 5819 CRYQfGavJKKH          316   56   89   29   78   64
  171 1869 huxcKvqsLL            316   36   74  100   80   26
  172 7836 nmvQLsp               316   47   89   58   64   58
  173 8656 UsPhnHcV              316   95   22   53   96   50
  174 5897 PPlMXmHwizeebR        315    4   83   29  100   99
  175  520 UxCrk tFW KlxnaT      315   54   77   58   83   43
  176 5245 piaFvVAokXcJBzmOLp    315   65   10   75   90   75
  177  373 pHtFeNltZyNFxin       315   71   86   70   36   52
  178 7772 CGFrFDvcRXUPwmlmu     315   35   85   41   86   68
  179 7403 ajJ                   314   45   79   55   51   84
  180 1849 ONPlchi               314   74   64   52   53   71
  181 9106 CeLymPMMyBAAxftg      314   52   91   72   89   10
  182 9692 DbgKjxgpiddeWLdiHY    314    9   89   99   63   54
  183 1159 OwzApYsugfmVgIZHltf   314   85   75   58   55   41
  184 2335 HnJwhqFeFnoBX         314   53   70   77   14  100
  185 6284 WRRpTFQzMGGA          314   88   60   57   36   73
  186 2838 rhf QbMbY             313   76   99    9   50   79
  187  624 JmpF                  313   34   59   99   63   58
  188 9011 l                     312   52   63   72   82   43
  189 8182 ldnaESPyrz            311   99   85   57   62    8
  190 5510 zRbGpcMvN oBuyik      311   65   93   55   58   40
  191 4366 rckCpxSchzQ           311   75    1   87   95   53
  192 6887 LDQvhScfgZlYmfoqCxk   311   44   95   72   99    1
  193 5359 UPI                   311   10   77   93   66   65
  194 7373 VVSdXRJMUQZrvtqvT     311   95    0   71   70   75
  195 9360 EtyMt                 311   96   62   53   71   29
  196 8586 R QBJ                 310   91   61   57   72   29
  197 2039 PNMJUegd BSbzGFOZ     310   71   27   51   99   62
  198 9993 IPlHRjwtzd yOMIZ      310   91   40   33   47   99
  199 1822 oXzQBGTxPKsXRzUc      309   73   46   56   41   93
  200 2828 YUYjtFNkHrARp cPAaCl  309   40   71   44   57   97
  201 6892 ilgAMBZAB             309   60   94   28   36   91
  202 4767 SlQRfclcxmCNnjJNA     309   49    6   72   85   97
  203 9542 IbcN                  309   70    3   95   79   62
  204 5182 Ce QTLJQbZ            309   75   34   60   90   50
  205 6104 jxaRJgthnnSq mQrNjG   308   76   55   92   85    0
  206 9096 xndOfukgDi            308   72   10   78   84   64
  207 6186 yRXHfRc               307    1   70   72   83   81
  208 9985 rCjdgEtvgUcRpKtaZV    306   13   91   75   71   56
  209 3839 QObmzNDmsciGoGiMaccm  306   26   54   72   89   65
  210  814 fMtKz                 306    9   35   81   93   88
  211 6760 PSXAoOCaTXEMxKFX      306   95   54   46   94   17
  212  692 dubeyRHpbhEfQdUdXI    305   24   62   84   72   63
  213 7552 ALQalJLe              305   86   31   41   49   98
  214 2971 jfAOxvo               305    7   71   94   94   39
  215  241 mVexAExFloOJ          305   97   16  100   34   58
  216 8911 yepDqJcCOrtJz         304   45   80   67   41   71
  217 2447 lxNQSCTlGAAvM         304   23   76   48   88   69
  218 9116 cLvIUXEsyqRJ          303   65   32   41   70   95
  219 3202 Cf                    303   99   24   51   77   52
  220 1975 yVeBnFqZnKjCRgJJt     303   64   42   87   49   61
  221 1242 slnufWKUgoRLwRtmOma   303   71   91   29   18   94
  222 1304 emIKjKebDHvuDqEeCWV   303   97   37   11   98   60
  223 3915 klzturooDppJiFef      302   40   85   33   88   56
  224 8011 hgFxKIEbvhQHhfhOAImb  302   13   76   35   81   97
  225 8537 BjxJZHuFjw            302   49   45   83   68   57
  226 7066 oVcU                  301   92   74   59   43   33
  227 1938 rgZ UcJvxIQtAwmh      301   66   45   77   46   67
  228 9470 laeTY                 301   65   94   41   56   45
  229 9420 XtiaZwtAXuZReGKfOr    301   57   84   85   11   64
  230 6834 JTcotqcAqXRLdcnpg     301   89   64   80   38   30
  231 6836 LwxUSWVHeunDWUpW      301   64   30   74   41   92
  232 8808 W                     300   57   37   49   89   68
  233 3255 JxvWQkqIhCo           300   28   75   63   88   46
  234  759 T                     300   80   48   60   95   17
  235 9039 GjNqSBFNUsnuYtOIKVwi  300   29   89   82   67   33
  236  792 bcexsYagnZCzTg        299   87   65   36   34   77
  237 9712 jCu                   299   56   50   55   41   97
  238 9314 lXykLMRrZEbeFVsY      299   41   66   85   16   91
  239 6317 ijCUvw                299   75   45   65   52   62
  240 1248 nNGxXjk               299   66   85   12   54   82
  241  368 BXfzm                 298   37   48   88   44   81
  242 9494 eGtvWJbNLbice         298   47   84   36   72   59
  243 1769 U MSKMzERAvWXxmfO     298   72    6   80   83   57
  244 6569 VVqeSjUzDpCH          298   88    0   73   99   38
  245 3477 qEWsHlEkRbR           297   52   77   61   60   47
  246 9982 p                     297   97   56   24   49   71
  247  621 SElkyNOGiArBOeXHzar   297   78   56   66   59   38
  248 8026 YGnVGD                296  100   45   70   51   30
  249 1598 pp igJIhr TgjVZaV     296   86    3   73   65   69
  250 7838 dtqWsPKSXBnVzYKPZ     296   72    0   52   97   75
  251 8698 RvNeEM                296   35   49   95   40   77
  252 6333 iSaIOZMGEV            295   24   88   71   56   56
  253 4692 PKdjWKBskClljLTuw     295   84   22   63   36   90
  254 4167 EGXfhTYqq             295   81   53   51   22   88
  255 5742 SrjziMLBvf            295   98   73   11   82   31
  256 4688 xwxOtnIQZrW           295   76   65   95   42   17
  257 3463 bugMFUDTcvethWwe      295   69   48   80   43   55
  258 9964 wSwtPrdU              295   56   55   30   65   89
  259  748 CE                    295   71   42   84   41   57
  260 6931 EnOfgvUJteJfqzflB     295   47   58   86   70   34
  261 7524 aUHdCWXjc             295   27   89   31   50   98
  262 8236 fxKJRz                294   46   82   69   76   21
  263 4530 rDmxVkmbcLUGiWt       294   56   81   67   62   28
  264  343 J                     293   85   84   19   79   26
  265 1616 sBYCzt                293   85   91   18   17   82
  266 1216 lYqdocTcHP GLX        293   88   94   64   10   37
  267 9722 eUFvOwMOZfGUW         292   50   89   59    3   91
  268 9596 OGJaUPgnXTeeEIeKFCz   292   34   10   54   98   96
  269 4451 vUmPgdu               291   78   74   31   53   55
  270 4577 mMdcljiZil            291   84   37   80   23   67
  271 4684 yiuPcFtnzr            291   57    8   95   72   59
  272 6408 ootzghRGR             291   54   71   74   86    6
  273 3892 mvrrc                 290   15   93   19   95   68
  274 9233 osoevU                290   77    6   70   81   56
  275 1962 RK                    290    1   79   95   37   78
  276 2040 WjQWrvFrUZxgWqk z     290   15   97   81   12   85
  277 7657 LNV                   290   59   37   77   30   87
  278 1928 uHWympgU              290   66   94   67   46   17
  279 9707 UZXadonf              290   74    8   57   59   92
  280 5648 AtqKQhSv              289   43   36   51   84   75
  281 7076 SyKSbT                289   90   83   70   30   16
  282 1584 RnpDeTkzdb            288   70   66   20   76   56
  283 9320 gdKOiMSLjXHjOff       288   16   98   38   94   42
  284 6016 KnbDIYYNBWHSk         288   55   24   45   76   88
  285  103 n s                   288   66   32   91   57   42
  286 7682 gasvd                 288   91   24   50   25   98
  287 1464 gUNizxOJdVQNRLAfMVx   287   59   10   42   84   92
  288 5989 YCjKEhZUyDSo          287   17   55   48   87   80
  289 7842 JhJVPcPuOaeGUmHDz     287   93   67   50   17   60
  290 3460 xEyMxkvroffCEx        287   35   54   55   61   82
  291 1659 tEkPqmG               287   82   94    5   71   35
  292  754 EOUtPKUK ZFEVfzKtpa   287   72   51   72   51   41
  293 3917 WIw                   287    5   59   58   66   99
  294 5137 pTUaoIHr              286    8   81   35   73   89
  295 1630 IgoCQvfUgz            286   80   66   47   35   58
  296 2344 LHivcwKrqw            286   77   52   64   48   45
  297 5809 lTJvk                 286   98   12   81   92    3
  298 4828 KADtPcAck             285   80   67   37   55   46
  299 3698 EJX rDQC              285   70   56   71   71   17
  300 4212 DoULYEnHNXsbvoef      285   56   46   37   82   64
  301 3166 scseQYSGB             285   78   80   93   30    4
  302 8312 QuCjfYO               284   76   97    9   55   47
  303 3148 RspWpEc               284   96   48   48   13   79
  304 4234 KspCUuQ               284   52   31   18   92   91
  305 7289 NhcmFbMGb             283    3   66   87  100   27
  306 1092 nQIHouAwT             283   77    9   88   90   19
  307 1465 uxmFkI xyoJka         283   85   23   67   15   93
  308 2084 UwsyFDWqaVk zBe       283   67   93   25   32   66
  309 6516 EtGbJALXcX            282   73   54   37   84   34
  310 7361 QQgtQuuNyfMk          282   72   83   25   17   85
  311 7214 gbHYONofn             282   37   64   90   32   59
  312 1892 SwTQefkrldw           282   89   73   64   41   15
  313 7677 ThuBYutzIqsQNICsn     282   31   17   89   60   85
  314 6728 liVNhfXLeq            282   36   52   94   76   24
  315 3696 C  VEEGxi             281   18   87   99   59   18
  316 6197 fL                    281   81   31   60   81   28
  317 6702 CTEqbLcLcX            281   65   48   98   70    0
  318 9098 jCxrxw                281   98   46   13  100   24
  319 3484 gfGiCdbsAJzQyLJXqh    281   51   65   31   87   47
  320 9529 AwYegDA               281   66   70   30   69   46
  321 8623 WAVqgfOwbpnpWuHhl     281    8   90   91   42   50
  322 3693 VBDzhpfdNPUMBup sqTC  281   60   87   27   44   63
  323 1514 D                     281   35   62   34   70   80
  324 7880 pJL                   280   56   47   35   52   90
  325  497 gfW WWpQolMl vdB      280   18    9   96   79   78
  326 1903 vXPcOm cHyuAaaYrG     280   30   96   26   81   47
  327 9921 yzTSj                 279   42   64   36   90   47
  328  102 Grt                   279   61   51   15   68   84
  329 4475 c                     279   69    4   66   49   91
  330 7366 Bm FquDuz             279   23   14   80   93   69
  331 6059 dkkCzo                279   60   86   96   21   16
  332 5591 WqRYMsDGNtHYnppJbo    278   18   68   84   11   97
  333 2538 SEORfldMlsmUIg        278   96   18   47   44   73
  334 2797 GPAFFfeefvzOk         278   97   18   63   97    3
  335 4999 B                     278   38   84  100   21   35
  336 5335 Qlf                   278   24   43   63   77   71
  337 9752 ooLOvyUHxMHL          278    5   88   51   70   64
  338 4333 cWsrupGqME            278   89   77    2   79   31
  339 2154 qGnyOHKH              277   89    9   99   68   12
  340 5187 motkyQvqekWZ          277   86   36   10   80   65
  341 6930 TdeGz                 277   52   84   60   75    6
  342  774 kzmg                  276    4   88   12   82   90
  343 4839 YdD azwztbqozYod      276   84   65   30   16   81
  344 8116 KdgFGz                276   52   80   79   15   50
  345 7501 yGfAc                 276   99   18   29   79   51
  346 4957 KJ                    276   80   41   19   72   64
  347 6769 ApHDRoT               276   43   72   83   74    4
  348 7148 qrfIgoVkRZmpSwREzE    276   67   37   48   28   96
  349 7692 InTt                  276   28   57   70   80   41
  350 5212 OYSO                  276   73   79   26   72   26
  351 4859 niPBFvFk              275   32   50   67   59   67
  352  167 cH ZqPLOQusw          275   52   91   18   64   50
  353  447 ZqjRHLz               275   41   44    0   98   92
  354 1826 RNbHAKGy eNkZsVdwSO   275   65    9   70   59   72
  355 3038 eHLARitQ              275   39   83   66   84    3
  356 9801 WhfLA                 275   64   95   23   49   44
  357  768 KKIwnn                275   25   92   57   44   57
  358 2924 IztpMFyU              275   89   13   71   93    9
  359 3900 sixjafDX              274   73   54   33   73   41
  360 1885 BYUoZVZpqBGJJlac      274   51   56   59   91   17
  361 1829 psvjZzVQdQtonOhzxZ    274   94   25    0  100   55
  362  298 ipDhxVvNMt            274   46   89   28   75   36
  363 7722 f                     273   34  100   93   31   15
  364 9208 IXScyuWwhW jVzfoyCY   273   24   88   82   77    2
  365 6402 fbUbbVIlMGKBNNvb      273   92   66    4   74   37
  366 7672 PIbAzjVeeOISYMmcZoY   273   96   55   23   79   20
  367  896 QNgnP                 273    7   69   98   20   79
  368 9119 lHJEeADrtx            273   86   48   24   64   51
  369 7530 SKYoFlsDewtSflmWn     273   92   76   13    1   91
  370 4812 hdgXfX                273   48   76    6   52   91
  371 9250 ciK                   273   95   58   38   64   18
  372 7805 ewshzrmlhkjb          272   96   48   21   28   79
  373 1484 sKaOTp                272   50   99   45   58   20
  374 1394 vMWxQtVygqgZ k        272   66   71   56   70    9
  375 4733 HEnLDFWxwKTrInCPWQw   271   13   80   83   12   83
  376 5390 sRTjI                 271   76   83    9   76   27
  377 5941 TtMxV                 271    0   61   49   88   73
  378 8154 LJyddmOUdHx           271   92   90   58   30    1
  379 4430 BKDErdW               271   99   12   48   43   69
  380 8295 DKNotNUyjOedCQuQWTaU  270   43   95   93   26   13
  381 9644 aGvv                  270   16   21   73   60  100
  382 5269 kEdxShUFRWcjcFhmWL    270   43   92   73   47   15
  383 1686 RBplMcp               270   35   20   90   97   28
  384 3659 zavqvOoetsJ           269   69   80    5   26   89
  385 1173 koxAHRQK              269   71   44   98   27   29
  386 9873 uwuWfQxe              269   35   90   59   71   14
  387  627 i                     269   57   58   55   29   70
  388 2611 bybVcnum              268   43   78   65   72   10
  389 1072 blYgr                 268   36   88    6   90   48
  390 1491 Zp                    268   19   28   75   70   76
  391 3326 SEmZzQhypKsqFmjxH     268   85   30   44   37   72
  392  740 hRkQDEGFLu            268   86   69   36   38   39
  393 3834 vrt rmKvAiBwpJiKy     267   36   97   33   42   59
  394 1130 YpBZJicxksaDjh        267   21   75   64   19   88
  395 6990 kWTQNPakAu            267   78   81   31   61   16
  396 5806 auY                   267   56   90   11   39   71
  397 8694 YSNJ                  267   22   52   87   61   45
  398 1127 eQF                   267   28   60   96   53   30
  399 8849 rgDHfWUuRpClQ         267   77   76   70   40    4
  400 2862 VRAEJOShhV            267   94   59   62   10   42
  401  334 Mq                    267   79   99   68   17    4
  402 7763 XLseUwqzYBcYFIVCle    267   17   56   96   84   14
  403 1493 c                     267   70   69   43    4   81
  404 5949 ulRyFswFmvtY          266   68   58   68   33   39
  405 5976 x                     266   60   39   91   72    4
  406 4261 tTBn                  266   89   28   44   34   71
  407 9783 ohVNLWZGwG            266    1   49   77   87   52
  408 7302 GRVSZnQ               265   43   67    1   55   99
  409 5668 BgxUdWlYLWKjMxPauLG   265   28   39   71   73   54
  410 4940 yMnKWaRW              265   48   34   27   94   62
  411 9920 XDwyLFyXVPKPsr        265   42   94   26   42   61
  412 9122 OGGYyMkAWyNFiHIFhB    265   92   57   67   36   13
  413   14 DwjDwV                265   22   68   77   35   63
  414 8790 toKUbqpSwcKeAG        265   64   89   12   84   16
  415 3602 WAZmYSy               264   91   77   45   26   25
  416 1177 RwlXHTNxnqaUA         264    6   54   73   75   56
  417 9828 LufQTvg               264    8   61   98   27   70
  418  920 JLOVkTzcPtKIqu        264   84    9   14   85   72
  419 3988 QOSZMGEHdMCIVR        264   56   57   82   57   12
  420 7278 rD thbCbYXL           264   79   37   57   74   17
  421 2126 tV dKzOjpvtRR         264   30   84   87   13   50
  422 9057 ctoPGtWOwuzmmWvNocDS  264   57  100   50    6   51
  423 8165 xdU s diZNKhArW       263   32   72   23   47   89
  424 8329 QowraRuNWftuHdD       263   82    2   63   94   22
  425 5412 CknwQlPnCX XEEA       263   65   56   57    9   76
  426 7393 NesWVSZjLMoxU         263   78   74   56   31   24
  427 7326 xeuIKHD               262   10   23   89   79   61
  428 2026 YdsgDAZTDBClGeJeSand  262   43   28   83   72   36
  429 9640 OvNdOtgpCWL           262   94   30   37   75   26
  430 8423 eNUo                  261   39  100   99   21    2
  431 8442 FbvrOsEzx             261   97   47   30   10   77
  432 7454 zcLhNbrAobN           261   58   36   33   44   90
  433 4842 ZCYmfbE               261   75    4   70   15   97
  434 9709 TrBEBcuxrf            260   43   44   12   81   80
  435 1671 LbUyYjH               260   60    9   82   77   32
  436 7065 uFRNyxe               260   60   23   83   91    3
  437 1103 OL                    260   35   51   88   76   10
  438 6285 OZPaZcokKdQNaaBx      259   17   15   76   80   71
  439 9587 QLfJFSOJEhPghNFP      259   42   59   20   99   39
  440 2896 vvdIppop              259   36   97   30   77   19
  441 2387 FEzVRdqTzZnZh         259   50   50   61   19   79
  442 9834 oVyzljNjYAKwL         259   32   74   69   54   30
  443 4350 GgvOuSePZRyU          259   91   43   33   92    0
  444 1559 ssHsJE                259   16   57   15   74   97
  445 8466 rDJBdajCTwMGsGvyN     259   54   16   97   56   36
  446  660 se                    259   39   62   50   87   21
  447 1044 Cden                  259   89   87   14    0   69
  448 6770 iAnbXPxPdpOsmwk       258   13   41   65   44   95
  449 7088 PqTOfZCyrPSghoYWqmh   258   96   50   35   41   36
  450 8741 ZYkGBjMaZneOJY        258   37   24   65   51   81
  451 4263 MJDpGAmGdaNXbObXoDNs  257   42   84   62   20   49
  452  410 BYHygndjiZcZmAylH     257   97   62   15   73   10
  453 2604 yWqRbCddUrk           257   48   93   43   36   37
  454 4003 CariHVSeuV            257   74   45   41   92    5
  455 3289 NLGjvJ                257   92   75   43   10   37
  456 7182 xDNanpEFpZZYNdJbIGze  256   39    7   71   53   86
  457 9493 uZEuVCpaWUUTvLuJOlBB  256  100   38   29   77   12
  458 2871 GeYs                  256   64    9   82    1  100
  459 2976 keyattFS              256   81   66   52   22   35
  460 7853 hQB                   256   64   57    3   51   81
  461 9118 hx                    256   36   32   24   79   85
  462 4529 K                     256    0   88   40   58   70
  463  683 MfA                   256   19   82   91   48   16
  464 2031 ZdQvSdIIRpx           256   42   33   47   74   60
  465 8861 mDyuoejjmHwvTedJzBrg  256   39   24   38   88   67
  466 5596 KkFdvNXxaIi           255   93    9   77   76    0
  467 4805 xAhRiPmUaeuhyxu       255    5   88   29   48   85
  468 7958 gcWuPezUCGC           255   64   87   42   51   11
  469 8432 qRtYXI                255   33   66   65   27   64
  470 9412 Yzw                   255   84   35   33   96    7
  471 6400 SXOGUJ                254   29   40   99   70   16
  472 5204 DuDpdW la             254   98   78   30   18   30
  473  238 OsqR                  254   77   59   92   10   16
  474 3403 ZZjFaNPFr IPadtab     254   10   73   28   65   78
  475 6918 vybJbbzAesTEqxiZmxG   254   99   39   19   69   28
  476 7536 LanJOxPajJPTWBN       254   70    2   22   70   90
  477 8899 JKwAPWJQetTOgbfDr     254   62   39   57   73   23
  478 6140 DuHVQvd               254   21   77   76   21   59
  479  438 qFnQdF                254   18   81   75   21   59
  480 5611 cqrKxnoSF             253   82   19   26   91   35
  481 5557 qylWSX                253   68    5   59   79   42
  482  921 yphFoOhwfUhecc        253    6   82   71   91    3
  483 2875 UYQxHpWEwhScakOZNoT   253   73   56   76    2   46
  484 1795 BOUFOyPssJfH          253   31   42   40   50   90
  485 3235 BxoyGlRgxpaZ          253   96   27   82   17   31
  486 6489 rRICfpYYiWm           253   53   91   21   32   56
  487  349 cG                    253   15   60   88   15   75
  488 7324 RrWNun                253   53   27   71    4   98
  489 8559 lvXm                  252   46   20   86   96    4
  490 5372 nkfJPGKhYCmmAqFQlpB   252    0   53  100   51   48
  491 3564 Qv                    252   48   89   71   33   11
  492 3489 XKmQBzajm             252   65   30   96   44   17
  493 8384 rygwyWTbSAeMoXo       251    5   35   96   37   78
  494 3642 aiX dBO               251   68   25   76   71   11
  495 7291 kmnncd XfReApwO       251   62   23   78   72   16
  496 5788 wubbmtPtvLvRQxltHuU   251    0   96   74   32   49
  497 2209 ngbhJfOiWzgB          251   40   48   86   54   23
  498  525 bDVfnCYbFzE           251    3   79   84   72   13
  499 2233 rKipyieMCXmdoXxE      251   33   44   77   81   16
  500 4250 oLbFOoIDo             251   25   56   66   84   20
  501 1132 fh                    251   92   32   93   34    0
  502 3865 LKnqSbEYYBUnz         251   82   55   40   64   10
  503 3514 ddlgkeMB              250    0   83   57   99   11
  504 4845 iVkCWDv               250   60   74   38   35   43
  505 8973 LabDNWvTO             250   98   32   20   31   69
  506 6211 rTel hBDzZwUjZ X      250   18   77   49   32   74
  507 5236 WFLtlU                250   29   25   77   70   49
  508 8054 inqk                  249   46   73   92   12   26
  509 9228 scTHDqBPf             249   39   31   53   34   92
  510 6466 YKMEAabZeyVcj         249   84   56   17   61   31
  511 5130 InDSbHGsXgNbUtGhln    249    1   58   36   94   60
  512 6973 QtCjOgvbWM            249   34   48   38   72   57
  513 3014 WrYOsAw               249   57   80   20   65   27
  514 2526 VHRJNNrpxq            249   27   73   43   41   65
  515 7855 XrgIPVX               248   80   94   34   14   26
  516 1366 PG                    248   66   10    3   74   95
  517 4402 exvBgiznlhSywBBKoU    248   48   16   10   92   82
  518  483 wGsSSXwizojagIuaEANQ  247   53   56    1   80   57
  519 9822 HSF                   247   27   91   53   75    1
  520 8826 UCj                   247   69    8   65   53   52
  521 7079 iyRyu                 247   48   25   21   61   92
  522 8724 idCuMiRQL             247   51   20   17   72   87
  523 7782 tVRcdeQmgnkvnDscvSoD  247   15   72   26   71   63
  524 6948 nrqhfCn               246   52   66   27   35   66
  525 8148 rfKs                  246   84   36    7   44   75
  526 5161 ygNAdIpDPdhjRbHRYC    246    4   44   73   97   28
  527 5347 OAfFrABCv             245    4   81    6   85   69
  528  134 RlvBOwKaFOBwZjFCfSk   245   47   80   49   31   38
  529 3899 yqQlYKbGkobIf         245   27   37   74   26   81
  530 8913 JoSujzeW RkdcteXu A   245    2   86   38   57   62
  531 4365 mFuvpnguIpoecH        245   53   37   56   32   67
  532 6974 WzjptnJpQMY           245   13   44   53   87   48
  533 8659 h                     245   38   37   84   59   27
  534 7342 GZ                    245   27    7   61   90   60
  535  178 vrUbEScZLEtUmz        244    6   44   92   95    7
  536 5331 t                     244   25   29   33   88   69
  537  807 yJkOgzwKWXVGKLT       244   36   88   92   19    9
  538 6441 xYxQDA                243   35   88   24   23   73
  539 3467 nuKXgz                243   78   35   58   56   16
  540 8880 lvlBrokpUfn           243   81   69   67   24    2
  541 2459 MMzSER                242   58   37   28   83   36
  542 5431 ILSzbUE               242   65   26   15   59   77
  543  736 XaKjLQCZvx            242   64   75   46   25   32
  544 2659 aYwFkkmAEJ            242    9   84   10   65   74
  545 8788 eagxDhpquV            242   51   63   38   68   22
  546 2628 lyDmhnPyvdQlTOA       242   37    5   39   75   86
  547 6747 zUrNod WN             241   81    4   50   95   11
  548 3504 UFFupICHkhjDtpk       241   64   47   77   41   12
  549 6526 XelHTVOpfkAWLvXdSm    241   95   68   56   18    4
  550 8118 kdyluqT               241   43   32   59   22   85
  551 8106 G bAIulkBkNWAFMGaR    240   54   49   98    5   34
  552 8027 wKoLSaGTmtWAoHqxKZ    240   81   42   67   28   22
  553 6338 BHIAkwzIU             240   59   56   56    8   61
  554 5781 IbeRFSkpcTPnnX        240   24   13   92   70   41
  555 7854 QGiTPIGFRlnKkFpT      240   29   59   95   29   28
  556 3089 XNGmOIPUXWg           240   10   71   29   41   89
  557  214 kwpcCaPcK             239   23   85   43    1   87
  558 3708 dXOjohEwytp OY        239   31   31   82   94    1
  559 3124 O                     239    6   21   99   89   24
  560 7731 cE                    239   41   22   59   45   72
  561 5653 WipVtOWBagufrCiTAzLO  239   44   16   96    0   83
  562  638 kSupuslIqpucfF        239   17   31   84   91   16
  563 3714 idWmJXmp              239   80   75   23   58    3
  564  395 oRZvjLlSoEPJX         238   73   12   22  100   31
  565 1724 C                     238   57   40   24   64   53
  566 9170 UtVFPMvCTONUeGWs      238   65   70   70   24    9
  567  200 nUs                   238   12   88   49   72   17
  568  539 cljcpGIylrQ           237   37   51   90   58    1
  569 4764 Lac eByTZACI          237    8   61   26   86   56
  570 9769 uiSqgGaxzdrDNi        236   99   27    7   60   43
  571 7539 vsIFvwQJ              236   11   75   48   71   31
  572 7335 zxfaFQGux             236   67   87   22    8   52
  573 5272 wLSgMYPrncZHrphsPNqN  236   22   40   60   42   72
  574 7325 c                     236   43   13   94   32   54
  575 7007 Dy                    236   25   68   31   81   31
  576 6739 XPxCQvTzluh CRnj      236   75   31   43   81    6
  577 1391 IJZQVwkwnIc           236   59   25   94   13   45
  578 2097 QudvywJ               235   81   30   52   46   26
  579 8338 jVSZ                  235   85   49   18   45   38
  580 3646 UFTVLA                235   25   41   27   61   81
  581 5903 rTONlqOlZOeOaR        235   13   16   93   45   68
  582 4656 rqTucM ZC             235   17   24   80   94   20
  583 6057 wkwtVXRKJFLy          234   93    9   53   73    6
  584 7119 kmrhLDPn              234   92    1   66   35   40
  585  510 W                     233   37   95   10   45   46
  586 1145 KoKWMWtwRuLh          233   54   62   25   82   10
  587 1168 tEVYW                 233   56   44   51   36   46
  588 6320 yQXqeQkFjx            233   66   53   16   55   43
  589 9236 O                     233   12   48   78   65   30
  590 1825 Hm                    233   39   49   45   64   36
  591 8187 fQTuJFwXMKwB          233   65   15   75   63   15
  592 8824 HxEpERYYuEccVJ        233   64   42   42   66   19
  593 1253 BkispXmcr             232   60   67   52   13   40
  594 8663 OkZsLsqL              232   76   40    5   94   17
  595 8456 rLi lEJcysjqXzoQPxr   232   95   29   16   26   66
  596 7186 XLPhuQDFqVsUI         232   66   61   90   14    1
  597 3867 HIfwr jQYwBVk rLDu    232   71    4   81   66   10
  598 5341 BGuOnxDXlbxEF         231   10   86    2   76   57
  599 1843 DGtGZFt               231    1   32   45   92   61
  600  885 TxnChBebNFnsI         231   41   55   39   32   64
  601  500 TYwJPZVmHvDWFCIeJF    231   27   29   38   62   75
  602 6514 dxCZUqXo              231   60    3   52   43   73
  603 8332 GfyDsXGYtl            231   51   37   18   30   95
  604 8324 iDdv                  231   94   23   25   30   59
  605 9867 IOKvmzZjVreVPLoeWbB   230   43   99   41   47    0
  606 6925 GUXlDdCNhDPHvLBH      230    6   13   82   87   42
  607 2238 dAScPMblTYphAIIkMOC   230   21   65   63   48   33
  608 1600 kNkRR                 230   52   75   64    7   32
  609 7648 zYutzyJXmtA           230   43   20   37   37   93
  610 5098 aieNDlIZ              229   54   51    0   98   26
  611  535 dsQDkleRjtlF          229   65   17   88   15   44
  612  620 VfADJwtpTXUkHaLGF     229   30   25   41   75   58
  613 5216 SyhRmq                229   44   17   42   83   43
  614 6995 Vu                    228   49   91   13   48   27
  615 2451 IUHrw GkkZLE ecSWESI  228   98   23    0   26   81
  616 3670 wLWbu                 228   52   59   29   26   62
  617 6430 RtIPzFesNOHN          228   27    2   96   75   28
  618 8495 rsRFOAsxAEBys         228   50   42   68   42   26
  619 7586 MhHJGTtgZYBofOLjr     228   44   38   81   56    9
  620 7716 J                     228   38   22   83   43   42
  621 9162 nmnrcdeCfneJwDinmd    228   71   32   25   49   51
  622 7935 HlZay                 228   46   59   17   50   56
  623 9378 jhPLbzKFCgxK          228   83    6   81    3   55
  624 4680 EmI                   227   50   11   86   74    6
  625 4824 BWHBwZhFAltmPL        227   58   54   99    0   16
  626 8674 KrHaiO mKSEjSzPbsOEZ  227   39   23    3   86   76
  627 8381 phJAcHy thnauTzySDG   226   51   28   47   37   63
  628 6786 wPxez ZweWE           226   56   54   10   35   71
  629 7523 BPwacR                226   17   62   73   67    7
  630 5627 weZY                  226   61   35   49   12   69
  631  542 gYbLgWYzqMxQG         226   19    8   81   83   35
  632 6089 bfuRrigUflz           226   65   15   26   68   52
  633 8831 EQbZEqSG              225   31   17   87    0   90
  634 7040 fYyhKK p              225   16   44   94   69    2
  635 8967 SgmSUHgVqF            225   10   19   75   61   60
  636 4913 BXZkQIshMvQlnf        225   53   37   50   11   74
  637 4417 ehpLjhJsYZhfBS        224    4   91   92   10   27
  638 2149 WfiTc                 224   44   72   80   22    6
  639 4401 jTkAxBlWjZupgk        224   62   62   42   48   10
  640 4012 XLmTCbKnhLJIISy       224   73   59   24   36   32
  641 2608 HNhLUYAzWEtu          223   17   56   97   25   28
  642 2767 lsHNIpF               223   99    3   14   64   43
  643 7729 YJdADyziNjlDyeL       223   42   74   33   56   18
  644  797 BwVaYt QuK            223   65   70   17   27   44
  645 2693 WtfyTpyupyAtalvWGViZ  223   24   81   21   62   35
  646 7494 YOy                   222   65   13   46   53   45
  647 3935 qWXRvkSDrIyVPTYb      222   28   56   66   42   30
  648 7847 olpdTzFmyypAD         221   83   20   13   95   10
  649 6496 FSVFHCndsEb           221   89   60   29   29   14
  650 9630 FCOykpv               221   72   40   41   64    4
  651 9995 kuMcBUHD              220   17   90   41   54   18
  652 1064 sYDmQ WqyFpCViWyzw    220   43   14   80   65   18
  653 5125 fbBbrrKHaIwaC cwh     220   73   85    1   56    5
  654  172 f                     220   11   11   82   56   60
  655 3939 C O QeZ LIEkagjluJ    220   91    1   37   69   22
  656 3090 ejiCexKPNKNKgsqn      220   80   48    9   83    0
  657 2011 S                     219   21   35   75   62   26
  658 8104 RntERqQDYLNjOJcuPEiM  219   51   25   45   20   78
  659 1824 tpnBUGUBDInU          219   21   10   82   37   69
  660 2195 xBl                   219   60   44   71   40    4
  661 1452 ioYyguyCckVPx         219   80   17   41   13   68
  662 2605 xM                    219   62   11   33   94   19
  663 1384 XcuZFfWv              219   79    2   45   93    0
  664 4358 CWB                   219   33   34   78   49   25
  665 6446 DyNzgaUXLDLdmCejPuz   218   14    1   96   72   35
  666  911 mf                    218    0   89   75   28   26
  667 5434 edLNtzPAKraH          218   82    6   23   52   55
  668  555 FnDoFXwynN            218   86   69    6   33   24
  669  534 OySuXA                218   18   14   73   99   14
  670 8198 fMEEkj                218   34   44    6   61   73
  671  164 UeYoOyN RyUYst        218   21   35   29   55   78
  672 3760 COHNMbJJqJV           218   18   14    0   86  100
  673 6793 zdYAVPASVElvXHvSRi    217   64   24   93   15   21
  674 3554 gnv                   217   94   30    3   71   19
  675 6055 fZR                   217   74   54   10   42   37
  676 1932 yijyKBsjyRP           217    2  100   73   33    9
  677 6113 kHAzCCLqWz            216    1   44   76    8   87
  678 3773 xEFVEw                216    4   78   65   32   37
  679  701 LyDMxUayBF            216    1   41   78   37   59
  680   88 oycAeTIJdxMY          216   90   47   14   19   46
  681  437 KRUpQidx              216   53   15   12   60   76
  682 5672 jzadCTIbapBJ          215   13   10   84   37   71
  683 6118 wDDRyMKUZOwI          215   15   79    6   74   41
  684 2505 OoBlWLKKYXyiJ         215   29   46   83   22   35
  685   44 XcUEwM                215    6   60   94   31   24
  686 8308 tpFR                  215   27   49   15   34   90
  687  687 zhnljhmzw             215    3   97   48   63    4
  688 2398 GNPRoHgBcJUte         215   78   85    1   31   20
  689  597 XKimGUahnGoeFiyC      215   26   55   43   47   44
  690 7268 HvXYJlldmFiVhgHP      214   84   13   19   66   32
  691 3209 jMC                   214   99    4   61   31   19
  692 2582 BvTqYYGtIfCZsaPPdPf   213   21   69   33   75   15
  693 1927 LfvEpROtigxXOqSOg     213   75   14   35    6   83
  694 3549 QiCZiZLV              213   12   10   88   18   85
  695 8060 AenCoTPIv FAUjii      213   33   52   56   11   61
  696  679 EuDjeIzPQoYSvmnrCr    212   28   12   67   85   20
  697  514 eYejdMKzWcf           212   76   66   26   26   18
  698 3891 LPiRu                 212   16   82   71   21   22
  699 3516 vB NDtDoyovwOWVCzDQ   211   69   11   37   10   84
  700 4783 xWlYbWjCHR            211   20    5   62   60   64
  701 4988 rAdYZNHwvyQoBMU       211   31   29   53    7   91
  702 7791 zXoXMPmhii            211   84   15   96    4   12
  703 7863 uCgP                  211    8   41   38   27   97
  704 7049 fledlM cufH           210   53   26   58   24   49
  705 9289 zoJLOlvs              210   90   69   17   30    4
  706 1996 bZWxcVSAGAqHe         209   27   85   47   16   34
  707 5552 QQvertfWsarpOhS       209   36   48   23   70   32
  708 3976 jS                    208   16   18   89   53   32
  709 9825 Afz fOcMtFlmEflyard   208   18   39   81   70    0
  710 3664 YHeqyqWL TEFKWNOXLl   208   54   48   74    5   27
  711 3267 UN                    208   53   19   56   23   57
  712 8233 ThXzgHcqHZIcXtlZUq    208   58   65   35   34   16
  713 4600 ywKPWWitUN            208   60   93   41    3   11
  714 1360 YHXVMWfXVSIO          208   19  100   84    1    4
  715 6413 GvbGuWUkOd            207   75    0   62   62    8
  716 6719 QQWJjDKocTiMCX Zz     207   44   53   78   25    7
  717 2325 tULoosAmVNHzIX        207   72    4   22   33   76
  718 3945 IGMozZ                207    5   27   59   16  100
  719 2102 kucowNiUq             207    7   76   16   93   15
  720 6576 mqDpNRktpKpCnyrUcj    206   92   10   67    0   37
  721 2705 sZvrM                 206   32   10   84   34   46
  722 2815 KD                    206   55   35    9   34   73
  723 6963 vdORUTabkpwk ODeoV    206   14   35   36   47   74
  724 8603 VWKQiOscx             206   76   11   31    8   80
  725 7304 ts XxPDBLaRGLwyoGN    205   22   29   17   58   79
  726 6763 YdnpPDPgdrOq          205   75    1   12   97   20
  727 2713 obWpsUQcROCUbgE ULC   205   56   13    3   68   65
  728 1636 gGdz ojGS             205   20   88   30   36   31
  729 2494 SoxCu                 205   58   12   40   92    3
  730 4224 rmpIPJqSdTbqY         205   52    4   20   64   65
  731 6780 LnYbTramlJYoWw        205   35    1   28   55   86
  732 1170 QyLQGyzLRYoI          205   95   13   41   46   10
  733 4278 WKUbhYecDFfwqMSjVuxw  204   67   46   17   66    8
  734 3625 ttgPeV e              204   38   73   44   42    7
  735  600 nsCBCrqPwzxohie U     204   29    6   72    7   90
  736  665 QdnRqZjzsJaBqzHDz     204   61   25   37    1   80
  737 9723 STrYqwgfRnYzYJcO      204    3   70   21   71   39
  738 1772 xMaFwAPGScQpdBNXB     204   52   24   49   20   59
  739 6814 FQGQtCKfppmgDgP       203   16   81   58   36   12
  740 3280 QauPLimPCiBHZnaJ      203   74   17   37   65   10
  741 1126 Gp                    203    8   20   38   59   78
  742 4838 cobBgcprTpSPLnJ       203   69   16   47   32   39
  743  508 ZpKIDHoDPIharFjfwIzx  203   94   67   28    9    5
  744  362 BVSUPMns              203   52   14   28   18   91
  745 6095 RYBlZus               202   21   49   32   26   74
  746 6023 tHYabWLUZVIrMEq       202   83   32   60    1   26
  747 3754 RPVZ                  202   28   58   45   10   61
  748 2864 QRJeGgppsv            202    5   99   53   10   35
  749 5904 kOmchWmixZSTeiIjnSs   202   12   33   65   40   52
  750 7139 UTeorG                201    0   48   52   81   20
  751 6628 nAgUjyy               201    6   30   54   83   28
  752 4691 hI                    201   55    3   82   54    7
  753 7209 vfgpPHTC              201   44   19   25   15   98
  754 1154 vXkadM                201   34   77   27    0   63
  755 7126 JS                    201   71   11   12   74   33
  756 2752 BFtXTjHtNvHdi         201   89    6   42   58    6
  757 1842 DccDUxgvcQJp          200   93   47   56    1    3
  758 4993 N                     200    7   46   65    9   73
  759 4939 GyCafDpczMqEcEZgoF    200   39   12   42   41   66
  760 6297 eSxHxRnop Sh          200   11   57   60   44   28
  761 7813 s                     199   39   30   55    8   67
  762 2607 AFySWfQ               199   17   13   60   31   78
  763 4306 BRFtzTMMfJtP          199   14   94   22   54   15
  764 9673 t                     199   36   35   38   32   58
  765  565 dQTVrSmLTqOJ          199    4   82   49    5   59
  766  258 VNUeQyLgDQsfTykjO     199   35   39    4   99   22
  767 4073 sWYFaedjCgHZgkERwjp   199   79   17   15   27   61
  768  331 iAxMGuSIUVEexoFgy     199   39   18   75   29   38
  769 5773 VkkiCakM              198    6   80   62   39   11
  770 3404 HG hgUINGXWcdRkMzp    198    8   20   59   20   91
  771 4030 RzYtICA               198   17   24   89   65    3
  772 6880 qzyqFAxUgHRTjDJCdHaz  198   63   32   70    2   31
  773 4922 DWZin                 198   58   35   55   33   17
  774 7356 moDKYvIeFLkO          198   33   33   16   92   24
  775 6294 hcdL                  198    8    7   31   97   55
  776 1479 JOAtmLWI              198   25    9   93   49   22
  777 8421 bF                    197   18   35   59   84    1
  778 2578 mHysRwN               197   32  100   37    4   24
  779 2260 sSe IsOrpcmPPPJlmGJI  197   87   33   15   22   40
  780 1728 EUZhEzQfIxWwmiOT      197    3   74    9   53   58
  781 8285 Wya                   196   21   36   71   65    3
  782 6771 BvyEPoSwuYdc          196    1   32   35   45   83
  783 2135 oTlBRACbKwIY          196   81   12   79   20    4
  784 9128 nG                    196   37   33   46    0   80
  785 1364 SnNHCanyPAAMHEC       196   22   95   13   66    0
  786 8782 YnwfxwGBfYSIUxtwgc    195   80   36   15   50   14
  787 5294 a                     195   91    4   12   12   76
  788 6208 ZOfdwdnxrNkFLcilTg    195   63   33   41   28   30
  789 7814 crkUxXi               195   55   34   79   15   12
  790 1609 PDORu                 195   89   27   34   12   33
  791 7600 owITdzOHrwdQHXgv      195   72    6   19    5   93
  792 8166 hQcrAAo               194   80   20   57   27   10
  793 1115 HLS                   194   58   46   21   41   28
  794 2471 DxbpqUUMwAj           194   41   16    2   91   44
  795 4933 uLcqNFAvAbl           193   25   71   57   20   20
  796 7797 AeNEnY                193    2   95   40   19   37
  797 7375 ulDRGdvqaCwDTMXUQZhY  193    8   37   58   24   66
  798  843 CYaGhsFI              193    5   92   17   30   49
  799 8627 y                     193   21   26   15   74   57
  800 5807 mwpqp                 192   61   36   31   52   12
  801 5688 MqPx                  192   52   10   10   36   84
  802 9097 YPRMQ                 192   46   10   49    0   87
  803 9984 PQHHNtx               192    2   46   57   77   10
  804 1238 ymNkVGQtVcKMEru       191   14   17   35   45   80
  805 2787 RygwsSVHkPIuIJmck     191   99    4   11   46   31
  806 2042 BCODLkMCuko           190   62    6   83   10   29
  807 6135 bAmeVqrO              190   23   10   60   91    6
  808 8480 tbuRNqZBLstVcoE       190   11   34   24   49   72
  809 7535 NJiwqUrTdXXg          190   21   34   23   96   16
  810 7421 vwdyOKCvGenxj wuPVaJ  190   46    6   80    9   49
  811 2660 au                    190   18   60   23   31   58
  812 3729 cxjjOjdZtVykTGJH      190   44   71   32    4   39
  813 7055 RJGToqDmVyIXfm BG     190   69    5   75   39    2
  814 8056 CrzAm                 190   52    1    3   76   58
  815 7558 CEnHbcb               190   56   11   13   40   70
  816 3254 Kw QmIskyp            189   37   51   67   28    6
  817 4677 LIYzqFZECMEsTzUAG     189    0   71   44   62   12
  818  129 jK                    189   16   48   61   57    7
  819 8408 GTJNS                 189   99   25   15   11   39
  820   75 LLz kOorfPuNJC        189   71   72    6   28   12
  821 9945 uraBaamOF             189   87   31   14   13   44
  822 8070 oPhGYleNLhuMqo        189   92   22   14   53    8
  823 6588 gIIVKkIMziGhEAB       189   29   34    9   59   58
  824 5192 dlKbuoggzxgZ          188   47    3   27   53   58
  825 4272 ePypmtgYtPOTOAffg     188    2    7   47   39   93
  826 9694 sEalKXfbWjZOws        188   42   21   25   90   10
  827 5033 JlanfiZROaNPuir       187    8   27   85   32   35
  828 4769 iUeTrNPxrp            187   12   25   45   52   53
  829 5664 BoHOMzHeAB Qq         187    3   77   51   22   34
  830 5339 kmp                   186    3   28   78   28   49
  831   16 WoWyRtjRxLyHkTdXewoh  186   44   66   46    5   25
  832 2853 RCuxmKhzyiTVDI        186   88   43    5   12   38
  833  895 CRoViGedoQRfKjtdmvs   186   85   14    2   17   68
  834 4357 H                     186   56   62   56    5    7
  835 1392 ljTWOZpBCFoSvstCV     186   34   52   37   36   27
  836 9566 wlrnEssAHMDPNqMj v    186    9   82    7   69   19
  837 7460 VctjSodTpx            186   62   29   30   49   16
  838 8936 XqNm                  186    5    2   41   59   79
  839  666 PWDcnCgHbQYcbvBNx     186   91    4   20   60   11
  840  119 mS MgzIh              186   65   25   43   39   14
  841 3946 aYmlxrCy              185   35   25   82   38    5
  842 6889 oHmF                  185   35   74   12   62    2
  843 4296 oqUFZEVG              185   46   24   47   10   58
  844 4727 qOryYmffuZ b          184   44   60   38   17   25
  845 3173 isOE                  184   45    3   67   25   44
  846 2621 cLbofBGabNoaql        184   25   49    3   77   30
  847 6388 tbxig                 184    8   16   75   61   24
  848 3048 viGRWlIjufyjiMSA      184   16   48   35   85    0
  849 6730 vFsylkGOlMPhceOI      184   63   24    2   77   18
  850 2045 rqBxpgyKZNyUQlY       183    6   49   26   34   68
  851 6891 rsTkvqNbH             183   19   65    0   82   17
  852 2579 DUgTzDErNUct          183    8   40   82   25   28
  853 1668 yAZSqfokLTBWddr       182   39   26   41   15   61
  854 2549 DDs                   182   75    2   20   60   25
  855 9569 TzGALWTslozKHsyJ      181   76   87    1    9    8
  856 3244 pYorpGKqEqQDhLnb      181   62   17   70   26    6
  857 4192 zuMzBHAkcenTLuKgyQtK  181   14   87   49    5   26
  858 4204 KsRGHhkOwoDIdB        180   53   79    7   33    8
  859 3582 tbXZ                  180   58   48    3    3   68
  860  832 XfIqaqo               180   23    1   78   54   24
  861 8887 IEvAzIedlKfzPmFjpbt   180   26   24   15   98   17
  862 8067 bXuIKnoHwh            179    3  100    9   20   47
  863 5764 AmLDrkiv              179    3   54   16   45   61
  864 7370 cbvG                  179    4   92   35   16   32
  865    4 FzQc                  179   30    6   54   47   42
  866 2739 rX                    179   34   55    0   69   21
  867 2506 dxLSNGRk              179   51   71   43    2   12
  868 9161 YlccUUqrg             178    5    9   76   36   52
  869 7404 zgtHDebNhXIQzJiG      178   37   13  100   16   12
  870 2779 IGeQkXBmoVIojWY       177   26   95   26   26    4
  871 7960 wSFtlJoImrW           176   77    1   90    8    0
  872 7485 piocJLfp grdGaaejqBX  176   19   58   34   43   22
  873 9088 SfOQJiliPPnhkcY       176   19    3   86   27   41
  874 1290 KWs                   176   27    6   53   47   43
  875 7993 dRg                   175   63   45   12    5   50
  876 3190 SJH                   175   30    3   57   26   59
  877 4423 wpLITwhcOrttjO        174   14   10   35   86   29
  878 5762 XtZVVcMwgfNsLLOluu    174   11   75   42   35   11
  879 4207 BOYiefMUpefQE         174   11   57    5  100    1
  880 8159 UNykarUMyLeQvc        173    3   21   18   99   32
  881 9473 wWtulBJIIIZAbz        173   14   49   67   35    8
  882 5855 mKy                   172   22   43   47   53    7
  883 6374 yxywwFaZbnhVocW       172   11   27   42   56   36
  884 5883 fVWvtSqNBKexv         171   17   63    3   78   10
  885 3085 CR                    171   20   78   20   46    7
  886 6614 pBhozGEwVvWZdWTHL     170    9   40   43   39   39
  887 5886 W                     169    3   43   32   50   41
  888 3000 mzAsWUbUQSYoz         169   22   34   58   29   26
  889 1021 GCbds Z               169   49   21   32   37   30
  890  171 dAGeNidtZLz           169   34   32   80    4   19
  891 8678 dUMHVPko              169   11   63   60   23   12
  892 6448 ohWQHwxoqiWdsaBCtM    169   29   54   18   45   23
  893 2580 m                     169   18   51    2   83   15
  894 3314 YzsIVacfyRlGy         169   50   38    4   51   26
  895 2077 cNfPcVfUXCMWLPaK      169   19   44   32   44   30
  896 7436 voqhIlRRTF            168   44   54   54   12    4
  897  757 mxIASReUpIVbWdHjy     168   11   56   55   33   13
  898 1737 OzSGE                 168   37   88   31    1   11
  899 9991 fe                    168   34   21   56    0   57
  900 5656 TYDavCPim             168   47   13   18   33   57
  901 5024 KLLmOvPxvPDEiKgCrUZA  167   17    5   71   30   44
  902 7544 UGfGYjbnDtTHOIipAwPh  166    6   42   24   60   34
  903  762 KbBUErrUzIcupJmXNxc   166   37   34    9   66   20
  904 7890 ilyLt                 166   19   82   12   17   36
  905 3755 xslVoIkYKxmQxwI       166   66   25   44   11   20
  906 2114 twVFHcT               166    5   71   63   21    6
  907 6592 glDkqeh               165    7   57   56    7   38
  908 7488 BKiPqArYBFaBzeNrDX    165    7   11   25   31   91
  909 4965 kZIXWE Jo             164   77   17    6   43   21
  910 2868 kOvjCepWed            164   62   54   37    8    3
  911 4653 G                     163  100   12    3   42    6
  912 4407 fScWnSVoeGAhrbnoFv    162    5    9   10   61   77
  913 7336 rnPeYKpVgYVxyXTRSqCN  162    7    5   66   13   71
  914  722 jfK                   161   21   40   26   24   50
  915 1603 m                     161   30   64    3   28   36
  916 8941 JsutSoBgO             161   21   11   98    3   28
  917 5859 SBZTOeZb              161   59   24   46   17   15
  918 7054 obimjzWmGJiErIdEIRBs  161   27    4   47   60   23
  919  883 mPCTbPc               160   84    5   35    8   28
  920  456 ZKNkDoQbq             160   42   10   46    2   60
  921 7202 FlNTBLvEyJ            160   53   15    0   75   17
  922 3878 YikkLMJxVhVIwDhRVY    160    5    2   35   81   37
  923 8617 YbbOYFBQsUxjkaUfyZL   159   26   64    7   58    4
  924 2872 CdEumBjugagbDf        158   11   43   79   19    6
  925 4088 mkfhzQOFKXXaRvIyP     158   57    4   28   55   14
  926 4658 zvBeDMcqQVmslJyW      158   55   32   25   14   32
  927 6926 nZLQqvjgZYL p         158   44   13   50   45    6
  928 9290 UmqDC BJKfnFIhG       157   65   23    4   37   28
  929 5334 EnULEW                157    0   87   13   35   22
  930 1710 aDqXKNAlkcUIc         156   29   31   54    0   42
  931 6594 RvK                   156    1   96   18   37    4
  932 3057 yJLIRQmNVUTOtJEr      155   43    3   55   38   16
  933 1066 aBNgNUDP              155    0   59    2   82   12
  934 5545 x                     154   37   62   12   10   33
  935 8343 FIQOIkqeYpOkmjP pMb   154   18    5   61   28   42
  936  503 UeGTaufNqAtrYnI       153   64   70    5    9    5
  937  798 nau                   152   43    0   17   65   27
  938 6644 Q                     152    7   26   15   89   15
  939 8927 rtiV                  152   44   32   11   51   14
  940 4982 YJGqjwkMQVCTsHNITR    151   19   22   24   54   32
  941 3186 fNKkCQGwSHpwjUkJ      150   10   47   17   67    9
  942 7279 bbqrKCTxEdthheE       148   36   37    4   24   47
  943 3730 XyaIVxKQBAMkMEfYTSe   148   45   21   20   28   34
  944 8606 v                     148   39   73    5   31    0
  945 2043 G                     148   99   23    0   16   10
  946 8240 IHBRJAsJZqHmx         147   48   58   17    2   22
  947 1432 X                     147   33   23   76    5   10
  948 9093 FcKRgzOUjcYFCRrNcL    146   39   32   56   14    5
  949 4640 GNNlgNcm              146   20   23   49   10   44
  950 9786 KWDjOSpHVVxIhNAA      145    1   56    9   28   51
  951 7966 VcCxDdy               144   24    9   20    8   83
  952 3215 werYQb                144   29   57   23   11   24
  953 7903 Jbgrl npvl            144   85   15    8   28    8
  954 6454 VikcPReDDYvV          143   32   70   13    2   26
  955 5380 kXZVoN                143   42   23   14    2   62
  956 3344 xfVqGzVdqU v          143   20   24   77   18    4
  957 7205 WUMmCa                142    8   37   31    8   58
  958 9286 VyoQYjaJxjKjIz        142   35   32   38    8   29
  959 9830 HWOnkjXErf            141   19   14   46   46   16
  960 9887 xquj                  141   23   10   16   36   56
  961 4928 rrFX ojE jeHrHcXPKj   140   20    5   49    3   63
  962 4752 JNOjjHBEgvnVlIhcLUWb  139    5   65    6    1   62
  963 5517 YXEMpUUQBRpwa         138   11   49   48   24    6
  964 4955 qzBnGhGzf             138   73    5   30    2   28
  965 7594 ryHUeECbLU bhqiWyULk  138   10    1    1   96   30
  966 8816 dRcymRo               137   22   24   34   45   12
  967 7717 GdmSqlKMCwvMDR        136   56   37   12   30    1
  968 7406 hiZwPEaUCJukAh        135    0   10   64   61    0
  969 6787 pbBSMJvBLbwlk         135   54    9   38   19   15
  970 8645 hU                    134   90   14    4   16   10
  971 3796 LH                    134   79   25   16    2   12
  972 2795 ecsV                  129    3   31    7   15   73
  973 2103 g                     129   94    0    3   11   21
  974 2927 JwOmSfRjTL            129    1   89    5   17   17
  975 7694 gc                    128   17    4   29   27   51
  976 1850 JkLORIgGEJqHSqy       125   31    9   24   25   36
  977 1285 ATwWJdtaUPOkQSsmHiAq  122   60    5   45   11    1
  978 5977 xBUanauFCoRnWLY       122   18    0   32   12   60
  979 9460 v                     121   31   15    0   37   38
  980 1830 sNKri xJjCOZwGU       121   12   10   31   17   51
  981 4705 RxJk                  121   76   15    0   20   10
  982 2648 vdNRRfRG              116   46    9   10    9   42
  983 9906 stVBO nYXmCndlniuOEo  115    8   64   36    7    0
  984 6666 tueotLx               114   24    1   23   43   23
  985 6924 FGsjgth               114   19   64   18    3   10
  986 7664 JNcZjIGvowFb          113   13   17    4    4   75
  987 9704 gGvvgULQsAJDqiJrB     110    1    5   60    3   41
  988 4080 dCedBTA               109   32    6   19   34   18
  989 5570 tjcZFPyCIy            108   12   19    2    9   66
  990 1225 zMDPcylZHU            108   34   11   22   29   12
  991 3847 lZBAkByQR             106    8   25   51    8   14
  992 4580 GbTwXbsKvwEmPp        106   27   16   23    1   39
  993 8083 ia                    105    9   52   24   14    6
  994 2408 cldAMCLacVzwl          98   23   21   13   28   13
  995 8983 WvevyNDzNACnNko        91   10   14   36   11   20
  996 1995 oKj NACXQUiyE          87   16   23   12   17   19
  997 3953 vPsryiL                84    0   74    6    0    4
  998 9268 UsAmWtF XHeJdkXZvZ     72   23   24   16    7    2
  999 7920 yWvyqCXbO              67    3   13   34    7   10
 1000 5978 TOAJyETXnNkpeO         57    6    7   22   22    0
