    1 4909 BQkS                  404   70   72   80   92   90
    2 7407 FXeLDeAwgfUhzTpfo     396   89   83   94  100   30
    3 5795 GSbKt                 375   74   64   83   60   94
    4 2036 dzY                   375   98   89   53   58   77
    5 6927 GcltGiJRvVzHsBcBRGK   373   70   90   41   98   74
    6 4375 ASuMlp                370   42   85   89   56   98
    7 9733 AvT                   368   83   43   77   99   66
    8 8275 pBEssJ                365   31   79   84   78   93
    9  420 FAauNqlhmqxP          365   97   49   82   61   76
   10 7620 J                     361   89   71   87   80   34
   11 1243 uqGQtkb               360   29   63   87   96   85
   12 4402 HRDqegqe              353   87    5   92   87   82
   13 8258 wFOkccQOQQeB          351   83   78   61   74   55
   14 7158 tWAd                  347   75   51   95   32   94
   15 9778 UZMqMSCdtWzIVlInP yv  346   93   56   88   72   37
   16 6526 otRjEklPiwC           346   98   67   36   66   79
   17 8599 vQTRbhrSHkgHH vGVS    338   35   98   99   59   47
   18 4366 CzioIYt               332   83  100   83   55   11
   19 3431 nv                    328   34  100   99   85   10
   20 5845 QR                    324   43   87   67   55   72
   21 7273 wVNdOIoD              322   63   81   77   92    9
   22   43 uMLuSN                320   54   71   52   70   73
   23 3570 YnHqWu                317   44   80   29   96   68
   24 5689 MoMrgRSnhfC           314   77   81   39   47   70
   25 5161 DJMZWQGopZuXDHTp      313   35   80   67   65   66
   26 5925 iItzx                 313   99   83    1   57   73
   27 9499 EOtM                  311   16   56   89   52   98
   28 8237 f iYcKrMTGAPclxu      309   90   63   11   74   71
   29 3135 yThbcFvs              307    7   84   38   93   85
   30 4662 uymiK                 304   54   72   62   64   52
   31 4997 JsrQonNJfi            300    9   60   71   71   89
   32 1481 UXKETFtLFNAsOJLOQIE   295   58   73   76   28   60
   33 7853 AQf bEW               295   12   22   92   70   99
   34 4120 F                     294   91   81   12   25   85
   35  222 wclFGrQm              292   58   97   53   64   20
   36 1387 ZLZb r                292   64   76   27   90   35
   37 7668 zZHWojDFNRrAGXWQnaP   289   68   96   12   81   32
   38   62 Yu                    284   36   42   96   25   85
   39 7551 Yg                    282   26   67   91   84   14
   40 2387 GSgUGJVbjCb           279   48   71   47   14   99
   41 4358 x                     274   73   30   70   69   32
   42 4016 OU                    274   33   23   67   89   62
   43 6270 LBsayMQksjVkM         266   84   61   12   82   27
   44 9313 bm                    266   69   19   74   88   16
   45 6799 pk                    261   37   61   30   96   37
   46 9271 LQqnsuXOlbBnWyLaO     260   82   27   19   67   65
   47  634 yLzuWhH               259   90   76   48    6   39
   48 9348 lGTGSOqiKEBlaTbqkHCT  257   61   47   86   35   28
   49 7131 TrQdRao               255   41   66   78   43   27
   50 5724 Fk                    254   71   14   51   65   53
   51  719 VYLuAfVWSfHJcx        252   14   17   98   51   72
   52 4696 hBx                   246   37   71   90   42    6
   53 4131 ciMuqfCyJ             246   29   35   90   43   49
   54 8647 leiClEmWpuWu          244   81   60   50   30   23
   55 5383 oNgIxgbr              240   31   37   23   62   87
   56 1396 FBI nrNvCWHykGZ       238   82   88   19   32   17
   57 1949 CjVWR                 238   57   61   18   92   10
   58 5453 DChRvJR               233   50   41   22   66   54
   59 4224 pF                    232   64   41    4   90   33
   60 6975 TddNnIizUegrTqKI      232    2   56   16   84   74
   61 2314 zPuCH                 231   76   20   47   43   45
   62 3620 XLHcItukOK            231   12   49   81   20   69
   63 4374 zemlFQDYdBEuBLoBmP    230   41   45   56   47   41
   64 5400 LDWwTKGgivMMgfZ       230   92   10   44   16   68
   65 8777 W                     228   32   47   78   53   18
   66 6910 UrvFuWiubTnCebuZiUM   227   85   17   32    9   84
   67 1605 QFleUe tOoRODB        225   17   30   21   65   92
   68 9608 FIdjNO                223   77   43   11   55   37
   69 5926 B CCQCRefgiaAMbe      222   49   64   29   54   26
   70 4898 RYjIQnPn              219   47   31   86   19   36
   71  835 GDYLGnldH             218    3   12   97   16   90
   72 7042 WJBRAoKaxoi qSqHqWMe  216   58   27   50   64   17
   73 4088 F                     216   72   54   31   46   13
   74 5519 lNUVKsRzatb           211   14   87    4   19   87
   75 1120 YJ                    209   71   52   39   30   17
   76 1590 ogSs                  206    8   59   52   50   37
   77 6569 FRhYDladHYuPhHuLS     204   22   19   48   16   99
   78 9954 BnDe                  201   65   22   51   57    6
   79 2977 ZynrTCDqUpFHO         201   78   19   81   11   12
   80 6437 esFmcdlDk             194   15   81   15   29   54
   81 4527 WBlqNiDbRWHaMLUv      193   61   35    7   80   10
   82 9122 oAGGUYwjseBBF         193   46   35   36   59   17
   83 2466 xWWOUpYIFGt           193    2    1   89   99    2
   84  501 btomqKM               191   25    2   69    6   89
   85 1607 lBRsMDEHaZlDOXQxPB    188   52   38   11    8   79
   86 3416 fROExzC               184   18   42    9   90   25
   87  207 lOwKuh tENGbVbbv      180   14   56   53   12   45
   88 2859 DnxtSnASDyyiPDDErl    180   29   48   47   41   15
   89 4589 VPLAVEEhTjBviFj PIM   179   82   41   21    8   27
   90 5348 kgPuqhq qikozPaZ      167   44   51   20   49    3
   91 3566 gdcuPpsWTnFI          161   30    7   11   49   64
   92 7403 kxMhpOyKsykfxmDKtm    160   71    3    2   39   45
   93 4297 gvbdHlzilNRcKRAM jLY  159   45   34   21   24   35
   94  518 Tx                    146    4    3   59   10   70
   95  496 uQhxOcBvXMIPfHmgL     144   21   78    0   24   21
   96 7297 pQinbxELDddQmfOco     140   51   42    9   17   21
   97 1493 HVBdWSWhzHCOBcobQi    137    2    4   21   24   86
   98 6993 CZeRfXBlAM            133   56    7   41   24    5
   99 2911 kSBvDzZQYoABGEEGYyYU   79    0    4    1   74    0
  100 5544 utXuzjlFUhrdZbk        66   16    3   14    8   25
