    1 5046 dmGpiaxi              433   97   53   94   91   98
    2 9701 sAvZnm                420   94   95   91   48   92
    3 9223 NiJBI                 418   94   85   85   96   58
    4 3903 mRlEAmeQZ             404   87   66   75  100   76
    5 5091 LxSTZCJdCTrcx         399   96   86   97   72   48
    6 5473 UyPoammAnwhsuKSwZ     390   75   99   89   92   35
    7 6341 MSLVpAcpjt            381   67   97   98   84   35
    8 6559 FeW                   381   62   80   94   57   88
    9 6175 bsJJpMeTDcO           376   93   50   87   61   85
   10 6533 zNgOXovMYZzYMBMCbsaz  374   60   79  100   92   43
   11 4060 TusjGgDchCkPyATkex    373   82   82   71   46   92
   12 4229 J JKZR                372   56   92   89   49   86
   13 3190 TdrPHiwZexfgJNaTI     372   53   98   88   67   66
   14 4906 dCYfcgbynVPpb         370   90   63   80   81   56
   15 5172 bEdhqymFpLc           367   57   61   88   68   93
   16 2318 CRfaGlP oZidjZSr dp   367   77   66   56   81   87
   17  653 VsgapLNcAYi           365   87   48   87   55   88
   18 6933 DGlT                  364   14   98   93   70   89
   19 3159 YTw                   358   72   99   47   40  100
   20 4025 D                     357   82   98   48   66   63
   21 5065 IEByTDkCgORmZvoEMO    355   89   60   87   80   39
   22 5665 gthBSQGVqX            353   80   87   70   49   67
   23  609 AllGAtzbL             352    8   96   74   93   81
   24  605 pRcopyljnOwRSlbpC     351   29   51  100   78   93
   25 5844 hzOvC                 351   77   68   81   88   37
   26 6860 tJcfrmmfwUPLWOvHPaA   351   60   86   85   41   79
   27 5645 qiteIR                350   80   39   59   92   80
   28 8555 LEqtYq                348   50   92   31   83   92
   29 3683 QBTqttVGAWkMIuxOrreY  348   21   97   80   65   85
   30 3150 L                     348   95   58   43   66   86
   31 3569 avCZlDxOSR            346   98   66   26   69   87
   32 7346 AjoGC YVa             346   51   38   75   82  100
   33 8165 JmwFkOuwmaqev         345   75   78   91   85   16
   34 7135 hFRkTIuVGci HQz       345   64   17   70   94  100
   35 1616 hyclQcpLdAcAzT VO     343   36   93   80   90   44
   36 1380 LcWaFAD               341   81   45   50   67   98
   37 1736 hMjWYmIsWwBxGIp       340   41   24   89   91   95
   38 1650 W                     339   75   37   57   72   98
   39   21 euZATgFSjR            337   92   83   34   28  100
   40 6712 Ii SQVafG             337   77   67   78   66   49
   41 4114 EiuDnI vFtewuJc       337   90   59   63   91   34
   42 7731 qe                    336   43   82   84   73   54
   43 3070 TAW LrUblKPdMzaxeqOR  336   77   30   95   51   83
   44 3234 lzr                   336   83   80   51   42   80
   45 5604 OXrZdbpfeFCXtuaNYM    335   73   85   13   81   83
   46 9218 Zz                    333   42   92   70   87   42
   47 1909 MufHUxKtjweLiSGcT     333   88   20   51   92   82
   48 9605 kN                    332   96   61   13   74   88
   49 4082 Snzl                  332   81   79  100   31   41
   50 6726 UCgISXaCQIHsNMDDGRWx  331  100   81   83   26   41
   51 7444 Yr QKqbsw             330   75   60   25   77   93
   52 7454 JDj H JPsGzQ          329   83   76   92    8   70
   53 7760 noZqXcpFm             329   21   91   55   96   66
   54 3107 ef puJymdtw           328   80   64   79   54   51
   55  751 EhIsYqHRoPC           326   80   23   64   75   84
   56 1670 FmQnyLyYCarsmj        326   45   61   26   99   95
   57 8367 Da                    326   73   12   90   83   68
   58 2050 YYSwmbzLMChRGSBiAWjI  326   33   95   38   61   99
   59 5918 WaOMbHcqXiJOop        325   20   80   80   67   78
   60 1309 BHzNLGLcuBkc          325   90   29   55   78   73
   61 2752 YKQRhaEcX             324   73   37   88   62   64
   62 5768 FdmEejvfwbFMsMyirW    323   48   53   73   56   93
   63 5415 vChRBtQPNN            322   77  100   45   59   41
   64 4895 QYG eDeLy             322   83   83   35   68   53
   65 2008 sYVPXIZzklyryXwMkUX   321   40   75   49   73   84
   66 8881 YBzIKLoshvmZXV        320   52   87   95   43   43
   67 7382 sCSUVxnAHOUXEDStbwaV  320   15   38   84   99   84
   68 4676 Zif                   319   54   95   41   77   52
   69 7511 ZSzyLLDdvbDmhUl       319   37   73   90   76   43
   70 6321 tbDRdXqgxg            318   77   22   38   83   98
   71 5080 nPVRcsw               316   33   59   87   84   53
   72 9826 pvKheGNHqWNnERqtE     314   74   45   40   90   65
   73  393 HCCWiVaHttWPT         313   47   89    1   76  100
   74 8679 gQULycWXxJ            313   89   30   14   86   94
   75  861 YCnzeooTlOHWdF        313   49   86   58   47   73
   76 5857 LtyPKRNNXRjQA         312   92    0   90   47   83
   77 3669 TpdNszjWMHbs          311   10   88   74   59   80
   78 2994 YzvWAuCNxh            311   95   34   35   92   55
   79 3618 lYX                   309   45   69   70   73   52
   80  155 vQwOHmtSpSx           309   64   85   99   49   12
   81 5557 ccPTIJCpVF            309   57   95   61   73   23
   82 4597 gXaIndzxZjzG          308   39   71   60   98   40
   83 9536 aR                    308   85   24   50   88   61
   84 9675 YJvp                  307   92   25   91    8   91
   85 6404 mJbGWTs               305   83   40   72   90   20
   86 9233 INKJ                  305   77   78   73   18   59
   87 1540 BeUE                  305   98    0   18   90   99
   88  746 mtcQ                  305   97   80   27   80   21
   89 4408 ndzZWi                305   41   25   75   82   82
   90 8696 lhl                   304   92    9   73   60   70
   91 8135 ew f                  304   53   54   60   71   66
   92 6507 gMfAZcw               304   10   80   59   72   83
   93  303 xpNjPaTYrif           303   20   73   91   30   89
   94 1057 KiwDfjW               303   13   83   55   99   53
   95 4334 UGsYxPDl              303   24   94   25   72   88
   96  688 VUkjIA                303    6   92   54   67   84
   97 7457 B                     303   24   67   50   82   80
   98 5526 FfTxr                 302   89   91   35   83    4
   99 1702 TgM                   302   65   28   42   93   74
  100 1437 QwHapqpTYOaZEdc       301   82   92   65   38   24
  101  869 OAABY ywGuKPsM        301   33   80   46   78   64
  102 7284 IwOsVFXSl             300   27   25   96   89   63
  103 2448 tP                    300   80   44   41   66   69
  104 7213 wByJEZGFcWWS          300   71   23   62   98   46
  105 7290 DMOygnNZQKnBZmmlDR    300   46   99   74   24   57
  106 1188 ubHNdJhYjNZRIS        299   38   34   45   88   94
  107 8076 bzhTTInJ              299   86    4   92   52   65
  108 7701 BBpVASmxRIo           298   81   20    6   92   99
  109 2765 CcjkTmNgcNthSkxUckQ   298   48   92   61   24   73
  110 4696 rCQUuEHPCcGQkQkZHFq   298   91   49   63   54   41
  111 4770 fAMwhePN fh           297   32   42   84   61   78
  112  390 Rgapr                 297   81   20   51   54   91
  113 3380 eJaHbxvpW bH          296   18   65   21   97   95
  114 8288 VJgjXMzAs             295   43   63   14   90   85
  115 5324 kPMm                  295   48   80   94   48   25
  116 1427 Py                    295   91   55   28   83   38
  117 2886 Gz                    294   27   88    0   90   89
  118 4648 kt uyUpeFWPVEDM C     294   88   22   85   97    2
  119 4386 MgvFnr                294   55   71   41   49   78
  120 4793 wwGaLnPkvYlQAJNbRa    293   84   94   37   69    9
  121 3744 RAyMdnIA              292   64   66   27   81   54
  122 1063 yjIfepzKOaIOEODHJ     292    3   48   74   99   68
  123 3536 c                     292   46   63   66   30   87
  124 6663 oKmCXpMp gIMEZMJtHi   292   75   50   22   58   87
  125  768 pFhgqmiQnonFkBKj      292   90   82   21   67   32
  126 8320 AsWoAuSMfmwNHS        291   88   43   99    6   55
  127 1032 Fhbb XRTlf            291   90    3   33   94   71
  128 9171 tYZ eXtTemsEbhIA      291   63   56   81   14   77
  129 5529 vnV Xf EicQKE         290   68   31   67   40   84
  130 1883 bHElCEZ ZqN           289   69   85   11   37   87
  131  711 FpbJQwloHdQU          288   23   40   67   79   79
  132 5826 JgNFYPu               288   86   30   32   93   47
  133 3658 Ty                    287   70   58   42   66   51
  134 8732 OJEFGIVdbWkUThH JW    286   38   26   51   75   96
  135  514 otHLgWlZNkHyHVTuOU    285   98   44   73   36   34
  136 5522 RiqTXlAinNtYBYd       285   89   94   78   19    5
  137 4771 tfyO                  284   87   29   26   95   47
  138 7066 q                     283   16   48   68   90   61
  139 4489 whyis                 283   81    5   46   90   61
  140 1983 ZtHsPfgeaAz           283   41   62   56   36   88
  141  196 eqGEaNvVISN           282   80   25   55   41   81
  142 8287 kePJZsdbfniq          282   93   87   25    1   76
  143  463 FyRkxep               282   70   55   49   80   28
  144 7002 hUaO                  282   94   14   38   59   77
  145 8532 mzEHgQKcQwKYrNmwpxRV  281   60   61   90   23   47
  146 9164 TtUwkIfYYUxpQyelmrx   281   73   38   55   18   97
  147 3721 vKsvLmrK              281   98   66   78   33    6
  148 7258 OZmGZNPgtqZwF         281   35   65   46   83   52
  149 1252 UhMXNiqVbawgyPEz      281   54   67   37   45   78
  150 3993 wgV                   280   65   62   86   53   14
  151 9181 q KADonFOrDwaTyoo     280    8   90   95   53   34
  152 3737 inuEnnb               280   80   59   12   84   45
  153 3488 PPHCXQ                280   51   52   52   85   40
  154 9071 ByN                   279   10   48   67   95   59
  155 5197 vFCjFIdpx fgvaTdsQtZ  279   91   62    1   84   41
  156 3093 GnoHfu kjTTxL         279   17   46   25   94   97
  157 3079 zQLUvYZ               278   37   19   81   54   87
  158 3228 cpuCgcHVpMZFloYRWq    278   54   81   27   71   45
  159 1545 XyZpjJ                278   88    3   70   28   89
  160 2580 ZxyMDLSYhS            277   75    6   94   33   69
  161 7354 pDVKOC                276   43   23   71   62   77
  162 6665 ffF                   276   97   64   20   88    7
  163 7743 dyV                   276   76   22   85   86    7
  164 8597 sJOStvD               276   94   20   14   68   80
  165 3427 Shpfnt                276   87   18   97   71    3
  166 6518 bIJzcLvNgNHYFxR       275   74    3   96   81   21
  167 1960 E                     275   22   19   67   79   88
  168 5842 FtJv hF               275   18   64   68   64   61
  169 3821 eKJn                  275   72   58   17   30   98
  170 6784 jKwWghSmUvYVnDtJBTwx  275   35   89   40   58   53
  171  571 sbFn                  275   51   78   32   40   74
  172 6206 KFrqcvzUkeZ           274   59   52   81   51   31
  173 8753 kJNJ                  274   15   33   77   62   87
  174 6016 nbBtTohYfHpQG         274   50   18   71   99   36
  175 5505 o B                   273   71   35   23   74   70
  176 3628 qzuf                  273   66   91   76   29   11
  177 3219 u ql                  273   38  100   62    2   71
  178 4752 neHMqtdHb             272   27  100   53   39   53
  179 5033 FU                    272   80    9   78   17   88
  180 7650 kHZxtrTFqnzUEm        271   56   85   72   35   23
  181 9668 J jGrpwMrghDMbTGUQ    271   64   57   30   21   99
  182 9852 AbWJjtbGP             271   16    2   79   85   89
  183 1197 LqjxbGxGhblrVtqgH     270   21   79   38   62   70
  184 5138 xfMlxuVkrJXVzE        270   57   50   91   68    4
  185  795 nYPaINTTDVh           270   34    1   52   93   90
  186 2551 DDpnqcol              270   77   96   18    3   76
  187  683 WK                    269   49   46   56   43   75
  188 8370 cuFJVZMdTirXlPqZakh   269   78   47   84   34   26
  189 9502 gO                    269   31   49   51   68   70
  190 4585 RrswKfETB             269   68    0   89   50   62
  191 4337 NSbrTJhyJSMOTPLoe     269   75   69   65   36   24
  192 1929 MXnqUyaPjsfLaxkGp     269   33   93   94    6   43
  193 3779 qacL OGCEMWYdR        268   28   78   73   78   11
  194 1001 m imtEy ACuieIdVYwe   268   32   77   56   43   60
  195  428 QIRggJuLzYFa          268   24   12   88   86   58
  196 4400 oJQFvNpJWUV           268   33   33   70   49   83
  197 9037 wZ                    268   24   56   40   79   69
  198 8526 gXXsIJx               267   47  100   34   57   29
  199 1141 p nhaFlNFMBXpMbfAQH   266   89   49   66   19   43
  200 1622 aJSEcxgRLVFjWnGo AP   266   81   71   97    8    9
  201 4461 vEfvf                 266   74   10   50   48   84
  202 5827 cEKiX                 266   43   84   77   29   33
  203 9372 IznSD                 266   36   96   11   36   87
  204 2990 atdLaYvJ              265   58   32   64   57   54
  205 4768 awBWRocFmmn           265   86   70   24    7   78
  206 5978 mPiOz                 264   91   95   60   11    7
  207 9108 IFnLERntvGXwBk        264   36   66   51   20   91
  208 1957 ouGhNnCHTpTrIx        263   66  100   29   13   55
  209 2866 IGIeEob LszZstXhfoKW  263   16   75   85   27   60
  210 7191 SdeFjjCQhF CQmk       263   84   17   74   28   60
  211 9151 vyVZprauOSYTd         263   92   13   35   78   45
  212 1982 hfoHnjfoWzaWQiCV      262   56   82   11   20   93
  213 8253 flavKoewdsw           262   65   55   56   25   61
  214  382 Saow                  261   98    7   72   81    3
  215 7508 x                     261   65    6   81   36   73
  216 6109 zdrrPjxVaB            261   49   53   16   61   82
  217 2421 HLYspUkZMUNWyXugtKX   261   80   84   77    1   19
  218  953 YtgArEee              261   55   61   85   11   49
  219 1550 SN Il jLvC            261   71   80   11   42   57
  220 4204 fsdZLxxODvSHGGQN      260   74   36   47   96    7
  221 4018 hX                    260   75   87   24   14   60
  222 3912 b                     260   32   42   61   49   76
  223 5723 cfu                   260  100   22   51    1   86
  224 8520 hDxMzDUnKJl           260   60   56   24   21   99
  225 4288 mrmS  cWdTgCb         260   53   42   68   69   28
  226 8592 nYsQSWer              260   76   48   13   42   81
  227 2838 trcYkakMddnQKGEK      259   52   20   73   21   93
  228 4151 NACPAMscfsW           259   77   85   51   15   31
  229 7154 dWTf                  259   63   38   65   80   13
  230 5664 EKFWSvvfIyPpvnPhe     259   76   12   81   13   77
  231 2955 Uxk                   259   73   42   17   42   85
  232 7549 QuJslHgvELPpaRcVzVB   258   55   62   81   43   17
  233 1569 zptKdW                258   75   13   51   44   75
  234 5319 vGLBofAaptwLBjzofx    257   78   49   32    6   92
  235 4147 xcSHGbjmAkuR          257   88   31   69   25   44
  236 2462 sdWiKGhoRqgJ          256   67   35   82   12   60
  237 2742 PzCUUZuyNkhlOHd       255    9   22   98   74   52
  238 3256 kbgVovPxMIRaadYg      254   32   41   35   99   47
  239 9020 KRmygUT KGtHuvgT      254   71   93   14   20   56
  240 3498 jppaInfRiRcPO         254   39   16   73   64   62
  241 5510 qTDBJxENJVcbYoIFV     253   17    1   60   94   81
  242 1891 bYBQdq wEEurg         253   60   28  100   53   12
  243 8097 CtzlN                 252   36    1   97   86   32
  244 9424 ROiHn EIICDNsJm       251   59   70   57   53   12
  245 2903 bGCSkiaeMcbXlm        251   26   64   68   50   43
  246 8000 uKjXgAkeskiPHV        251   47   73   49   63   19
  247 6844 dOjZivGrfescNaWj      250   27   17   82   99   25
  248 5489 ReEaGrLiVwiFHx        250   53   56   67   71    3
  249 8439 G                     250   68   57   39    8   78
  250  622 ixwUXuE               249   45   84   70   41    9
  251 2437 ZUTcPVk               249   64   61   39   30   55
  252 8950 u                     248   42   44    6   68   88
  253 3532 eXTmcmDzpzBmoBc EL    248   94   75   16   34   29
  254   81 EsDGeRjjXVVVWd        248   81   71   82    4   10
  255 3976 yAnbOOz               248    1   46   93   56   52
  256 1017 OGVcE DLJHk           248   24   39   63   93   29
  257 8650 yzDBZknubkjC          248   13   60   55   52   68
  258   32 WsSHsuiURjRo          248   73   74   47   35   19
  259 8071 IWNkYnHntgM           248  100   93   38    2   15
  260 2383 OndKIrzANSKXExtDO     247   61   82   13   91    0
  261 5649 LYWMgJkXOGtEkAQ       247   97   87    9   10   44
  262 3422 hAlwOlrfZ             246    1   96   38  100   11
  263 7285 xJvUgJ                245   86   31   29   79   20
  264 6936 nGvOIAiWRCU           245    5   98   57   15   70
  265 8099 YKlOtReIxP            245   54   71    6   18   96
  266 4808 Ojg                   245   14   57   61   95   18
  267 3730 Mlso                  244   47   37   64   61   35
  268 4905 ZLlXUuvsNuMkUapy      243   60   46    9   78   50
  269 1438 cMxFIDYaZ             243   79   14   89   61    0
  270 9517 YNqA JJT              242   40   57   49   52   44
  271 9270 NWcorYACpH            242   35   94   28   10   75
  272  818 AyMWZRIUBw            242    5   54   77   10   96
  273 1113 XOwtrIjbUvjrIm        242   23   68   87   50   14
  274 9788 eEhYfU                242   48   50   70   28   46
  275 1959 S                     241   86   68   16   36   35
  276 8451 XtRwvoNY jAgGXYVLU    241   97   21   16   18   89
  277 3653 MlpsOaYFRNuzwuFi      241   72   19   50   26   74
  278 9058 lMHmnLJQkV            241   43   65   35   27   71
  279 5832 ejNASpKG              240   46   94    5   77   18
  280 1095 KYdWfjmyiW            240   20   17   23   97   83
  281 4931 LS                    240   86   30   36   23   65
  282 6463 LG                    239   15   14   95   75   40
  283  943 pSvEaezxZGqmnPmSL     239    6   61   35   91   46
  284  717 nJTNitaJn XnKmejk     238    6   49   93    6   84
  285 2223 G KfNyIsiilnn         238   80   41   50   24   43
  286 5720 tCsfAC                238   47   38    8   96   49
  287 5754 IVUE                  237   56   45   62   16   58
  288 9581 IclyXvM               237   29   50   62   57   39
  289 9346 XrLJEZmzWoPffhUaEHfA  237    4   59   18   68   88
  290 3439 xfGwCXqgfSuqLZvzkM    236   13   75   39   96   13
  291 9916 ZTkLtJFSS qGhYS lO    235   93    3   37   46   56
  292 4417 HPvSwetLEEI           234   17   85   35    6   91
  293 2707 xIlbbwQyNkylLJ        234   44   15   17   94   64
  294 6303 xIWEUVoNLajkGQ kHN    233   28   90   25   33   57
  295  388 Sru                   233   90   41   66   35    1
  296 3481 aoJnTAPRtObYazIk      233   64   29   73   18   49
  297 2791 mBl c MVgPBXij        232   29   86   47   50   20
  298  813 qooDjCKPUHmnPc        232   64   44   24    2   98
  299 1055 sGBKl                 232   29   75   22   13   93
  300  585 jKdJujedw             231    9   54   26   60   82
  301 4939 MLpvKkGghjeeEpIj      230    4   56   67   22   81
  302 2310 rEMIBY                230    7   19   93   83   28
  303 3617 tEyS                  230   98    9   18   22   83
  304 5964 PKxVdfGCf             229   72   37   16   10   94
  305 7419 m                     229   22   31   78   93    5
  306 3034 YMQnogbqz             229   31   42   39   39   78
  307 2298 VvLgwKHSb             229   15   51   62   13   88
  308 9944 HGCNULL               228   38   22   48   67   53
  309 9870 rlmBnGipbUBQRpOzY     228   33    6    5   96   88
  310 9795 mSMqBANxhryA          228   16   93   36   34   49
  311 2374 wEuUSie               227   76   37   87    9   18
  312  271 BaDjoOjTbJxNMpBIlMxC  227   20   65   93   41    8
  313 6766 EXiZITtkZ             227   22   82   45   71    7
  314 3100 wdTDT                 226   12   95    3   53   63
  315 8184 sKt                   226   19   89   42   18   58
  316 5487 TZbsmI bJauoOf        226   71    8   74   26   47
  317 2109 v                     225   82   30    5   74   34
  318 1998 FnmRxL                225   30    7   69   64   55
  319 2128 mlC                   225   86    9   68   32   30
  320 5122 dajkjEwsYGiMgUPX      225   30   38   31   57   69
  321 7374 KFyGDVKkIibsuZYQ OD   225   31   87   68   35    4
  322 8311 KCiINCHfxX            225   31   21   55   71   47
  323 1856 FGEsyVPdEpSnyxT       224   59   20   67   23   55
  324 5246 SsZZs                 224   89   28   64   27   16
  325 5756 UepS                  223   63   13   55   83    9
  326 3273 dvriHAKOxYPiyB        223   36   46   24   55   62
  327 9882 cPq                   222   30   46   71   35   40
  328  671 qLn                   222   27   15   86   67   27
  329 3763 ZJUlhnGz G            221   26   75   76   30   14
  330 2262 V                     220   54    0   91   28   47
  331 2093 AjMeSH vhKNXelf       219   67   25   57   22   48
  332 3608 mXhwAQorOs            219   50   49   70   44    6
  333 1432 Tz                    218   94   44   28    9   43
  334 9078 XaU                   218   79   14   13   85   27
  335  524 uB                    218    9   75   47    7   80
  336  383 imuRE                 218   11   72   33   10   92
  337 8681 fvaPzFyqOloZlaabO     217   66   13   88   24   26
  338 9458 FRSIVRVR              217   21   40   46   12   98
  339 2628 UylInhv               217   51    0   65    7   94
  340 7173 FWaiCNrbWNgv          216   19   63   63   15   56
  341 2589 vCVy                  216   14   55   50   92    5
  342 8481 ueE                   216   21   75   16   88   16
  343 7518 uI                    216    0   40   61   89   26
  344   15 AwiqKospycBwbZZq      215   50   32    4   89   40
  345 5769 LKcLXAYtyCwPFWVZfuex  215   19   33   98   47   18
  346 6731 aJmD ZCOmhGGrTTs      215    5   32   45   89   44
  347 6899 qq                    214   92   29   32   53    8
  348 6218 DBwQDMjmptxCo         214   50   18   19   39   88
  349 3922 g                     213   23   47   74   13   56
  350 6863 eQsKHjuxvu            213   13   42   94   35   29
  351 9640 NUZZSgrRIENCHNWve     213   11   30   59   73   40
  352 5583 YMTXEeTV              212   24   64   88   22   14
  353 8382 YvQTDvus NtworKqAt    212   22   18   47   60   65
  354 8379 hlMLkWWeVVHMHKL       212   64   66   18   33   31
  355 5883 JjLUvYJdUSiANeyibR    211   60    1   34   43   73
  356 7160 OcSwEenFL kYP         211   86    5   24   83   13
  357 3875 InI                   211   21   87   54   27   22
  358 6029 kfytyvNUPKOZGl        210   20    5   76   15   94
  359 5255 AAtLTVS               210   21   39   36   16   98
  360 2394 s                     209   26    3   59   92   29
  361 5029 YyeLHymxt             208   53   58   11   22   64
  362 5408 Mm zdLBDT SBZ         208   65   34   42   42   25
  363 2005 KTY                   208   17   26   36   69   60
  364 5864 uEi                   208   54   58    2   32   62
  365 9928 qzjKLtvYqXFEbHow      208   32   49   37   14   76
  366 9828 UFXx                  207   15   89   30   72    1
  367 2727 QlunlRwijLQsfodca     207   43   61    6   83   14
  368 8177 wL fAOnR              207    1   44   83   36   43
  369 3548 kJBKpGO               206   18    9   62   20   97
  370 7489 Ruxz                  206   45   78   25   36   22
  371 9706 OruAWerTxlgL          205   39   68   20   24   54
  372 1295 aTjOvZRmIDFv          205   88   25    2   60   30
  373 8505 i FoiZHIxmwYlx        205   33   68   95    6    3
  374 4586 LGfjEgVJRmWstYh       204   30   63   53   38   20
  375 4359 aMAZyekhoPkTR         203   61   54   32   34   22
  376  379 EtarDRv               203   27   43   64   26   43
  377 4846 ZDlRqFckFUfj          203   49   34   47   19   54
  378 7716 hQWroNZFuq            202   58   31   48   47   18
  379 5010 rPtybLR               202   78   14    3   32   75
  380 7570 mZcslDkBWEvhdqXuE     202    8   35   29   94   36
  381 6628 PgMvo                 202   39   19   37   29   78
  382 7529 zlfVgrrBJNVGnRGVJotf  201   20   96   39   12   34
  383 6765 myQONVdLSsj           201   46   10    6   67   72
  384  593 mkFObSXtocjdXwJnrL    201   20   34   15   93   39
  385 1173 KlhF                  201   26   35   31   74   35
  386 2340 G                     200    5   60   19   61   55
  387 2205 jLNkvzErtiVkolHC      200    6   31   67   43   53
  388 3185 neEuuXzFeMaWJSTBMljw  200   44   89   15   40   12
  389   65 cWPqlJq               199   44   33   22   22   78
  390 8440 Z                     199    0   46   18   38   97
  391 1157 fjLWANfKkXbq          199   39   95   23   34    8
  392 6592 XovsPe                198   29   13   93    8   55
  393 8260 pVvRUhwOyrXQkAS       197   49   26   99    6   17
  394 4716 vJjevxe               197   25   94   40   12   26
  395 9504 OxrMV                 197    7   57    9   88   36
  396 9354 KFtRCkHw              197    9   72   38    7   71
  397 5316 a sbEsBD              197   38   87    1   25   46
  398 9834 iSkVJxfmTofXvaOUIeMk  196   47   88   31   19   11
  399 9771 JDyWggMOl             195   76    1   76   22   20
  400 2561 sEBYfcX               195   14   75    7   15   84
  401 2293 snAQFsbYrP            194   87   44    3   29   31
  402 2036 FYOLftaot             194    5   87   55    5   42
  403 1347 FRiuXixVULaZsKoGb     194   39   25   27   68   35
  404 8212 GOjDU                 193   10   46   53   76    8
  405 3336 iej                   193   91   50   25   20    7
  406 7095 yjmUvxPMpDo           193   40   55   44   38   16
  407 8899 PZSKUWKPMTWlpQO       191   57    8   51   18   57
  408 3277 ngrOngYk              191    8   27   35   71   50
  409 7524 stmKtHJIUmuLo         190   51   12   69   24   34
  410 9723 jte                   190   14   96   41    4   35
  411 7608 IpepNuRhTQ            189    9   95   42   22   21
  412 9154 kJVjcTfwrWXvriCzxXU   189   29   28   98   16   18
  413 3559 RVFrIbbdnZ            189   29   11   29   53   67
  414 8016 FyIh                  189   21   81   27   23   37
  415  784 WJ                    188   44   37   38   25   44
  416 3956 p aNZS                188   30   73   27    4   54
  417 9095 dPjAfuVWfqJer         188   31   33    5   86   33
  418 6882 jBfyQtxwRUFCx         188   47    1    5   65   70
  419 4043 JeqvOyvsOjPu          188    2    2   82   70   32
  420 3089 aQaGVau               187   20   82   65    5   15
  421 5788 aEwvokTwskjNN         186   23    5   40   97   21
  422 2479 u                     185    8   17   70    4   86
  423 7921 yNPwSHUHsw            185   19   15   71   37   43
  424 3417 ERNtLdRis             184   53    0   40   36   55
  425   96 FhGFa uyQYye          183    9   23   42   15   94
  426 1277 qkmFDkgKpuZkoTQ       183    0   38   30   95   20
  427 2567 qNmA                  183   50   96   30    0    7
  428 7501 QuihxMGgzqpavAbtT     182    1   65   35   11   70
  429 1814 yYUsPxkxdxe           181    8    5   24   51   93
  430 1155 vixXJrPVkfjtdFjkllP   181   86   13   73    4    5
  431 6664 TOUgfvDgaiwUX         180   26   64   19   45   26
  432 5059 JgHogMeB              180   72    8   28   42   30
  433 8198 hgiklgoSwfeuZlXnKGv   180   12   34   36   80   18
  434 1938 gTBfHKlsdLTPagT       179   99    7   11    3   59
  435 7124 mmtPEYFugLxOp         179   59   80    4   29    7
  436 7906 oMYQxqLv              179   77   58    0   41    3
  437 8565 ipMegrtDScIcj         179   99   26    3   15   36
  438 2583 nQJW BWIYW            179   46    2   67   61    3
  439 4681 QbGWodKE              179    3   11   51   88   26
  440 9555 VhiVaCNsDz            177   32   55    7   49   34
  441 1415 ztNaVMuIUlZeVUzrUVVm  177   28    1   37   83   28
  442 3780 dTU                   176   20   69   64   19    4
  443 1626 pkyZxzmvO             173   36   27   16   34   60
  444 3960 ScYIXWYuuqpaUs        172    1   17    7   58   89
  445 5765 SHIYtwEHytfRwxQ       172   81   31    9   11   40
  446 3114 goh                   169   10    9   21   88   41
  447 1770 SdDJlvneeSLxmOrkPeBT  167   32   54   58   21    2
  448 7171 po                    167   20   38   40    9   60
  449 6204 yJvoYQhsCRwleC        167   19   34   34   57   23
  450  898 Hmg                   166   84   27   22   22   11
  451 9483 BT                    166   41   69    4   15   37
  452 7844 nn                    165   32   12   24   36   61
  453 1246 BsofEBY               165    4   55   23   31   52
  454 4429 nLPxLpFIDKRdnnezB     165   15   41   23    6   80
  455 9285 TIjQUgYMCQWCxqQ       164   53   24   10   22   55
  456 1478 YulHqOcfnUxtC PNCRM   163    1   24   55   25   58
  457 8760 XCS IlDsaccU          163   56   20   19   55   13
  458 6052 OGaCYyhFGeFFdFxOCU    162    7    1   66    5   83
  459 5652 EdUX                  162   57   13   17   41   34
  460 8752 lKDGgVWw              161   44    8   14   18   77
  461  266 UgGasJQlYsEnuTDRabN   159    2   62   94    0    1
  462 6353 oQrfjgDLScj           159   81   16    4    7   51
  463 3331 CRHhTdkmLWrgiivVXP    158    8   27   13   15   95
  464 9562 pmaLcnguzlvgtKaDL     157   43   63    0   14   37
  465  673 aGNhXxDbxPSRtLPgtZ    156   33   77   29    3   14
  466 6394 RdoP bzpPuJTcQG       156   18   38   89   10    1
  467 5322 BZF usVdQHMGTGOVX     156    9   92    5   23   27
  468 5201 btTWlb                156   26   86   20    2   22
  469 7671 HUmzVBCFxHhQfoSUTN    154   75   21   11   32   15
  470 7262 SNxMhafkxxOnEsSyIOU   153   51   26   15    9   52
  471 8423 jaBPSt                152   45   17   42   12   36
  472 5693 cPBZScZAoCEdCJeDTQ    152   10   32   27   73   10
  473 4563 fGaNcRNJkSpJUE        151   66   20   36    6   23
  474  770 Li                    150   44   47   29   13   17
  475 1921 rLEDgDNsVWoWVtnv      149   36    8   12   80   13
  476 3885 htEdNIeM              149   22   15   40    7   65
  477 1907 uoijD                 144   20   22   83   18    1
  478 1271 u enEjO               142   28   56   44    8    6
  479 3106 g                     141    7   15    4   24   91
  480 4298 nngyHluIeuSpDvLAZq    140    7   31    3   46   53
  481  114 aTWAUlXv              139    2   34   20   82    1
  482  764 MxvjLiRykBzlxrOfphWP  138    4   15   34   13   72
  483 5643 oxT                   136   14   51    3   47   21
  484 3655 bRMhohxsqK            133   86    8   30    8    1
  485 7320 gVXzMdRb              131   64   26    6    5   30
  486 9854 FIrcsFjpVBlkmcDpNaz   130   40   23   20    2   45
  487 7386 oCbeJN                130   82   32   10    0    6
  488 4631 qvQjTfdQ              127    9    9   79   23    7
  489 6836 Hbd                   124    7    8   47   11   51
  490 1669 UluJ                  123   16   17    1   25   64
  491 5980 Th                    122   37    8   67    9    1
  492 4580 MJIGEEFNwAz           114   10    9   27   15   53
  493 8445 JMJta                 112   10    9   26   33   34
  494 2142 y                      99   43    2    4   19   31
  495 3274 uagANAZfBfRPEUL        96   21    5   14   31   25
  496 4428 gtCxs                  94   21    7   12   27   27
  497 3822 OD                     89   18    6    1   62    2
  498 2898 AjxdwRYHy              89   38    1   18    9   23
  499 5463 afHDOtE                86    4   58   12    1   11
  500 5808 tydvI                  82   39    5   30    5    3
