    1 7349 jSmnYAdIrhXPsLi cgrG  440  100   66   83   91  100
    2 5732 Ib                    439   95   97   92   89   66
    3 3141 WcBKQ                 432   98   52   99   86   97
    4 6819 QjziCMXhC             419   88   84   78   91   78
    5 8154 NVQvc                 417   72   87   88   99   71
    6 2543 WQcPMNQ GxRzNZhIg     416   97   91   98   63   67
    7 4556 tcLzfohkXwQTVC        411   88   59   99   85   80
    8 3536 KhyeKQsDWmvp          406   99  100   48   89   70
    9 4092 yBzhqvtRQEJP          404   84   95   82   77   66
   10 1268 MBsAsf                404   55   74   95   87   93
   11 1364 n                     397   51   88   83   86   89
   12 2803 pVCemPpHRirVsspXSy    396   41   97   87   82   89
   13 1075 DiuLgJcqNBs           395   92   86   79   68   70
   14 6785 yuUzC                 394   57   75   78  100   84
   15 6987 PoHSFJRMeQwwHpD       391   85   55   90   83   78
   16 4301 wjpqxCSYeZCBq         390   87  100   35   78   90
   17 5459 qLGIQvJNrdAnvBrYeRgV  387   85   71   68   75   88
   18 5873 NCJaNfnilfPARFjiIu    379   83   93   86   81   36
   19 8977 TAUbCVPG              377   79   58   81   67   92
   20 7696 FbdVwMZtVP            377   87   56   66   97   71
   21 1724 GUFUsnnPhBKPmPU       377   62   98   66   72   79
   22 5451 ZtjsePSyjllJXFGI      376   51   65   92   78   90
   23 4687 Pw                    375   83   90   69   52   81
   24 8464 nk yaoc               375   86   79   59   64   87
   25 2979 ScvnUHOrX             375   81   74   54   79   87
   26 6260 o GRxPJdSGtygZCkcbg   375   92    4   96   98   85
   27 3639 BEclteNYue XJeHHGZd   374   81   94    7   97   95
   28 8404 sySnhIQhkXNnmCGh      372   78   97   65   78   54
   29 2795 ulV                   371   68   71   90   74   68
   30 6304 hDPDUzWlK nyntgXV     371   69   70   79   84   69
   31 2115 w                     371   53   96   60   69   93
   32 6246 kEQJFJPzmBT           370   65   74   74   99   58
   33 2901 mjRxYdsLCqquayNpVLD   369   82   99   94   10   84
   34 1488 x                     368   89   69   98   96   16
   35 7831 lWZaZjGPbpVPKBiQJwn   368   44   68   84   85   87
   36 4849 YytRKRBFKTtRrdTkuxAG  368   50   79   63   80   96
   37 8213 eERxyjut              367   20   89   76   87   95
   38 3681 l QlGDlSdtnTHhvLqlqW  366    7   86   97   84   92
   39 8995 wEDolAzXzSYRP         364   47   97   90   47   83
   40 7273 oDiAUkZGIMfiiQ        364   54   83   40   93   94
   41 5295 nYlxPrCAFSJzMclYFv    364   85   19   79   89   92
   42 6443 QW                    363   99   76   99   54   35
   43 6726 ZaufZ                 363   89   38   68   87   81
   44  482 gpHmIzJnsSVbQIPR      363   49   61   98   76   79
   45 5191 NqjNc                 362   80   39   93   78   72
   46 8656 XWvln kRTxJPExYCYP    362   77   27   99   67   92
   47 5892 OTLv                  361   98   17   93   78   75
   48 1328 WljGxXrSRhmfMM        361   10   97   99   95   60
   49 6693 RoA                   361   64   71   83   97   46
   50 2266 vDNOTYkX dbgD         360   58   37   70   98   97
   51 4699 WhKV                  360   94   63   46   82   75
   52 9954 NwtDDKeqdHOfvHXk      359   82   64   85   59   69
   53 9944 MYrAowIre             359   46   89   94   86   44
   54  878 IRQvEWTYQeEnuKfBYy    359  100   68   62   66   63
   55 3784 M JP                  358   37   88   81   58   94
   56 8410 nKokYPafHlKtatdxS     357   96   54   97   87   23
   57 6790 VWNWTWefB wR shkUV    357   61   72  100   40   84
   58 7802 baGjnB QjSw           357   90   16   94   58   99
   59 5009 GeMLvIELnpGpeQ        357   69   56   80   68   84
   60 8066 pnqrJGPNMokHwY        355   80   79   85   50   61
   61 7496 x                     355   91   37   82   96   49
   62 7561 p R                   355   85   94   89   51   36
   63 6736 bDGJvkj               355   92   71    9  100   83
   64 2016 lqyqgwnvVVnsM vWMS    354   62   37   84   75   96
   65 9153 Srp                   353   96   98   82   51   26
   66 1963 djm                   353   40   82   80   98   53
   67 5485 vmoprMjwaLJlAeGW      352   58   66   61   81   86
   68 2291 sXhRbwqHFAPuZ         352   96   63   35   74   84
   69 7590 FsvqPYHcnNqXvxO       350   66   91   54   68   71
   70 9045 viIirguUrSJoZOT       350   95   14   83   75   83
   71 5167 Q qCvambjzFsMK        349   95   84   47   46   77
   72 7482 OfgoQlqawwmZYFIllcs   349   40   69   73  100   67
   73  688 B                     347   83   87   74    5   98
   74 4200 NvYSJPcEkxhMhEqOo     346   87   53   84   57   65
   75 1188 RTg eNXtDdStWr        346   51   64   74   67   90
   76 9405 cSsMhal               345   42   93   50   64   96
   77 4844 zHGyqzwRvsFTAibF      345   57   31   97   94   66
   78   15 WbrkBHLuGIEcLtXKxl    345   95   33   86   53   78
   79 3583 EQnCE JzHNsVTHoRAn    344   63   88   37   99   57
   80 6808 FnQqo rD              344   20   70   87   79   88
   81 2860 hjFIoJEjFahw          343   95   88   90   57   13
   82 8224 nQvXOjMl              343   99   46   85   96   17
   83 4617 eZsfqZlELwDwLzDCvQQg  343   60   82   68   79   54
   84 4709 LLXEw                 343   85   47   38   82   91
   85 6196 lf GWBMZpTLNbKQ       343   58   45   75   99   66
   86 1936 GtE                   342   72   96   26   61   87
   87 5093 XXNdmGEAlp vUAnI      342   81   48   54   70   89
   88 2955 zhcIoFGCGrsQcqCZn     341   64   90   91   90    6
   89 1893 J                     341   51   35   83   94   78
   90 5547 ukt                   341   99   35   94   67   46
   91 1226 wPgqgG                341  100   85   26   45   85
   92  514 PQwoBUEhursppI        341   65   27   87   71   91
   93 2958 BcwAkDN               341   96   65   64   45   71
   94 3323 Spu nKjzH             341   81    6   70   95   89
   95 7890 QLkcdiwlsMLFGZSTFlAU  340   25   56  100   71   88
   96 3360 WhIbAvpgYLnvrol X     339   97   40   81   52   69
   97 6729 mTlvRKOp              339   20   85   92   48   94
   98 9964 mYXKbYF               339   47   69   87   77   59
   99 8708 CtI                   338   95   37   83   98   25
  100 8915 RCwhcC                338   42   96   82   77   41
  101  193 bfEw                  337   49   97   72   23   96
  102 5298 jwLAb                 337   48   65  100   75   49
  103 9921 RIHVvftJFIDyOIJ       337   95   30   75   50   87
  104 5267 vCyKZwXGpSJcbzBebA    337   86   74   89   26   62
  105 3275 aYdr                  336   41   52   53  100   90
  106 4778 yNDWUb                336   69   69   88   51   59
  107 9141 tMWlDpKIltoNRsjwD     336   88   11   94   56   87
  108 3551 xoSpdQgSFIZbPF        336   98   48   30   95   65
  109 6845 yHFEDxQanklIzrhzww    336   46   87   37   91   75
  110 6764 HIKTER                336   63   84    0   94   95
  111 3683 bdBIkvcPqzLmjAJmCpUF  335   85   17   94   69   70
  112 1595 XNkdxPoB              335   71   94   87   82    1
  113 3302 WPRIYdZvT             335   76   71   63   78   47
  114  249 vUFTgY                335   76   80  100   50   29
  115 8051 LEPsXYs               334   41   54   92   50   97
  116 5126 mAZchw m              334   83   96   83    5   67
  117  332 aPCRsRtxdPcawtaC      334   89   46   90   53   56
  118 4407 aGBnKMRVwSUX          334   59   88   57   82   48
  119 6293 ekUUMoEHLaFvnPxhAdjw  334   41   92   67   40   94
  120 6372 DBoJdhmhUFfPCVbh      334   65   67   87   16   99
  121 9465 ZOUvPCqN              333   98   57   91   19   68
  122 9640 CgbLJiESd             333   67   29   97   86   54
  123 9649 yQrd                  333   96   88    5   65   79
  124 3056 dknfhruahXjMXyKCjev   333   88   41   77   29   98
  125 8685 DRCmGF                332   66   73   93   39   61
  126 3114 GcdNikc               332   53   83   98   65   33
  127 4588 UMjdUqR               332   56   73   11   99   93
  128 4441 XHDWIKsvU             332   64   74   70   99   25
  129 1535 qIYsdVuagqhEonrCmZmP  331   42   88   82   61   58
  130 2418 Ga                    331   75   52   37   82   85
  131 7485 UOEfsDJNOZgrnRJXz     331   86   66   57   33   89
  132 1222 pzMqIrV               330   94   59   73   32   72
  133 2842 d                     329   57   63   73   64   72
  134 3402 DBz qxzFb Apsslh      329   96   38   33   98   64
  135 6664 DgqEEEUQZBsJThLxa     329   97   47   14   74   97
  136 7114 RWbErQvq              329   97   62   80   77   13
  137 8178 LcmXxipFMtn           328   95    7   86   62   78
  138 2844 LBEhDyLjuVLbFemSn     328   94    5   66   69   94
  139 2858 qBecJBboryJGB         328  100   95   55   23   55
  140 6158 oOeMiqDctS            328   70   22   63   95   78
  141 5265 BZzdrT llQdvaNE       327   51   81   60   63   72
  142 4118 rJZJ                  327   85   49   66   61   66
  143 6140 OmxgEfkPvWB uBleYD    327   52   42   39   98   96
  144  465 GcdmYPKCAFq           327   41   90   18   79   99
  145 7307 RliyZqEjFyOkxHIN      327   68   99   38   70   52
  146 7533 YhtCHS                326  100   97   63   23   43
  147 2619 TmXDz                 325   28   37   87   80   93
  148 3204 PmjQCCwBGgwnJTgddm    325   57   94   78   63   33
  149 3182 HNso                  325   54   75   49   67   80
  150  549 yoXpOVm               325   98   42   82   38   65
  151 3357 rnDGQItJqnrKbjtEnV    325   10   96   66   68   85
  152 1593 rpGoV                 325   33   91   52  100   49
  153   19 hAKlPMTECgfzI         325   75   93   24   69   64
  154 2559 BMTqfJjZ              325   97   26   28   89   85
  155 9803 tQDEmKDWI khAVLY      325   73   83   36   68   65
  156  309 SNykszYDbNrGU         325   35   41   98   61   90
  157  361 AicOo                 323  100   68    5   84   66
  158 5529 bse                   323   37   69   78   51   88
  159 2165 OsLVAl                323   68   70   96   57   32
  160 6763 GuzOAEm               322   17   95   74   69   67
  161 6569 perRO PxEnvcCHn       322   86   84   77   40   35
  162 4969 IvAUqJEl              322    1   76   92   95   58
  163 6674 xWBrX                 322   76   54   31   91   70
  164 9617 AKu                   322   60   39   78   49   96
  165 8578 ANsj                  321   64   76   43   45   93
  166 7711 vcVpoKro KegHOeX      321   61   65   62   57   76
  167 8423 YsbVaNgYVxhZ          321   47   39   64   99   72
  168 8516 UDtvgjo               321   44   81   98   75   23
  169 3502 pHnENH U              321   17   99   62   76   67
  170 2809 BhFNfYG               320   33   76   73   83   55
  171 1118 YgViQyLTjlaIUaexzxXD  320   53   88   76   41   62
  172 3315 HuuGeOHFODXRPD        320   28   84   86   31   91
  173 3655 rHPaR PZfwtXZswMmzCl  320   94   74    6   70   76
  174  516 WkWh                  319   95   66   34   56   68
  175 1898 Wr                    319   93   94   86    5   41
  176 1570 TbEzuDUwdnl           319   77   41   70   78   53
  177 5655 ggthXYlXcVNhP         318   85   81   56   56   40
  178 2333 JSUBgFNn xcRSPArwSVw  318   76   81   42   79   40
  179 6090 SvGDLhgCSdZgfFORd     318   48   35   84   85   66
  180 1232 wwPagYYplYyRpZ        318   57   54   73   74   60
  181 9014 hnepLArMRf            318   34   98   97    2   87
  182 1012 XeDeQpNFngulQiI       318   54   93   95   42   34
  183 8706 uVuLiY                318  100   57   68   19   74
  184 6958 nrJnyTNsfVKrABhFTB    317   69   20   84   88   56
  185 7258 qvmxp                 317   91   69   40   41   76
  186 2502 BVCZfJiwPApIJxACf     317   80   30   19   96   92
  187 5201 sowgByUQymsOIBLg      317   63   65   44   78   67
  188 8976 ueAY                  317   95   63   66   28   65
  189  495 OhlIxPcpZLOVKm        316   83   37   65   56   75
  190 6430 YloHuJUtQSqfTZMWPCvP  316   71   43   89   39   74
  191 3277 rOLFcu                316   62   99   80   48   27
  192 3917 XygqrhKAUs            316   40   65   92   55   64
  193 1262 FTwx EqgP             315   56   60   91   32   76
  194 9968 f                     315   98   43   68   55   51
  195 6873 xnTuiGcvSJaWZeruzo    315   76   29   79   68   63
  196 9553 rHQgYPLOIiWSa         314    3   91   42   99   79
  197  639 cbWtjQSRfncIbh        314   68   92   11   50   93
  198 6025 DtCu                  314    6   95   48   97   68
  199 4404 dMbGi                 314   39   74   92   81   28
  200 6744 LUTnkjqVGtKfPfDukdvB  314   74   81   47   12  100
  201 7601 oFKFOySLjUnDjAzF      314   46   88   76   97    7
  202 6453 dB                    314   81   80    8   54   91
  203 1913 Yv HcVjslfPYuHdK      313   16   61   82   83   71
  204 7130 nomHGbcTsej           313   92   92   57   72    0
  205 6276 NhV                   313   71   18   69   94   61
  206  916 aawj                  312   98   60   77   32   45
  207 8028 wvRuk                 312   79   79   83   65    6
  208 9403 WpZDwG                311   88   80   31   91   21
  209 5326 RFrmBwqAFAi           311   73   83   47   59   49
  210 1399 VlDljFJyzr            311   79   63   81   80    8
  211 8375 yoYJf                 311   86   48   95   70   12
  212 6382 GJaXzhJh              311   82   98   55   42   34
  213 6315 bpKsWaTOPXYMSppSMzL   310   14   84   89   25   98
  214 5443 IdzxkfbGdlpwudG       310   82   67   66   32   63
  215 8132 yeogAcAaWJkhMd        310   85   79   14   61   71
  216    3 HVR xvu               310   34    4   96   90   86
  217 9286 RaROAP aexQwDmvNjyYG  309   35   29   50   95  100
  218 5523 EIpcMqikV             309   79   80   55   59   36
  219  284 dJwJlyODiVbQpQIXeOIz  309   78   69   24   53   85
  220 4856 PTsgDmSzphFLuFl       309   82   16   96   92   23
  221 3126 wvnaD                 309   71   58   76   30   74
  222 8385 eRYHvk                309   97   82   52   73    5
  223 3804 FWhnpjvJc             309   17  100   63   59   70
  224 1164 RhUzi                 308   30   97   91   75   15
  225 9028 IbVaJsPLmsv nKR       308   48   17   81   70   92
  226 9914 HJtfVjiV              308   33   75   60   85   55
  227 3605 XTx                   308   93   32   54   88   41
  228 4549 tXwoWYCqGyTXECyafs    308   45   23   94   70   76
  229 2537 ZPYVa                 308   75    2   90   57   84
  230 6970 R YAhZMT              307   28   95   90   60   34
  231 8440 WFZt                  306   47   29   78   62   90
  232 4546 wDQRURZeuvdqFIvrS     306   36   98   55   35   82
  233 7946 pTJe vyBbVT           306   88   59   59   30   70
  234 2220 NKZaZgYRjHaAOmJHRC    306   74   52    3   89   88
  235 8023 DkBaNvGhotDYSFzjuju   306   88   64   38   97   19
  236 5210 XWn                   305   67   67    8   85   78
  237 3197 zxhfwAthA             305   83   67   51   48   56
  238 6473 Ou                    305   62   84   34   48   77
  239 6917 dUOOWdBXOaYPJsQauL    305   50   37   61   73   84
  240 8830 TsuHexhMHitbyxrKGRs   304   76   39   34   64   91
  241 8903 EMB                   304   51   24   92   48   89
  242 7564 iyz                   304   38    5   82   88   91
  243 4215 aVmrivGAdvouAtbyurbO  304   26   49   54   79   96
  244 5818 uqbpGwKtPMX           304   38   60   97   20   89
  245 7299 PVuEitHGv             304   73   40   97   81   13
  246 4094 oVBYRIZSPWvBl         303   27   54   51   77   94
  247 7015 IRwElkwxtBlOoeN       303   46   10   61   90   96
  248 8273 KZNtmA                303   89    5   27   88   94
  249 1725 bxuQBHqajuNWzNygDnrB  303   50   41   52   62   98
  250 8027 MPE                   303   39   52   94   65   53
  251 8570 KYCMxBFkCG            302   84   37   81   38   62
  252 2788 GFEAzowCtZloCzDCEvD   302   85   83   54   53   27
  253 3906 rfAbpLHkwuLtRCsK      302   14   93   87   51   57
  254 8615 V                     302   29   42   40   95   96
  255 4924 TYaGJq                302   97   36   88   62   19
  256 2489 sBOPuEAQlgGihnXwIuWO  301   49   84   80   32   56
  257  997 EmlVpKSSrRDnE         301   77   76   64   41   43
  258 5243 lQdesj                301   28   98   51   81   43
  259 7972 mizKTMwietbRhU        301   25   85   70   71   50
  260 1067 jfhyHQjnHpBgQkiyL     301   16   29  100   88   68
  261 9932 PdMbw                 300   99   33   61   30   77
  262 4267 zVqpvfTn              300   53   89   50   25   83
  263 6054 s                     300   32   13  100   63   92
  264 6810 VbaYC                 299   47   98   61   76   17
  265 9513 pxcRTScjSnrC          299   97   13   58   77   54
  266 1016 hRGuFLuLWMGSUAhrN     298   82   59   46   16   95
  267 3457 zvsIaEtxUkO           298   68   51   47   99   33
  268 3101 EbKft                 298   47   51   35   67   98
  269 9497 myJulIHvkUVQKBwpYh    298   20   44   74   81   79
  270 5036 XjGHFCut              298   91   77   32   37   61
  271 8733 blzOBtp RvRvMi        298    4   60   93   43   98
  272 2685 RIdjbRR               297   41   86   46   51   73
  273 9326 ka ahdnBOckFE         297   82   97   62   31   25
  274  346 pODvs BqKHSYHtfnBVNr  296   91   25    9   76   95
  275 2507 KQWKkXvN              296   82   38   59   98   19
  276 3821 eyDXVbYsOdjRi         296   66   30   74   92   34
  277  797 wdqYrBKBwYpxpNHHS     296   92   90   90   23    1
  278 6476 rV                    296   53   63   47   54   79
  279 9705 az HZasDuSrMJQHq      296   48    7   79   68   94
  280 5855 RTWV                  295   65   14   89   95   32
  281 5906 EG                    295   55   63   73   59   45
  282 1505 RGirqGKgYN            295   91   42   40   45   77
  283 3783 schEjrfOzax           295   76   63   57   30   69
  284  511 eorazdvlKWNHdd        295   79   87   65   25   39
  285 4808 vOPtEDRgcLyoC         295   44   49   94   84   24
  286 2293 r                     295   32   67   91   24   81
  287 5853 fBCRRy                294   98   40   33   35   88
  288 4286 yW                    294   97   19   85   53   40
  289 2457 b                     294   73   38   76   90   17
  290 6837 ktLrjaMhpFgTJNIEnr    294   79   91   34   71   19
  291 6719 yoZWWoOTrQceGcIPKn    293   34   49   46  100   64
  292 3915 ITBSErNuDgOttWPPr     293   51   86   72   31   53
  293 3854 pwSMQatIjIsQGcY       293   27   97   65   61   43
  294 1378 OvCBdfLArZUDzks       293   91   49   43   26   84
  295 6197 xiyQTcastUiyRfLU      293   74   35   46   78   60
  296 8515 COyCyhcRDzuRW BfpUmz  292   76   98   61   53    4
  297 6257 HgmoWYEWCQaD          292   68   40   40   94   50
  298 6762 sRvDEcaABoKWg         292   89   96   99    8    0
  299 9636 zb                    292   42   51   89   32   78
  300 1526 oZEjqIErKQGmDrPl      292   59   20   58   97   58
  301 4933 REp E                 292   60  100   80   15   37
  302 3139 DoSplwZRwOSqJaB       291   50   41   64   83   53
  303 9863 O                     291   60   92   90   27   22
  304 5691 o                     291   96   22   84   79   10
  305 7717 DHbLVvrNmMIlI         291   64   37   94   60   36
  306  779 oEGZ                  291   78   39   68   74   32
  307 6313 JYgs FQnQZiKjBZ       291   20   36   90   57   88
  308  369 pycuMEW               291   83   27   78   98    5
  309 2042 EKzbQG                290   90   24   93    6   77
  310 2576 SlQaqmQW              290   70   28   42   94   56
  311 1274 VhlEHYQ               289   93   41   83   27   45
  312 8216 seDPWTirxir           289   90   93   19   14   73
  313  924 bp                    289   52   77   32   39   89
  314 3191 VnwBO                 289   23   59   86   37   84
  315 1731 dHLBEm                288   99   60   50   12   67
  316  693 IVzRxxRa              288   94   61   36   73   24
  317 8183 IUnqWZd               288   37   84   48   36   83
  318 3932 VIhU                  288   83   41   46   95   23
  319 1361 HABdIKQtbSuScMTY      287    2   90   87   23   85
  320 4674 ZQBAqifgPASecpYihW    287   77   57   95   17   41
  321 1103 SCAGdZu AAX           286   76   56   73   79    2
  322 8705 cejwv zidlniwt        286   94   79   49   49   15
  323 6562 qMZ ZugrbDFZSuXk fg   286   48   57   22   60   99
  324  747 otYkSyQV zK CmBbT     286   30   29   68   96   63
  325 8959 sH                    286   29   54   82   71   50
  326 5954 IAXeMN                285   61   55   22   54   93
  327 4458 oNoZTwaHqNANRAPx      285   14   93   85   63   30
  328 8448 F BUd                 285   39   87   59    7   93
  329 9321 VZN                   285   78   81   79   40    7
  330 3104 x                     285   63   44   60   84   34
  331 5280 cEypzP                285   52   34    8   91  100
  332 6883 rtJbr                 285   68   62   67   31   57
  333 3999 CAAHHIWcWuYAKBn       285   83   64   72   47   19
  334 5587 fBvMdEliDfIuSYuA      284   97    1   83   38   65
  335 3715 Gk                    284   35   38   70   93   48
  336 8494 P                     284   99   46   67   42   30
  337 2389 fOmifnCGSVLKZlKeJrus  283   17   79   75   61   51
  338 9500 Segr                  282   41   89   33   47   72
  339 5136 FmuPwvvgdGGORh S      282    0   43   58   81  100
  340 8035 PisvLtneF             282   76   33   87   13   73
  341  241 xkDLksiyTmAKR         281   49   60   77   38   57
  342 9919 fTKbVOlWtLRLJbynXQVz  281   65   37   52   66   61
  343 4156 aILZeuwyEUTjJd        281   69   63   27   95   27
  344 6416 PDF                   281   35   86   15   78   67
  345 9665 RYzLTsDrFwzfd         281   58   82    1   76   64
  346  429 GfXOiwxnoYEgf         281   37   24   73   61   86
  347 5041 OUXS                  281    5   88   63   93   32
  348 7740 Xzthend               281   74   11   85   39   72
  349  663 qCu                   281   17   90   83   45   46
  350 6030 aaFQGaRSFObmFSUXaFQ   280  100   17   72   76   15
  351 8660 RqdeVjQVgCe           280   83   28   69   56   44
  352 4543 xWMcfWp               279   62   49   93   38   37
  353 8971 i                     279   94   75   93   12    5
  354 2873 ZLDDJozGPakUJ         279   53   66   32   44   84
  355 6285 wMH                   279   43   49   32   69   86
  356 6978 sxZHUxrKtkvB          279   74   89   48   30   38
  357 9404 tWhLxLFhcwoUsiNuieFm  279   67   42   47   45   78
  358 7995 PueojLvbSDNOCIm       279   72   69   53   24   61
  359 1831 iHNFXfWPBCi           279   77    0   81   90   31
  360 6709 LjMgAlxp              279   17   38   50   75   99
  361 1400 XKqarT                278   61   21   40   79   77
  362 8248 hHpIn                 278   77   66   21   29   85
  363 3164 gkBlvWJVAkG           278   48   79   59   58   34
  364 7370 xPHpxLpfhbp AYTV      278   41   49   21   86   81
  365 4877 cMgXZ                 278   87    6   67   77   41
  366 1020 xUpDJDkwHJuGBM        278   69   38    7   94   70
  367  272 dUPODBGpoFFuoyL       278   45   87   23   36   87
  368 9065 EgwkxYaTwYxmvwEedX    277   65    0   97   83   32
  369 1833 dHwSBbycOtAodFP       277   42   80    0   77   78
  370 1809 hAjZYvTHstnkNbNps     277    3   70   84   32   88
  371 4419 JPZxvddCavfxySkFTErM  277   24  100   13   98   42
  372 2729 aeELcvLYL             277   65   47   33   51   81
  373 4845 ofxydYECmzfTpfkSKjrZ  276   73   18   70   18   97
  374 5422 xURGRl TlbmwgCFINa    276   90   30   33   39   84
  375 4554 dk                    276    2   79   39   80   76
  376 6565 MSZzbgT ZdqM          276   91   81   34   59   11
  377 2525 tmtDJpeKAxq           276   88   76   10   20   82
  378 3461 aBW                   276   36   28   21   97   94
  379 1568 ELvuooxaerpC          275   59   33   99    7   77
  380 5934 r                     275   60   72   87   46   10
  381 7773 nhqRlIc               275   67   67   66   22   53
  382 8140 bRXnRHGfzXWgOAfE      275   25   60   99    4   87
  383 7640 EXsQPy                274    7   59   88   47   73
  384 1366 ePnvbQRTed            274   68   21   33   97   55
  385 9790 YtUTeIipkyPXC TWebMd  274   83   21   66   81   23
  386 7086 btX                   274   50   17   45   67   95
  387 4976 QZ                    273   28   52   90   61   42
  388 1172 zxXNkeGUGhfD          272   18   85   96   39   34
  389 6907 NVqJcASCEMEMe         272   20   87   54   26   85
  390 8202 S                     272   43   66   73   83    7
  391 3855 MMQdOPcz              272   28   41   88   47   68
  392 6603 FpgYuiMwUreY          272   56   31   86   55   44
  393 5123 IQY TNoMcUNTNAWSfpt   271   59   73   45   92    2
  394  952 JBtS                  271   13   93   18   76   71
  395   96 xiRAYjFCao            271   77    7   84   91   12
  396 5486 tJOPDIKih             271   71   54   44   93    9
  397 6091 jIXYTi pFuNIAW        271   87   77   50   31   26
  398 1966 OX                    270    1   52   73   79   65
  399 2310 rbLIcqY               270   15   79   39   79   58
  400 1618 AIcNbgnNGufo          270   50   58   41   22   99
  401 3493 avucGbrHCEavv         270   41   37   87   58   47
  402 1131 zaJPAXOCBZ            270   87   48   30   45   60
  403 2519 KB                    270   15   60   73   46   76
  404 6341 NkdqcWgrl             269   28   60   66   40   75
  405 9483 qMFbkAhhToLmmreqRlKE  269   75   70   43   38   43
  406  863 WltkLuwOSuKMwrWN      269   52   68   39   14   96
  407 5128 e                     268   47   37   54   94   36
  408 8521 TBtcTppJDS            268   92   35   46    5   90
  409 3419 vAkYGjtWrisQZ         268   64   56   33   39   76
  410 9730 HN  ZUn               268   48   85   15   53   67
  411 6872 uuaCIIaBwQ            268   36   86   84    6   56
  412 8319 ZKzeRZLTWAmVxCyit     268  100   97   51   17    3
  413 4038 rJRJUp                268   94   40   85   47    2
  414 8630 oozvNudrFJn           267   75   56   33   41   62
  415 8386 paEXlmNju             267   62   70   18   29   88
  416 9139 s                     267   73   83    1   39   71
  417 8850 VpTtsQtqIDIslWJDdv    267   81   44    1   68   73
  418 7283 QBpoQDVpkUtydeyeB     267   48  100    1   23   95
  419 1265 blAL                  267   41   93   52   17   64
  420 2933 xWs                   267   58   88   80   28   13
  421 6846 CpxSJYZtuoDgWF PX     267   68   58   29   78   34
  422 8544 JHDXtdobvCteWMX       267    3   11   66   99   88
  423 1880 WeEViapkDgF           266   49   10   80   69   58
  424 3659 BGNABKBoM             266    4   87   42   88   45
  425 8249 IUKwnrFqlKKpK         266   51   13   29   82   91
  426 9136 zS                    266   86   27   90   37   26
  427    7 p b b                 266   61   68   75   53    9
  428 8389 gagko                 266    6   41   52   88   79
  429 5895 LswsNYN OjiZhoWcCnx   266   95   21   89    3   58
  430 9025 alYCteKD TF           265   94   58   70   43    0
  431 8801 XFUOURT Y             265   15   83   14   84   69
  432 6490 YOnStmzyMEiG          265   55   69   40   12   89
  433 2433 aVbtWmPRtTIN          265   68   59   54   40   44
  434 7869 GvarN gYF             264   22   84   24   60   74
  435 3290 uYfwV zsOjyFZMBSO     264   77   11    8  100   68
  436 3471 loBOTlpsvi            264   46   21   96   73   28
  437 9780 xuSoCcwOj             264   43   45   33   50   93
  438 3559 fBazezAqAbGeP         263   68   19   76   22   78
  439 9650 mwNrYfUu              263   34   66   82   80    1
  440 4978 pjdrvtTksLIJ          263   23   80   55   67   38
  441 4350 ioAgzaaScLOhcCvW      263   28   86   18   52   79
  442 6935 ntrG                  263   35   95   67   53   13
  443 1192 CxDIBzVuzMlBBnnhaEx   262    1   64   93   69   35
  444 1312 txQkFEOZKvVBHa        262   24   39   94   81   24
  445 3697 vk                    261   47   47   31   41   95
  446 1018 kJ                    261    0   60   37   76   88
  447 2776 mlN ilophWqJvgJQ      260   76   26   73   50   35
  448 8600 MjSvMNlZ              260    4   58   64   49   85
  449 9362 rtPcHkPBXLZW          260   66   97   44    5   48
  450 4574 YehreAmKMgWxToUNNay   260   90   46   36   72   16
  451 3524 ktuMDWAYHAn           260   40   80   91    8   41
  452 2563 nREUtVy eEg           259   75   48   25   79   32
  453 1017 vkmYgA                259   75   95   38   21   30
  454 9708 lcYlMttassU           259   68   44   34   20   93
  455 4429 zYAajktLsNnRmPHWOzZ   259    7    9   74   76   93
  456 3833 AgxAgEMy              258   61   28   88   22   59
  457 7398 ka lNeUWBYOhYut       258    9   63   80   15   91
  458  491 vC                    258   78   14   50   37   79
  459 8203 FumFzAeoBmCvnOx       257   98   30    6   77   46
  460 2891 hIASWwlRPQ DL         257   22   27   41   74   93
  461 8879 zPpvrwCEelcQte        257    6   46   99   73   33
  462 4305 kRaReLiA              257   33   60   56   71   37
  463 2341 nUdLbjRoAepHkNf l     256    1   46   61   72   76
  464 2857 GJslEFktspUInyS       256   20   50   60   85   41
  465 5438 rNyQMxWl UqHZNdlbWa   256    6   45   75   70   60
  466 1031 YxKXHxCKLMQqSAzba     256   23   41   71   71   50
  467 4516 cguymduJsqCjfytmIvD   255   61   59   19   67   49
  468 9008 rOuqjOmW              255   87   33   18   20   97
  469  546 uucZuWBTS             255   39   83   71   46   16
  470 6384 xbyqgTgINNPgogz       255   42   50   23   57   83
  471 6748 ISlAwoTlLzzchz        255   37    2   86   96   34
  472 7192 yeWEtM XDwK rY xuDzx  255   90   52   19   16   78
  473 2603 QuiNgPGMo rUQ         254   26   69   64   76   19
  474 4735 c JaTjtmiYMZOx        254   23   82   25   59   65
  475 7997 U UMhxKJVtmWqSQNgS    254   43   16   42   83   70
  476 5035 V                     254   86   61   41   14   52
  477 4599 AEWRVZTtugGtL         254   48   34   34   50   88
  478 1846 nntTkvQdZMISdn        254    2   88   92    1   71
  479 4727 M                     254   84   54   35   25   56
  480 3026 CgW                   253   14   78   27   65   69
  481 9517 HaBeij                253    5   64   80   23   81
  482 2777 nhmJsesEarDFxNgNHBnW  253   43   63   50   52   45
  483 7832 xnrss O               253   11   37   62   73   70
  484 9243 ofMqzYAa              253   41   80   25   42   65
  485 6436 LuAPfqwMGjKMg         253   32   63   45   81   32
  486 1943 nFQKBVv               253   25   99   57   47   25
  487 7868 onPUYPRGycmdaWuEPIs   253   54   36   51   48   64
  488  357 SqlfQSHNA             252   98   33   69   25   27
  489 9368 HN                    252   11   63   71   50   57
  490 6977 ubR                   252   77   43   28   94   10
  491 3317 d                     251   86   47   29   52   37
  492  732 JgbjZqkQPuBTEFH       251   39   10   71   52   79
  493 2049 TnhqtsnNPTMKGwuYKiOu  251   83   64   20   12   72
  494 1974 AvJUhqweZqyZbPLGI     251   37   68   50   50   46
  495  652 iabeMyPiXRz           250   87   81    5   61   16
  496 6557 FsIVjYSKqSULQXo       250   46   74   74   38   18
  497 5341 IHhOufaUoscYbJLcwcyM  249   44   41   48   99   17
  498 5192 yjWtH                 249  100   90   21    6   32
  499 5184 QomIEJN               249   83   60   33    6   67
  500 7245 MSZqVxcFMJfaCAdGN     248   89   47    9   90   13
  501 6769 DE                    248    3   15   92   74   64
  502 4001 cHOObFAf              248   59   47    6   50   86
  503 5525 pjwDpMOCCORoezOrUo    248   76   53   40   71    8
  504 5606 BelYRZQZJ             248   71   79   45   33   20
  505 4348 CB                    248   23   82    9   37   97
  506 4606 bAnkNYoM              248   59   55   46    5   83
  507 6831 iGFbzNMWsyWybAGBrNE   248   58   72   86    7   25
  508 2569 CeZQRsiKRnmXfppHjQqT  247   47   70   56   44   30
  509  940 JJVLnlKA              247   69   96   12   30   40
  510 2681 p                     247  100   19   34   26   68
  511 1639 RGdQZiNTP             247   68   52   78   11   38
  512 2940 GKXtozacrwJoBYI       247    9    6   60   97   75
  513 7960 lKxNZgGfGz            247   72    3   79   78   15
  514 6343 GeNyGsBzXCF           247   90   75   25   53    4
  515  326 O                     247   78   28   49   34   58
  516 8458 NEUWElOPVqqEszcrvUI   246   22   40  100    8   76
  517 2794 OIVBewslh             246   57   95    7   48   39
  518  824 kSaW                  246   95   15   42    8   86
  519 7251 ntJphx                246   69   91   14   57   15
  520 3089 rQvfVlrSrwqOkdf       246   98    4   38   36   70
  521 6677 XJkFA                 245   59  100   42   17   27
  522 5182 SNk                   245   29   88    7   96   25
  523 3747 Fj zkMFvxXz           245   92   28   50   75    0
  524 6563 bURaVOrGtzGrFDJMVDlv  245   89   17   68   54   17
  525 1959 B                     245    5   34   60   57   89
  526 8187 pnu Bme               244   69   56   24   44   51
  527 7399 lIIZLJYQocoe          244   35   42   69   82   16
  528 8867 ieJGgEHvC             244   66   78   75    8   17
  529 8556 fms                   244   81   49   83    4   27
  530 5521 EfJpq MizUmqdVAFaH    244   37   41   91   17   58
  531 3745 xsfMvAHkNjtrxSZPP     243   12    3   80   89   59
  532 6081 jx                    243   12   76   33   28   94
  533  132 tBImtTcFafgLcojg      243   77   96   54    7    9
  534 7434 X                     243    1   91   11   63   77
  535 5455 tKPoJRkS              242   58   75   41   33   35
  536 8064 ytLPKmXkfupjjXRCHZ    242   62   82    6   75   17
  537 5441 wukmDRwvmqukZhc       242    7    7   38   91   99
  538 3746 iFOfnyWagybLdInqR     242    6   76    8  100   52
  539 5039 RSc                   242   33   30   88   45   46
  540 7423 rnjXNftatrOlNPOUTfD   241  100   15   72   14   40
  541 4569 xavyNOlXJeVcdAgRhqE   241   53    0   35   88   65
  542 9682 E                     241   40   28   99   53   21
  543 7734 UNWOSqC               241   51   32   79   25   54
  544 3532 HkJbmCTx AYmyrZ       241    3   75   46   41   76
  545 5071 eYlctHxCYukVnRbNSg    241    9   48   53   64   67
  546  496 LHta                  239   74   97   20   39    9
  547  638 kR                    239    9   51   53   93   33
  548 5148 tqFHsuA hEPHJnIpwLGN  239   53   49   74   13   50
  549  825 E                     239   54    8   61   72   44
  550 9309 cGG                   238   45   52   41   85   15
  551 3377 rgihiUp wNhad         238   23   94    0   24   97
  552 3908 kvLsoTMlclF luFRiSsi  238   14   76   17   66   65
  553 5856 LMDDwmBf              237   77   30   19   44   67
  554  368 oALf                  237   28    2   95   51   61
  555 3858 bVJjKsdQjLeeI         237    1   45   91   15   85
  556  880 vpToMEbcci            237    9   47   89   51   41
  557 6363 tOezzntXkwvIfhwDj     237   70   20   16   76   55
  558 4134 Ki                    236   71   67    6   32   60
  559 4928 lkrbnWtYRXOu          236   66   87   11   70    2
  560 8033 BHfCcUYYHuLrO         236   21   76    6   65   68
  561 4564 uvHYfNkx              236    6   47   20   85   78
  562 2001 IOAFSJuzCXVPCcbXYW    236   44   85   76   23    8
  563 3695 vbHe                  236   24   96    5   85   26
  564 8937 uDVj                  236   82   34   60   39   21
  565 3485 VocPWL                236   53   74    5   50   54
  566 2799 pLwauEC               235   16   21    9   97   92
  567 9377 VRDPMaQISt jhbBMRxwG  235   25   82   86   41    1
  568  978 Fir                   235   64   52   15   84   20
  569 6002 qjjDT                 235   64    3   96   65    7
  570  881 QUPHho                235   29   16   29   96   65
  571 4838 OfOiJEAFyXDwaC        235   52   55   42   85    1
  572 9020 DtrZeKEeYyRUUVS       235   51   67   18   86   13
  573 1502 udfITJDs              234   78   63   51    2   40
  574 9036 q ZqOfLNojRfqPHM      234   42   73   37   13   69
  575 6434 Tcx nACyQEyTTPWwRk    234   40   91   46    7   50
  576 9086 VJZgsQtQXelbxYBIdTco  234   41   22   73   84   14
  577 4879 Sp                    234   74   83   44   10   23
  578 4816 Tbd                   234   97   57   50   11   19
  579 2331 zmlqcuAMxZIIo         234   71   55   63   22   23
  580 3916 ssk                   234   53   73   27   52   29
  581 7631 dHMiB                 233   37    0   88   71   37
  582 2427 rOpj                  233   55   34   30   40   74
  583 3689 jk                    233   51   75   74    6   27
  584 4731 NGPVbiw               233   65   36   44   14   74
  585 5592 cysVsFxBe             233   64   72   67   17   13
  586 6465 MdbMFRsbJcjobOzQVezv  233   69   89    4    3   68
  587 9988 OQaT                  233   39   37   47   92   18
  588 4763 qORatCUZ              233   53   64    5   79   32
  589 9439 DLnbksFQVmcaRSrAYgxi  233   47   33   65   35   53
  590 4734 cNfVVkwtzFcxGCXFCzmQ  232   91   25   35   20   61
  591   49 JqXA                  232   95   32   19   44   42
  592 3553 N mGFuMs              232   51   29   60   83    9
  593 8548 AXdnFIbrkinAzIt       232   68    6    3   66   89
  594 9478 lt                    232   53   20   89    8   62
  595  492 AalyVTIcTz            232   82   10   78    0   62
  596 7072 lQLQtJU               232   17   57   98    6   54
  597 8193 mONcDSeYhENB BHybx    231   82    0   26   32   91
  598 4119 MfLlJPPyG             231    9   40   29   87   66
  599 8868 AGTPJHdTLeRWGDXbZwP   231   46   41   55   56   33
  600 1036 QouvMcvmGeD DxY       230   13   56   18   76   67
  601 4911 hMoBe ubYyGkwHhE      230   24   29   61   63   53
  602 4149 lVc                   230   43   68   21   50   48
  603 3007 OjkrZnmGlHidCer       229   76   69    3   34   47
  604 3934 uybLJHw               229   98  100   15   15    1
  605 8743 RnW nap               229   44   95   68   13    9
  606 9878 DaTVjQZRYnxPVXxOU     229   73   30   33   73   20
  607  305 n                     229   24   91    0   89   25
  608   53 YQrEPfdlTIrQk hD      229   88   59   68   14    0
  609 5163 DRptdbjVwqPFCRlHKc    228   37   73   26   39   53
  610 2396 Beqi                  228   47   93   34   17   37
  611  322 vyEpWsjppjPwWiMQ      228   54   33    0   75   66
  612   45 m q                   228   60   11   43   87   27
  613 7927 HsfLRZgrtZ            227    0   93   41   79   14
  614 5865 Ci                    227    1   15   62  100   49
  615 2697 nJKMTk                227   92   59   41   14   21
  616 8041 KaLEtv                227   18   31   48   91   39
  617 5735 CRswcjovxVBcsmU       226    6    7   96   68   49
  618 3865 gBnsPhubqnoIWtM       226    4   97   75    3   47
  619 1440 FQVYh                 226   58   65    6   51   46
  620 4344 yaODqwEY              226   50   34    3   91   48
  621 5507 XnNBjJ                226   38   28   36   80   44
  622 4047 bMbQRAiNtcau          226   82   81    0   61    2
  623 4649 fe                    226   89   38    6    3   90
  624 6216 pttGfgStyCLH          225   41   51   35   95    3
  625  506 OBnG                  225   34   36   80   13   62
  626 9380 YShknzcoQXcQxoCPy     225   13   47   79    4   82
  627 1301 pgHsmdatckbCfeWwaxEY  225   40    8   63   57   57
  628 3364 HWPsAD                225   79   20   34   30   62
  629 7237 XxnlMMcexyQ           225   68   74   32   15   36
  630  443 QJtKyurBBEPC          225   37   56   44   35   53
  631 2267 nyqhuUgS              225   14   15   62   63   71
  632 7161 VQNUhOlVz             225   29   12   71   88   25
  633 6553 GWWr                  225   20   27   41   42   95
  634 6716 QHXJjnJlxAJ           224    2   31   63   74   54
  635 5508 E                     224   34   29   50   66   45
  636  757 i                     224    5   74   92   48    5
  637 5367 uSqmN fccBnSLFK       224   66   56   14   68   20
  638 6567 mVtcZzOVPZ            224   41    2   64   85   32
  639 9188 wsHfvg                223   82    7   23   87   24
  640 6998 TpS                   223   66    0   33   81   43
  641 9219 DaCrZMqjzn gsQqxye    223   49   61   17   81   15
  642 5018 rprIftM               223   40   71   27   60   25
  643 9304 eSnfDauFlPBadBXecf    222   12    2   31   88   89
  644 5321 VgbjTod               222   62   38   40   61   21
  645 7722 mS                    222   35   60   20   73   34
  646 9837 bxTAILGIOzbOyH        222   65   25   33   74   25
  647 7987 uXcqhMiaCLAVA         222   33   36   30   78   45
  648 7259 ifSzcMVcIKONuSLaCiO   222   41   45   46   38   52
  649  894 LWaz                  222   10    7   88   42   75
  650 7882 RpepBI                222   12   95   63    9   43
  651 9782 EyiBGwfLaiIE          222   50   72   73    1   26
  652 4702 aZG                   221   91    3   68   15   44
  653 3447 LtGBnwJHNKw BQ        221   44   20   79   32   46
  654 1404 haXxYIXgxvw           221   55   38   30   58   40
  655 5413 hgBlx                 221   41   74   26   60   20
  656 1080 PdaifvaJOwJTPFyQG     221    9   86   55   60   11
  657 8526 ij                    221   17   66   25   32   81
  658  273 PE                    221   12   80   93   16   20
  659 7451 AuEHfwjW              221   81   26   43   71    0
  660 1038 m                     221   20    9   58   35   99
  661 2505 radOhyll dOnSGTjI     221  100   37   19   57    8
  662 2993 ZwFIMVyuXqD           220   21   34   38   38   89
  663 1791 gPhvtizemC            220   28   10   96   59   27
  664 4834 eBeKRpQOEJYBdEG       219   59   45    9   61   45
  665  786 YKWOQSZowFfFqNhjPcen  219    6   72   34   87   20
  666 8038 sMqiVdhy              219   71   60   76    5    7
  667 4610 Tlt UynxdLY           219   75    3   73    4   64
  668  117 OOUhyoRkHczoY         219   47   49   32   14   77
  669 4196 ZhTUJuczzFId          219   20   68   27   63   41
  670 1347 cDy                   218    5   63   60   89    1
  671 6583 OUqvqKoqywG           218    4   99    3   95   17
  672 5875 PXMkBOpVoyyR          218   21   99   31   20   47
  673 2215 yDjVfupVSMK           218   13   63   24   77   41
  674 9228 dHpeSuQnJirqrl        218   22   53   33   88   22
  675 4451 LTOcRCAGKOZRVQKt      218   66   81   37    6   28
  676 5412 DTaxz                 218   18   47   45   66   42
  677 2863 eRCS                  217   45   20   54   39   59
  678  470 bQm                   217   25   64   86   23   19
  679  531 Tty                   217   47   12   93   16   49
  680 3764 oQLCGhiqAPRbRiAC      216    5   28   62   73   48
  681 7589 pupWAM vE             216   22   61   22   75   36
  682 1097 wsPavOILBL SNzzfv     216   77    2   22   19   96
  683 7611 FPVxGPJvHw            215   93   55    2   36   29
  684 8831 XgtdYRY               215   73   41   45   54    2
  685 8935 GRvftXaavNRskidS      215   13   93    6   26   77
  686 8380 wr                    215   86   40   22    5   62
  687 3884 VCfOnyc               215   21   92   18   19   65
  688 9539 JFMekdjVKmeKvFfW      215   33   54   91   25   12
  689 7806 XLKvdevm              214   94   38   18   25   39
  690 4775 iO                    214   12   82   59    7   54
  691 9597 YFybiHMnFAJCJOrSadI   214   46   16   65   28   59
  692 8304 JU                    214   44   59   15    3   93
  693 3076 xcvcPkfpEClwsTbcXE    214   45   92   36   20   21
  694 9855 WGEzozNZTFBKmNEkGWgi  213   48   34    7   26   98
  695 6820 kaOkU                 213   52   85   15   47   14
  696 8352 zcuqz                 213   24   21   74   82   12
  697 7228 bUcasFyRerQ           213   36   31    8   41   97
  698 7001 roLs                  213    3   37   33   68   72
  699  969 TkGSP                 213    6   65   42   13   87
  700 7483 iJGcGaPZYR            213   86   52    5   11   59
  701 4670 nhlaXUFBNn            212   17   32   26   43   94
  702 4252 frzXjV P              212   52    2   66   34   58
  703 8788 yFGaIquxNEQvfsTn      212   65   68   31   24   24
  704  595 NEukJLl               212   91    5   20   64   32
  705 5977 bVnMWvmHVTqRZijr      212   13   11   86   47   55
  706 7348 kgiMruWUgsHuFArVS     212   46   15   89   25   37
  707 8467 Ywu                   212   80   52    9   48   23
  708 3137 jCG                   211   84    7   43    7   70
  709 2724 eRGHAVy               211   75   24    7    6   99
  710 8449 SMg                   211   17    4   62   99   29
  711 7925 FORHWHdLoWoaLUj WnO   211   21    5   55   90   40
  712 8650 kncXvaC               211   90   73   19   24    5
  713 7010 VHBYdLCBVUSIIoZVvUKk  211   48   69   22   31   41
  714 8305 VwXrPiXNbeDEAEkEEIt   211   16   36   32   61   66
  715 6474 F                     210   19    8   41   65   77
  716 5514 Bfrluq                210   32   90   18   29   41
  717 1275 OqWAsWWqWx            210   81   84    7   33    5
  718 1249 hvYvATAbf             210   75   31   34   48   22
  719 6059 YfyykaMRkq HL zA      210   38    8   90   53   21
  720 8899 dYBGdqkNVqaNoTPTz     210   69   63   72    1    5
  721 3331 IcxNldCGpc            209   49   63   11   61   25
  722 7530 OJCkz                 209   72   22   14   71   30
  723 4362 DhJ IKXbqay           209    4   72   18   58   57
  724 8880 pvpTnINcP             208   50   66   23   61    8
  725 9777 ZNQsTsfIWyNqroa       208   20    6   99   60   23
  726 2895 gs                    208   65   19   38   74   12
  727 2363 KMiKOBeZmuQ           207   58   40   61   48    0
  728  807 QYtYPwQYOEYOXFycVc    207   13   70    0   99   25
  729 9052 o                     207   34   93   30   24   26
  730  280 nqQW FZB              207   24   85   52   38    8
  731  448 VAQbwhonJzugKTmtgQ    206   51   15   58    0   82
  732  489 w                     206   13   84   80   20    9
  733 3734 WQnXoxgRviwfz         206   32   38   19   18   99
  734 6568 iRmQI                 206    2   45   27   98   34
  735  325 dpHkSNzVlcWFnbSoLdb   206   63   21   49    8   65
  736 4394 bYMvWhwuRzmGNo        205   41   65    5   69   25
  737 7408 mzcnXpCRcVr           205   42   47   40   64   12
  738 6068 QZnukGZMLA            205    1   87   81    7   29
  739 4571 pcsSoxWkBtNYhPVQwuZ   205   67    3   66   51   18
  740 7532 RZGSqjLJpbnjoIsd      205   43   40   12   53   57
  741 4128 myS                   205   46    6   57   18   78
  742 5983 cwgKLKAyIZHvuylx      205   31   12   29   53   80
  743 3213 GrmxYM                204   91   30    0    1   82
  744 3030 rbNU                  204   31   45   19   29   80
  745 2696 SlBQFJSioQuK          204   34   95   29   19   27
  746  900 ycd                   204   44   48   19   34   59
  747 6108 EkXqe                 204   16   25   42   49   72
  748 8161 JGXtAER THyJ          204    2   71    1   90   40
  749 9364 UqrP                  204    7   40   34   24   99
  750 5254 ZxXvclPgxpZl          204   11   30   93   69    1
  751 1771 isMMahuZgYsCNpVWmIxR  204    0   76   61   12   55
  752 5815 UBRqTIDMHtckNNnYFVU   204   70   81    0   18   35
  753 7330 cavYyIUlLkLvG         204   20   62   61    3   58
  754  641 OS                    203    2   35   80   16   70
  755 7536 YfNXrmPL              203   79   64   39   21    0
  756 8138 lqPTB                 203   18   58   65    8   54
  757 3024 aoQvXkMALetafyiZpnxX  203   32   29   63   72    7
  758 6109 JlcuK                 203   99   68    8   26    2
  759 9222 PkSJAexm ApsNwwxLlPT  203   41   30   39   64   29
  760 5980 lVpohsVJRHLolil       203   16   45   41   36   65
  761 3336 yKWIDR                202   58   93   34   16    1
  762 8436 YartrtdTnNQlMXh       202   64   82   40   10    6
  763 5494 EtAQjRIQa vvAmyfcVb   202   93   59   37    9    4
  764 1049 Pk                    202   69   22   28   74    9
  765 4306 w                     201   48   40   64    4   45
  766 6802 MHwSwQyygja           201   16    7   79   49   50
  767 3049 TMgollWwQDWLS         201   71   88    6    3   33
  768 5099 HIDsxPz               201   28   69   53   35   16
  769 2572 GKZSzUAo              201   43   26    0   73   59
  770 9101 t                     200   33   30   61    2   74
  771  110 BPpyoyqLuYrCyJGeVS    200    4   71    6   29   90
  772 9494 RnM                   199   33   94   35   18   19
  773  135 yeYEVcFyMOwdMAsVkV    199   55   34    0   59   51
  774 6921 MDA                   199   87   23   16   47   26
  775 4895 iCGtoiCOw             199   59   36   95    5    4
  776 2540 vPQSdTCCNVJbAfPI      198   53    7   63   55   20
  777 2480 T oOwbJubHimwPBWikcX  198   55   16   50   16   61
  778  845 Vfilvz                198   70   16   19   66   27
  779 8470 UlvB                  198    6   11   79   88   14
  780  967 NlKEXSYvgLIOt         198   77   13   57   28   23
  781 8160 DkNfHBaHHmRlqZ        198    5   49   17   76   51
  782  567 AWyaFJvPAvfTlJGp      197    6   49   43   34   65
  783 6387 iUeiBLnM N            197    2   79   22   75   19
  784 3088 TAYC xrqwyjy JDnoJ    197   78   59   14   22   24
  785 9958 XVLzcPSOV             196    2   71   36   74   13
  786 5986 O                     196   41   28   20   21   86
  787  665 hoWEHRvsY             196   52   52   27   36   29
  788 3145 wqtZKfseJfheZjeW      196    7   20   53   33   83
  789  128 czfATqhh              195   83   12   81    3   16
  790 2504 GQinNlipdqR           195   56   16   46   22   55
  791 1357 DsUxVHBoRfReoTGPu     195   16   86    4   31   58
  792 6950 CshFMogxmcPqFB        195   52   27    6   16   94
  793 4827 FQCoPSxweGWUtcfrfsO   195   49   64   43   22   17
  794 7948 CYR                   195   50   30   89    9   17
  795 8809 GDeJWyQJoKGaRo        195   34   29   15   48   69
  796 6080 RynmKLxXQE            194   55   43   57   34    5
  797 4034 yShDf                 194   28   88   53    9   16
  798 3789 bGq                   194    9   23   98    3   61
  799 4620 OviHHnOySfF           194    3   38   50   78   25
  800 2158 mCOQzsWSgC            194   38   21   39   18   78
  801 3828 WPgkrWLPMfGvTVFXMZf   194   68   44   56    5   21
  802 2990 iTEKoUWGA             194    6    0   42   56   90
  803 6049 ndSOfIzjwDoV          193   13   11   68   85   16
  804 2302 d                     193   15   51   35   19   73
  805 7689 qEXBhgbafLz           193   81   35   51    6   20
  806 2804 WDTeVXvEBvh           193   31   14   89   52    7
  807 2526 swDqtoA               193   50   63   26    5   49
  808 1820 t                     192   48   39   74    6   25
  809  950 YLVkmrt               192   24   44   17   59   48
  810 1177 cKitEWeBjwuhpwiB      192    6   84   74   20    8
  811 5924 BQvEzY                191   62   32    1   67   29
  812 3776 txeCWc                191   17   44   80    3   47
  813 6495 BRwPCH                191   48   16   84   31   12
  814  810 FVTAYuURhZ            191    8   24   24   41   94
  815  678 I                     191   34   34   87   30    6
  816 6803 zOyTlRvGj MzoYqR      190    3   50    9   49   79
  817 6417 fXBiE                 190   28   20   13   64   65
  818 7308 NLcWMCkWHqA           190   14   25   17   88   46
  819  673 ApQFVx                190   35   33   10   77   35
  820 7315 wHdUukapplm           190    8   15   41   55   71
  821 5603 G                     189   12   31   81   13   52
  822 2338 qbcYktuYLDMmozcfEQf   189    7   11   84   18   69
  823 4158 cft FXIMYHDhoEpztj    189   19   59   35    4   72
  824 8859 rN                    189    3   20    6   92   68
  825 4886 IyW                   189   70    5   23   79   12
  826 8876 vwBHvrNFyHoLA         189   79   19   14   43   34
  827 3332 wUkCgKZ               189    2   16   19   79   73
  828 4714 qoxVVUgiRH            188   49   30   74   31    4
  829 3150 jXgnqOnAvlwlInM       188   76   26   12   67    7
  830 9638 yccSRKuRF a           188   65    6   11   25   81
  831 7556 wukcAqyurqWCYpRC      188   51   48   56   19   14
  832 2924 gtDIlzMVGLCVuZ        188   18   45   36   41   48
  833 2117 UFpVt                 187   25   54   33    0   75
  834  617 OzbVyGynNDjVIpo       187   80   46    2   13   46
  835 5161 GtkH                  187   86    0   70   30    1
  836 8004 cxJHySyzQXNrIkoYcbD   187   13   55   35   22   62
  837  475 mPxMaJzdNi            187    2   33   13   78   61
  838 9128 n                     187   13    1   89   33   51
  839 4040 trdVTqtyQTZTB         187   13   40   89    8   37
  840 3943 wCldhlLknLcOSgivjGUD  186    6   26   71   17   66
  841 6235 hontcALSLOujSNKL      186   77    4   10    3   92
  842 1026 amsxYZXQvzPcrjD       186    4   52   14   42   74
  843 2139 FEpVkR                186   30   23   67    1   65
  844 3185 snEAQNBHZdHSDWdXH     185   48    5   42   13   77
  845 8073 EnQK                  185   60   59    2   14   50
  846 1933 QqFfXtkXFNNjK         185    1   22   45   57   60
  847 5607 cKbpohkVehs           185   28   57   29   47   24
  848 5005 LfQUCLtMkhx SXY       184   82   18    3   81    0
  849 1296 DOZzEiRllckFyFFjol    184   95   55   17    0   17
  850 4427 TfdTYINaFc            183   73   38    0   52   20
  851 4633 YY                    183   49    3   28   62   41
  852 8446 TOtKoedFgrRgHj        183   20   82   29   51    1
  853 3649 VkwqQMN               182   31    3   71   60   17
  854 4521 ChiJctCv              182   72   43    7   21   39
  855 1785 DgqVcc                182   32   27   34   17   72
  856  466 wFcVMbxXve Y          182   36    0   69   41   36
  857 9123 KU                    181   32   28   98   12   11
  858 6367 O                     181   58   12   80   12   19
  859 7562 GxXBtPGlQIyrmqrB      181    1   19   51   14   96
  860 2154 IQNbVWsirPpIFfpHRcC   181    8   49   55   31   38
  861 4007 CfdZJEISd             181   70    6    0   56   49
  862 7644 yUUJwYyOsktFTswe      180   51   93   16    2   18
  863 8377 rkipB                 180   13   21   27   62   57
  864 9265 b zfdajHrmHH          180    3   87   54   16   20
  865 4746 wAlZtiHzrzJTWdW       180   48   42    9   48   33
  866 8242 Zpon                  180   29    0   57   19   75
  867 9805 tH                    180   10   20   73   76    1
  868  744 WiBoTf                180    3   50   76   30   21
  869  982 DoNmSWdcBRiAcJbO      179   28   72    8   56   15
  870 6758 ZF                    179   18   66   36   35   24
  871 9761 z pmvjknhkZOiJE       179   55   32   14   43   35
  872 4954 JBClXeNBwjxauce       178    7   65   27   50   29
  873 6797 EkQFGoLSQMdi          177   29    8   45   35   60
  874  664 snE wEBlvsvKZmlwJQ    177   27   38   64    8   40
  875 9106 Q                     176   45    9   82    1   39
  876 2658 VoBMTsqTiaAWqZg       175   27   18   48    6   76
  877 6591 wmT                   175   22   16   62   54   21
  878 6798 DNkkpdSJRocbBfrr      175   49   21   64    2   39
  879 4054 hSrM                  175   11   87   33   26   18
  880 4805 IbKOHWXcszfLjIGeHlC   174   14   31   79   24   26
  881 6649 mhHCdwSqIcg           174   22   34   43   22   53
  882 4473 phViHcHATmWKlPAm      174   50   32    1    4   87
  883 6691 XlJAREYvLgCTjncENN    174   31   43   69   24    7
  884 8232 gfYnsQ                174   30   71   65    8    0
  885 9149 ajW                   174    3    7   54   41   69
  886 6042 qNxiInUsq             173   11   60   61   29   12
  887 7685 svUEJnxfBMZMpq        172   41   14   56   33   28
  888 2626 ijQDvJaNsZXtAToVXdJs  172   36   28   28   17   63
  889 7094 ehvkJVYe              172    9   24   71   28   40
  890 5091 pNRYLQR               171   40   30    8   45   48
  891 2961 RYBvUOW               171   56    5   33   55   22
  892 8918 bDZthC                171   41   10   24   17   79
  893 2907 ZpCsn                 171   40   68   28   31    4
  894 3188 CTPHkI                171   32   37   73    0   29
  895 5640 ESprUlQr              170   22   59   37   22   30
  896 4974 bs                    170   34   17   10   44   65
  897 9426 Bugk                  170   22   59   11   66   12
  898 7129 pKXEYXzgL             170   59   53    6   24   28
  899 1266 UlWxnWgFQn            170    6   68   72   14   10
  900  624 c                     169   79   20   17   15   38
  901 4327 NeInJAzbwOW           169   29   76    3   15   46
  902 5826 BvldYw                168   44   24   53   10   37
  903 4033 q de                  168   45   96    4    5   18
  904 8794 pLltYANmyhl           168   22   10   96    7   33
  905 8727 UUOZcqmOV T Hzm       167   16    5   82   22   42
  906 8223 FdKdXir               167   30   57   11    3   66
  907 1006 zVRqjNvNoGnGTdA       167    0   44   61    6   56
  908 2591 JGykvjBwVgFjxLytm     167   14   52   25    4   72
  909 8480 KVvoViMEFUHJ          166    1   59   40   10   56
  910 7477 QujNdFpF              166   49   33   71    1   12
  911 5822 mXMyaMI               166    0   18   82   33   33
  912 9716 pBSeHeQ               166   13   13   66   10   64
  913 7502 dCBCcYuAlu            166   33   97    1    4   31
  914 1643 IFPSIWaokBJCJ         163   37    4    2   27   93
  915 1464 ZUXBjxIfd nEZvyInJ    162   76   12   43   22    9
  916  565 Hi Y                  161   39    8   73   33    8
  917 8209 MJmVyQCvn             161   40   22   39   60    0
  918 6983 tEKbyPAHOH            161    6   89   11    6   49
  919 1456 wifkqyptyxr           160   22   39   49    4   46
  920 4144 tiEzVXYNalApvDJYfnv   160   39    5   53   54    9
  921 4444 zDDRRt                159   11    7   26   55   60
  922 6269 fGrUfXyACeWZo         159   22   42   36   57    2
  923 6912 KqdknCGTwZ            159   96   20   20   16    7
  924 3251 NpSQfrCVZFfHpJqJetTD  158   18   81   11   33   15
  925 1138 CvHBPjHN JLlgmPfcJ    158   86   13   15   30   14
  926 5268 DTWhuDDhMHXr          158    8   15   67   39   29
  927 7800 A                     158   24   46   10   20   58
  928 9874 i                     157   32   41   20   53   11
  929 9857 hPGkOPsMvDhau         157    4   60   22   18   53
  930 9246 wyxHCMra              156    2    3   86   20   45
  931 7080 e                     156   42   15    1   15   83
  932 4227 hh                    155    5   97    0   39   14
  933 6006 IyDZT                 154   42   19   52   12   29
  934 6036 vHvf                  154   39   16   69   30    0
  935 5331 TVezSBrnCVXkShviGpoH  154   23   20   63   12   36
  936 9241 xcI                   154    8   86    8   31   21
  937 9607 dS ukLcOLzFaLXaQZIrR  152   44   23    9   21   55
  938  640 psLinxQcPYZDP         151    7    0   17   92   35
  939 7148 nj                    151    0   14   23   27   87
  940 7364 iWqrkBimmJcPZMwPK     150   70    3   20   56    1
  941 6745 JyYBCm                150   30   34   69   12    5
  942 8608 ENVbd                 149   47   40   14   30   18
  943 4774 bWDRqR brEb           149    3    7   76   61    2
  944 8022 ihWbevtWy             149   11   19   84   21   14
  945 3846 WpVdgpJKG             148   24   15   29   39   41
  946 3595 dTDoOmGNxlkAecvl      144   49    2   22   27   44
  947 5516 WfHCcYSpiGOWjv        144   40   54    4   21   25
  948 4062 duLsSnhBSuWgfbdD      143   44   27    6    9   57
  949  964 xjwZgaUDyrgOnyChs     143   29   43    2   24   45
  950 1661 M                     142   29   47   39   21    6
  951 7047 crjUZyCPnhefYG        141    3   24   26   26   62
  952 6386 GSTyqpShvowi          141   44   20   42    6   29
  953 5809 yMOscyXIwtgGFGeGalg   140   35    1   97    1    6
  954 8563 laYqcRkBiCBlYSfo dS   140   43   28   28    2   39
  955 5893 OhvGB TaDD            140   11   40   24   58    7
  956 1040 kLHVTSY InP           140   30    5    4   63   38
  957 4253 SuvOOVM               139   63   14   53    0    9
  958 9765 LHKsJd                139   39   17   53   24    6
  959 5629 gmzYmixCUO            138    0   26   15   51   46
  960  138 dbknwVZsciTsb pXnMiZ  138   21    2   42   55   18
  961 8406 vbylkVaqAsq           138   31   33   48    4   22
  962 1139 hAoqjYSXU             138    1   94   14    4   25
  963 1903 AHuBDJyZakWs          137    5   95    2   27    8
  964 2604 mNUEWNx               136    0   57   66    2   11
  965 7857 v                     136   84    8   20   19    5
  966 4064 fLhtxUUBMdLRqT        136    3   46   49    0   38
  967 8241 OF                    133   35    1   19   32   46
  968 7895 QBmWLJsGGhWOlx        133    4   74   17    0   38
  969 4390 CZChtsWPrNDDzJc       133    3   51    1   71    7
  970 1823 fvwAEFJxg             131   41    0   18   48   24
  971 1356 E                     130    7   65    5   32   21
  972 2747 hb                    128   33   55   12    9   19
  973 9423 KXDbiPVkIiej          126    3   26   16   78    3
  974 6262 Rhl                   123   14   62   41    1    5
  975  590 fKvqZFuF              123   23   45    5   17   33
  976 5532 oDgwBOCUPqCBY         122    1   53   19    2   47
  977 5416 CJGCqgI               122   69    7   26   20    0
  978 4729 GlCRbbe ykYQtTL       120    6    4   11   61   38
  979 9155 JGRMkSSVDe            119   18   75   13   11    2
  980 3081 AJt                   119    9   65   13   28    4
  981 3039 vHCyDBBjmdRDdf        115   19   42   31    6   17
  982 4707 znTjvZFr              112   59   10   22    3   18
  983 4850 MEdZJsocIk            109   56    7    7   14   25
  984 6866 pOUuUlotjspGMouiTHjA  108   65   20    4   16    3
  985 9479 ZIEantczAG            107    0   52   20   30    5
  986 5439 oXRqIzeCqK            107   57   13   11    6   20
  987 9535 ZzPSOQYaozMMzx        105   53    1   50    1    0
  988 7568 lTycNItILZeUjXPrON    101    4    6   23   30   38
  989  993 TRXVaTlXgciBhTE c     101    7    3   29   41   21
  990 1482 kOwPININVichzHAbQP     98   25   19    6   40    8
  991  879 hfTZTwmwC              97    2    2   19   27   47
  992 3080 bFRHQLLXTUgnsLBlNG     92   50   11   10   20    1
  993 4041 rMNBGQ                 91   19    2   45   25    0
  994 5824 NatlsObdKi             85   19   26   13   25    2
  995 1952 vHYjTLH                82    6    4    1   26   45
  996 2071 vjTDEEfYUTFcObc        81   11   57    3    9    1
  997 2386 D                      81    3    1   18   18   41
  998 8901 jyhnoazuvclKwTTlWF     77   29    2   10   13   23
  999 3256 HuOneYeCvnFtLv         76   33    3    2   19   19
 1000 3227 PvABnUUQBPT            71    5    4   28   12   22
