33289
1044
70692
59593
457
12208
15941
21741
47140
45561
8598
36081
21837
11976
60830
20888
40022
4484
1596
59211
16077
2287
49416
25002
6871
22413
26933
39314
38792
29402
47775
34673
714
26800
26321
659
787
9983
90
15479
74256
3971
4280
36834
40310
17319
9191
29813
36391
30790
45144
20754
0
21008
2413
1854
23147
21177
5500
10296
22713
3219
10006
20043
3814
8482
39554
25240
20942
27365
43808
13753
2382
12337
7686
17788
68144
12635
17812
6010
39734
5626
7343
14969
55798
11490
63100
24559
7279
53401
57142
14369
5753
319
34941
49935
4880
64743
15352
30629
14716
18717
13071
13823
8757
21741
66135
23493
960
6045
49115
59434
4908
60842
51417
40641
2705
55680
37761
13523
38677
33531
6925
11490
35790
14531
11769
6813
37526
17206
44124
51557
0
36691
13751
24662
32333
17632
34417
14470
22164
42738
24536
35573
28546
55489
14942
51688
43259
4535
13190
22520
6407
25779
17590
17182
48100
38233
32843
51142
12439
47123
29219
0
3204
54035
52973
68648
18876
26269
11345
47169
50089
1200
47775
62087
25221
2562
10064
52379
39205
52502
62259
3984
37001
10043
36584
38971
27044
56940
1643
58557
15947
7037
14898
21284
18832
337
16816
32742
38158
12719
66453
10876
12876
1423
30186
45052
14856
29024
1926
7673
14069
3543
293
6971
2199
29367
5771
34461
28911
360
19435
7851
45359
16451
18592
52630
2706
41897
668
5593
39932
1715
1320
1164
269
6023
3868
28077
17502
43732
4361
44852
1334
1049
74098
34607
6429
25103
1848
38664
23493
25406
8109
24901
21465
23701
23658
2990
16197
29024
11933
23064
32130
42680
21392
26613
32093
31157
44556
76099
14680
2766
1920
919
1548
19761
31406
1092
2101
43740
65457
31562
23066
1645
32245
20602
60370
43890
1433
57676
61430
14597
14709
12762
42520
39758
36866
8882
14225
26036
5121
6868
15340
38117
21351
54244
23534
1643
11465
1088
51681
29973
4444
36199
59264
37251
1405
9910
23672
66970
48100
57259
45793
13296
26726
20754
1464
40172
24858
1973
37569
3798
61354
34887
3837
18795
26734
23001
58116
46314
6482
20163
53745
46194
16253
2770
15282
43377
5105
47230
0
3600
1872
7184
22535
37429
23421
63941
4639
14621
34534
3528
36257
22576
15900
15243
22864
3778
20197
49428
59269
14459
2202
5346
46367
54617
41006
7329
10006
11993
2100
4992
22714
39890
1408
11963
8460
23875
39239
44056
18534
41311
28902
13816
4519
7314
26733
19252
24251
17539
52606
11058
32585
11541
52120
293
23296
56080
46723
5254
25390
25220
11964
46416
10974
14416
27044
62797
40841
26734
2155
27681
20374
34417
8960
33132
17309
3158
1063
27229
5927
68060
5549
51551
26270
37777
28834
6645
53320
6811
42371
4836
43931
14404
11003
44075
65493
21008
26325
15609
31538
41185
21431
2905
61802
75746
48274
7664
57232
3624
9382
43217
5159
22600
44044
4476
9953
41111
37328
11431
17254
18401
1896
35901
57689
20348
44807
65500
691
0
23473
44267
69278
65803
73003
26272
17206
10536
54864
17430
30339
36794
19252
11703
31731
24177
12695
16419
7732
14898
38540
38420
9438
14303
719
48334
37410
25689
3179
3698
21741
16698
28784
1750
33334
21442
9078
29844
32450
62752
1524
7396
991
4745
15690
10470
70241
9467
15701
33322
15942
46631
60718
17810
14750
20704
24430
12317
10674
373
21962
32276
32118
26646
15252
22197
7611
1584
43732
5964
30821
60873
9472
9228
20031
2484
5572
732
30957
3517
35925
13523
30907
53808
28687
59726
37254
16376
7925
30889
38552
11246
60874
3515
6878
62325
10102
5403
70569
37429
32661
40555
39935
38970
8448
50608
49746
44497
24513
33762
6133
3246
15371
45747
62600
19276
50638
22531
39314
21999
11454
40641
53274
19814
36437
11323
13626
47333
16894
4017
4696
3528
23066
28314
39566
27670
24470
15013
20269
2051
8459
7528
10499
20166
10502
47926
10235
10057
14364
68648
27034
3624
40344
3444
28837
19558
48953
40512
16407
28136
43
67702
26122
33378
52606
886
24639
40249
34981
5674
48598
52606
36257
4564
33677
25702
18949
15076
11899
35408
390
55071
11897
5199
39455
18983
17656
27372
27229
6014
50001
32488
32471
43684
43217
35280
484
43217
35790
2643
69251
3726
10800
7822
14466
3898
467
52582
17087
48902
62627
16986
2076
71436
4237
691
4154
10359
59322
14002
14416
44843
35004
41350
4853
37185
51591
1248
2253
22329
39210
12226
6751
12174
27189
9518
23875
11253
20916
29709
53513
8463
34607
34268
16740
23185
48694
45450
48407
36507
10866
13738
211
60809
18579
2213
8519
53710
11563
68114
4151
21362
32550
26325
12320
36863
4849
0
7502
6106
19486
26285
41760
3389
12357
51117
719
13942
25686
40582
29222
31157
2634
2569
300
26986
12598
60646
45957
6424
35381
113
59264
29971
51821
23138
24580
31752
671
12623
38763
12450
38481
40968
5806
30326
32218
780
30129
13162
26272
8851
11610
19695
55581
120
37371
6504
6107
3185
689
11747
0
931
7247
17969
38971
18094
48407
9697
15334
50292
19455
13529
2163
35610
16108
37682
15275
52923
38784
35393
7960
40741
6960
41155
7096
23701
5100
2419
54080
15489
20799
802
30256
33479
27016
8112
33378
25483
30807
21801
24758
38231
35218
47164
26045
15687
28765
53274
33501
30577
30287
49121
3353
25324
53016
32450
6407
31165
23398
2952
62516
20647
14956
41026
56189
5346
1248
25289
54704
58768
63546
9142
3764
8851
67240
57188
61528
2752
56355
34613
30256
65378
3516
1872
44523
19461
11088
11947
9052
771
3693
21879
40454
15329
35973
5329
29345
4410
2737
61966
18714
16342
33347
61013
22874
10793
5478
62697
39601
8669
0
41080
439
12320
19341
38078
14566
10091
69912
56011
3528
4765
23138
13944
20476
22903
63903
68960
43841
30881
20181
4237
13190
26916
20960
2267
16493
23875
11512
630
3119
6384
42576
5770
55677
35518
72216
5292
14750
61204
51417
11848
50994
22830
10685
36600
30629
14765
70241
9826
2111
13401
18665
7673
797
28837
26673
7774
26272
37328
35004
2888
19539
7101
57322
23517
18868
24736
228
43758
47494
37254
13906
22191
17808
48090
31752
7342
50458
25333
0
11374
22898
16612
18158
9611
