53594
6340
21179
59162
64895
49264
41006
15377
31017
23381
64653
41204
26253
45035
41353
22520
1584
17430
55544
55509
6073
55677
14167
7851
48100
5927
17994
24179
13836
61629
38554
24758
23087
7279
27365
56967
22629
66405
28714
6305
45359
24075
7429
10335
72703
55000
28058
30794
4714
62050
34939
44238
63941
21929
47568
62511
25520
20797
10636
1044
7693
20581
49078
14564
20937
37364
50129
48334
1518
11980
38078
12317
36086
27465
33195
67550
31415
4697
2814
18263
16959
19768
59264
10314
39739
23373
40075
65434
58406
18285
3299
41608
26455
23289
58393
3703
18110
9447
7528
1408
29966
51142
5930
10248
23078
32535
27295
48213
34100
48382
23822
9837
7571
12533
12567
36638
14082
21554
32471
18949
64895
60387
23621
9513
28347
547
16405
40566
40219
7739
24722
21927
6107
36997
44807
37430
9108
9143
63903
48598
3874
55343
1140
34492
10019
68787
7601
26800
28427
6649
17990
19420
23666
28577
43871
2297
36942
23658
8580
27395
9669
8519
6627
38838
45426
38895
22221
14610
683
971
11548
43451
2208
16434
9452
20322
59645
53904
0
73098
21386
35287
12095
6609
34041
49695
8119
15383
1854
7601
13619
22047
6491
24645
20290
3384
32343
24299
20349
29830
4616
29892
7607
12357
21922
62416
30498
26025
11980
40219
42833
7930
51399
11250
28908
37180
51681
35654
10949
1643
22024
7614
61204
13969
37047
1848
13104
22958
38640
48436
47260
9765
39030
3837
1999
11530
50001
6813
38594
4851
751
4816
44981
2507
21465
6014
6310
9389
1994
13529
51940
27773
26384
53919
16721
4992
600
12516
17688
29457
26301
59169
2077
3925
53056
11063
19480
11537
30123
11166
30367
14230
7607
13734
28690
65517
62637
47688
11794
45434
56751
3853
16801
49229
0
1336
19660
6292
45101
25880
2785
2543
69432
26916
30444
16342
5309
2383
49695
421
6553
14196
31704
31017
6305
57676
966
37739
76122
25909
42777
30447
3321
18475
39446
29456
2077
43505
9172
40075
33274
20678
63454
8259
9524
23592
8463
1088
11347
21165
46384
68309
11116
36408
34100
2480
19409
19354
1350
72655
4883
56993
22135
34483
53710
30057
15609
8259
38462
48490
22907
24901
1770
35477
40099
30821
5478
6986
7271
21189
24902
16339
19522
36283
41900
39584
26893
6877
10235
11271
2101
16405
19563
40925
15218
8860
24603
55061
47045
56941
70081
29701
17725
26486
62268
3083
70707
35136
24078
64557
58689
6715
29421
5580
26912
39205
11271
34011
48902
23059
32768
45137
9371
60046
5905
1967
21056
9083
19010
25689
1745
761
17002
70081
59968
39571
18276
15156
9317
38571
52571
24603
10157
30487
5822
8895
19167
17145
15881
9191
30762
32038
28459
1488
38637
7341
15687
58481
58966
28529
52535
19167
49895
26114
6594
3090
14436
13787
10317
1800
13684
25689
4942
27664
39601
32843
2480
47154
4746
13944
58359
17431
32483
28004
16986
3010
14685
9957
6149
13301
20487
25002
33378
10420
20453
39191
17969
5692
37904
4278
13109
8458
8637
1938
45910
30318
51610
54043
26523
1524
46883
17994
22212
33797
13330
20960
40456
20849
24404
15893
33556
54244
59862
49409
9705
4765
8102
42576
2820
25483
341
17969
11058
33678
44950
75072
45475
20105
34620
40219
24361
15513
30444
29676
39523
60718
44242
14786
1303
10360
33443
22553
14788
7930
58557
66014
52703
13101
45067
44643
14586
17384
40458
2417
16689
10710
10263
13024
19444
23588
1446
660
19156
33289
17330
44459
26697
3119
54164
11059
38347
8667
26816
11253
12367
2024
29023
27532
1351
2632
700
51209
13452
6258
32795
12393
6998
2764
54807
3754
7601
7800
1791
5395
8335
71388
19657
11250
14713
19060
61113
47693
9953
47993
61557
72444
30249
12013
40300
653
41937
22830
34541
23066
30572
50560
47164
9113
11103
58933
5762
67075
58188
0
38462
49036
2958
56068
2163
6209
19185
34262
13882
23066
23432
60784
17572
53274
752
50824
47562
5262
27771
37670
2209
18335
25190
47616
35518
14856
33344
1704
8565
4746
66363
964
28320
41212
25441
33800
12652
58188
9805
39815
25236
10960
14303
12185
15513
29659
16606
20265
30629
42738
24404
16493
719
69080
19021
36582
47800
19276
59703
44523
47616
33469
4411
59001
33057
11310
2752
68114
12421
61737
55092
35168
5708
42168
32606
18270
870
12917
1351
38900
293
7981
6644
29150
66794
18983
37807
37251
5556
3035
5810
49564
3247
23316
20325
35790
18247
10209
34838
51551
4024
14375
35595
1717
13595
20387
20579
5528
2123
27476
8867
28500
2632
1248
7956
67437
51749
57443
7409
13449
10591
11075
62006
11541
15097
7312
3300
10445
7601
11606
3754
23976
36941
33759
12084
45274
26611
58359
2562
26325
8549
15918
0
2358
6912
11897
37682
8602
16133
9191
38117
62720
19563
28427
38047
43032
3040
44572
39054
16731
63531
1493
34963
18709
11017
6178
47855
24563
17513
55241
41771
20908
12393
25485
62626
11043
1931
7440
2703
37430
27692
8055
16991
7882
6502
15528
69278
2958
21780
23091
10817
39094
56940
44208
1088
3204
18983
43494
50720
2099
30854
27100
29345
23814
11857
52390
65807
787
3726
9573
7858
23200
42514
12382
17403
18543
23416
43583
31789
45097
204
16979
6090
18778
9983
10674
61200
11807
17234
28906
26840
72828
857
1214
5395
9659
19596
33322
51399
4745
27667
8761
61570
62412
17632
22340
54080
3263
72444
51197
30762
11806
17399
7953
57209
25843
10626
38232
42414
1643
3528
22850
41537
3544
7555
2963
9402
20122
2922
13462
7116
16342
0
24512
56272
26209
863
2485
8304
22191
2238
4745
43104
4177
68121
10848
1180
27136
20218
37098
8057
23739
397
2814
14290
14274
37609
9887
9201
16599
16342
36187
26733
5296
22546
8077
58306
251
840
10115
8867
59266
2904
33289
30869
29398
20602
12325
16121
56633
59498
846
20981
30100
40059
20962
1691
5671
1355
6749
52750
46847
16241
29198
23658
211
23130
30939
6014
23541
19049
30873
17430
33181
35418
9394
13327
13541
24858
9575
61834
19378
13401
17384
43090
22756
7601
26037
3264
7012
3425
1320
16529
13221
300
34483
40032
27476
28581
5265
52841
5292
16955
40249
32900
9805
6305
18509
22772
55677
27230
16583
15605
19154
23551
3048
