514271
514277
514289
514309
514313
514333
514343
514357
514361
514379
514399
514417
514429
514433
514453
514499
514513
514519
514523
514529
514531
514543
514561
514571
514621
514637
514639
514643
514649
514651
514669
514681
514711
514733
514739
514741
514747
514751
514757
514769
514783
514793
514819
514823
514831
514841
514847
514853
514859
514867
514873
514889
514903
514933
514939
514949
514967
515041
515087
515089
515111
515143
515149
515153
515173
515191
515227
515231
515233
515237
515279
515293
515311
515323
515351
515357
515369
515371
515377
515381
515401
515429
515477
515507
515519
515539
515563
515579
515587
515597
515611
515621
515639
515651
515653
515663
515677
515681
515687
515693
515701
515737
515741
515761
515771
515773
515777
515783
515803
515813
515839
515843
515857
515861
515873
515887
515917
515923
515929
515941
515951
515969
515993
516017
516023
516049
516053
516077
516091
516127
516151
516157
516161
516163
516169
516179
516193
516199
516209
516223
516227
516233
516247
516251
516253
516277
516283
516293
516319
516323
516349
516359
516361
516371
516377
516391
516407
516421
516431
516433
516437
516449
516457
516469
516493
516499
516517
516521
516539
516541
516563
516587
516589
516599
516611
516617
516619
516623
516643
516653
516673
516679
516689
516701
516709
516713
516721
516727
516757
516793
516811
516821
516829
516839
516847
516871
516877
516883
516907
516911
516931
516947
516949
516959
516973
516977
516979
516991
517003
517043
517061
517067
517073
517079
517081
517087
517091
517129
517151
517169
517177
517183
517189
517207
517211
517217
517229
517241
517243
517249
517261
517267
517277
517289
517303
517337
517343
517367
517373
517381
517393
517399
517403
517411
517417
517457
517459
517469
517471
517481
517487
517499
517501
517507
517511
517513
517547
517549
517553
517571
517577
517589
517597
517603
517609
517613
517619
517637
517639
517711
517717
517721
517729
517733
517739
517747
517817
517823
517831
517861
517873
517877
517901
517919
517927
517931
517949
517967
517981
517991
517999
518017
518047
518057
518059
518083
518099
518101
518113
518123
518129
518131
518137
518153
518159
518171
518179
518191
518207
518209
518233
518237
518239
518249
518261
518291
518299
518311
518327
518341
518387
518389
518411
518417
518429
518431
518447
518467
518471
518473
518509
518521
518533
518543
518579
518587
518597
518611
518621
518657
518689
518699
518717
518729
518737
518741
518743
518747
518759
518761
518767
518779
518801
518803
518807
518809
518813
518831
518863
518867
518893
518911
518933
518953
518981
518983
518989
519011
519031
519037
519067
519083
519089
519091
519097
519107
519119
519121
519131
519151
519161
519193
519217
519227
519229
519247
519257
519269
519283
519287
519301
519307
519349
519353
519359
519371
519373
519383
519391
519413
519427
519433
519457
519487
519499
519509
519521
519523
519527
519539
519551
519553
519577
519581
519587
519611
519619
519643
519647
519667
519683
519691
519703
519713
519733
519737
519769
519787
519793
519797
519803
519817
519863
519881
519889
519907
519917
519919
519923
519931
519943
519947
519971
519989
519997
520019
520021
520031
520043
520063
520067
520073
520103
520111
520123
520129
520151
520193
520213
520241
520279
520291
520297
520307
520309
520313
520339
520349
520357
520361
520363
520369
520379
520381
520393
520409
520411
520423
520427
520433
520447
520451
520529
520547
520549
520567
520571
520589
520607
520609
520621
520631
520633
520649
520679
520691
520699
520703
520717
520721
520747
520759
520763
520787
520813
520837
520841
520853
520867
520889
520913
520921
520943
520957
520963
520967
520969
520981
521009
521021
521023
521039
521041
521047
521051
521063
521107
521119
521137
521153
521161
521167
521173
521177
521179
521201
521231
521243
521251
521267
521281
521299
521309
521317
521329
521357
521359
521363
521369
521377
521393
521399
521401
521429
521447
521471
521483
521491
521497
521503
521519
521527
521533
521537
521539
521551
521557
521567
521581
521603
521641
521657
521659
521669
521671
521693
521707
521723
521743
521749
521753
521767
521777
521789
521791
521809
521813
521819
521831
521861
521869
521879
521881
521887
521897
521903
521923
521929
521981
521993
521999
522017
522037
522047
522059
522061
522073
522079
522083
522113
522127
522157
522161
522167
522191
522199
522211
522227
522229
522233
522239
522251
522259
522281
522283
522289
522317
522323
522337
522371
522373
522383
522391
522409
522413
522439
522449
522469
522479
522497
522517
522521
522523
522541
522553
522569
522601
522623
522637
522659
522661
522673
522677
522679
522689
522703
522707
522719
522737
522749
522757
522761
522763
522787
522811
522827
522829
522839
522853
522857
522871
522881
522883
522887
522919
522943
522947
522959
522961
522989
523007
523021
523031
523049
523093
523097
523109
523129
523169
523177
523207
523213
523219
523261
523297
523307
523333
523349
523351
523357
523387
523403
523417
523427
523433
523459
523463
523487
523489
523493
523511
523519
523541
523543
523553
523571
523573
523577
523597
523603
523631
523637
523639
523657
523667
523669
523673
523681
523717
523729
523741
523759
523763
523771
523777
523793
523801
523829
523847
523867
523877
523903
523907
523927
523937
523949
523969
523987
523997
524047
524053
524057
524063
524071
524081
524087
524099
524113
524119
524123
524149
524171
524189
524197
524201
524203
524219
524221
524231
524243
524257
524261
524269
524287
524309
524341
524347
524351
524353
524369
524387
524389
524411
524413
524429
524453
524497
524507
524509
524519
524521
524591
524593
524599
524633
524669
524681
524683
524701
524707
524731
524743
524789
524801
524803
524827
524831
524857
524863
524869
524873
524893
524899
524921
524933
524939
524941
524947
524957
524959
524963
524969
524971
524981
524983
524999
525001
525013
525017
525029
525043
525101
525127
525137
525143
525157
525163
525167
525191
525193
525199
525209
525221
525241
525247
525253
525257
525299
525313
525353
525359
525361
525373
525377
525379
525391
525397
525409
525431
525433
525439
525457
525461
525467
525491
525493
525517
525529
525533
525541
525571
525583
525593
525599
525607
525641
525649
525671
525677
525697
525709
525713
525719
525727
525731
525739
525769
525773
525781
525809
525817
525839
525869
525871
525887
525893
525913
525923
525937
525947
525949
525953
525961
525979
525983
526027
526037
526049
526051
526063
526067
526069
526073
526087
526117
526121
526139
526157
526159
526189
526193
526199
526213
526223
526231
526249
526271
526283
526289
526291
526297
526307
526367
526373
526381
526387
526391
526397
526423
526429
526441
526453
526459
526483
526499
526501
526511
526531
526543
526571
526573
526583
526601
526619
526627
526633
526637
526649
526651
526657
526667
526679
526681
526703
526709
526717
526733
526739
526741
526759
526763
526777
526781
526829
526831
526837
526853
526859
526871
526909
526913
526931
526937
526943
526951
526957
526963
526993
526997
527053
527057
527063
527069
527071
527081
527099
527123
527129
527143
527159
527161
527173
527179
527203
527207
527209
527237
527251
527273
527281
527291
527327
527333
527347
527353
527377
527381
527393
527399
527407
527411
527419
527441
527447
527453
527489
527507
527533
527557
527563
527581
527591
527599
527603
527623
527627
527633
527671
527699
527701
527729
527741
527749
527753
527789
527803
527809
527819
527843
527851
527869
527881
527897
527909
527921
527929
527941
527981
527983
527987
527993
528001
528013
528041
528043
528053
528091
528097
528107
528127
528131
528137
528163
528167
528191
528197
528217
528223
528247
528263
528289
528299
528313
528317
528329
528373
528383
528391
528401
528403
528413
528419
528433
528469
528487
528491
528509
528511
528527
528559
528611
528623
528629
528631
528659
528667
528673
528679
528691
528707
