___________$___________
__________$$$__________
_________$_$_$_________
________$__$__$________
_______$___$___$_______
______$____$____$______
_____$_____$_____$_____
____$______$______$____
___$_______$_______$___
__$________$________$__
_$_________$_________$_
$$$$$$$$$$$$$$$$$$$$$$$
_$_________$_________$_
__$________$________$__
___$_______$_______$___
____$______$______$____
_____$_____$_____$_____
______$____$____$______
_______$___$___$_______
________$__$__$________
_________$_$_$_________
__________$$$__________
___________$___________
