_____________________$_____________________
____________________$$$____________________
___________________$_$_$___________________
__________________$__$__$__________________
_________________$___$___$_________________
________________$____$____$________________
_______________$_____$_____$_______________
______________$______$______$______________
_____________$_______$_______$_____________
____________$________$________$____________
___________$_________$_________$___________
__________$__________$__________$__________
_________$___________$___________$_________
________$____________$____________$________
_______$_____________$_____________$_______
______$______________$______________$______
_____$_______________$_______________$_____
____$________________$________________$____
___$_________________$_________________$___
__$__________________$__________________$__
_$___________________$___________________$_
$$$$$$$$$$$$$$$$$$$$$$$$$$$$$$$$$$$$$$$$$$$
_$___________________$___________________$_
__$__________________$__________________$__
___$_________________$_________________$___
____$________________$________________$____
_____$_______________$_______________$_____
______$______________$______________$______
_______$_____________$_____________$_______
________$____________$____________$________
_________$___________$___________$_________
__________$__________$__________$__________
___________$_________$_________$___________
____________$________$________$____________
_____________$_______$_______$_____________
______________$______$______$______________
_______________$_____$_____$_______________
________________$____$____$________________
_________________$___$___$_________________
__________________$__$__$__________________
___________________$_$_$___________________
____________________$$$____________________
_____________________$_____________________
