___________________$___________________
__________________$$$__________________
_________________$_$_$_________________
________________$__$__$________________
_______________$___$___$_______________
______________$____$____$______________
_____________$_____$_____$_____________
____________$______$______$____________
___________$_______$_______$___________
__________$________$________$__________
_________$_________$_________$_________
________$__________$__________$________
_______$___________$___________$_______
______$____________$____________$______
_____$_____________$_____________$_____
____$______________$______________$____
___$_______________$_______________$___
__$________________$________________$__
_$_________________$_________________$_
$$$$$$$$$$$$$$$$$$$$$$$$$$$$$$$$$$$$$$$
_$_________________$_________________$_
__$________________$________________$__
___$_______________$_______________$___
____$______________$______________$____
_____$_____________$_____________$_____
______$____________$____________$______
_______$___________$___________$_______
________$__________$__________$________
_________$_________$_________$_________
__________$________$________$__________
___________$_______$_______$___________
____________$______$______$____________
_____________$_____$_____$_____________
______________$____$____$______________
_______________$___$___$_______________
________________$__$__$________________
_________________$_$_$_________________
__________________$$$__________________
___________________$___________________
