________________$________________
_______________$$$_______________
______________$_$_$______________
_____________$__$__$_____________
____________$___$___$____________
___________$____$____$___________
__________$_____$_____$__________
_________$______$______$_________
________$_______$_______$________
_______$________$________$_______
______$_________$_________$______
_____$__________$__________$_____
____$___________$___________$____
___$____________$____________$___
__$_____________$_____________$__
_$______________$______________$_
$$$$$$$$$$$$$$$$$$$$$$$$$$$$$$$$$
_$______________$______________$_
__$_____________$_____________$__
___$____________$____________$___
____$___________$___________$____
_____$__________$__________$_____
______$_________$_________$______
_______$________$________$_______
________$_______$_______$________
_________$______$______$_________
__________$_____$_____$__________
___________$____$____$___________
____________$___$___$____________
_____________$__$__$_____________
______________$_$_$______________
_______________$$$_______________
________________$________________
