714 700 551 947 623 216 237 542 691 282 250 97 170 638 291 111 376 918 57 530 966 859 959 845 960 127 815 69 411 849 487 476 900 389 423 874 604 11 415 294 644 17 391 813 654 33 275 29 951 331 910 916 541 869 112 500 995 926 920 757 126 407 233 26 795 655 251
399 665 666 44 308 682 786 472 335 819 98 364 769 428 625 36 320 493 147 172 840 72 91 596 550 497 828 927 -1 834 177 394 498 842 789 157 523 575 980 210 393 77 925 513 856 549 548 176 42 694 347 -1 117 -1 -1 18 -1 8 944 633 841 121 -1 339 962 166 847
837 740 179 46 484 255 322 996 463 870 895 990 263 940 688 495 409 -1 675 426 113 -1 370 745 522 -1 122 212 155 288 -1 991 379 589 388 863 843 709 -1 657 579 105 646 193 396 333 -1 804 161 362 230 -1 43 -1 722 -1 792 -1 128 946 482 538 289 213 -1 676 75
-1 737 636 329 667 92 974 -1 488 659 898 643 171 259 872 -1 653 822 516 921 613 711 48 911 192 937 199 404 414 -1 830 733 -1 818 413 628 909 387 839 748 397 736 -1 567 -1 614 361 351 788 877 271 752 587 670 662 130 606 860 886 19 86 67 104 -1 884 -1 27
145 254 217 244 650 304 986 -1 -1 600 929 1 739 -1 -1 490 95 293 152 576 -1 363 461 269 800 880 372 -1 763 887 577 -1 141 793 503 142 96 -1 710 -1 791 -1 450 529 146 -1 -1 240 -1 -1 167 -1 -1 -1 882 684 507 253 234 621 491 810 232 983 602 734 477
49 -1 186 -1 716 175 595 -1 672 -1 262 -1 382 135 429 -1 371 408 876 406 914 480 639 -1 323 448 118 305 401 203 781 449 -1 318 -1 -1 492 -1 438 515 207 51 777 941 -1 206 935 556 -1 163 961 879 994 -1 -1 316 398 -1 -1 798 -1 753 598 -1 71 544 108
-1 85 545 -1 -1 -1 557 583 132 762 -1 687 727 32 999 957 377 949 73 693 698 658 -1 -1 445 -1 -1 -1 -1 340 169 -1 424 713 885 419 660 441 -1 143 555 -1 182 281 -1 180 -1 982 481 13 674 -1 22 690 -1 -1 458 173 527 649 512 696 -1 -1 760 637 706
771 -1 58 -1 -1 280 -1 615 532 626 -1 865 106 -1 -1 988 588 -1 -1 405 37 888 932 -1 751 979 -1 390 90 -1 -1 861 205 153 774 188 784 220 802 -1 -1 357 -1 303 923 421 290 511 1000 5 267 -1 -1 -1 -1 -1 528 564 384 618 -1 -1 -1 896 334 955 435
-1 174 -1 -1 -1 945 315 24 867 735 313 729 -1 669 -1 473 912 -1 248 258 425 811 641 -1 502 470 223 -1 156 -1 832 272 702 420 55 -1 -1 721 447 -1 808 -1 311 893 780 306 718 -1 -1 965 300 627 776 292 20 629 114 242 -1 -1 770 -1 540 823 981 -1 245
697 -1 -1 279 826 154 -1 -1 933 247 140 327 -1 -1 -1 -1 231 270 446 -1 383 39 -1 651 -1 -1 191 -1 131 489 578 827 -1 -1 457 685 -1 45 755 -1 -1 894 -1 443 349 -1 -1 -1 632 314 -1 14 352 731 -1 -1 -1 559 844 -1 47 422 -1 553 -1 -1 -1
-1 689 695 -1 -1 -1 -1 -1 -1 969 -1 572 -1 -1 -1 -1 12 444 -1 -1 324 539 -1 -1 585 139 -1 -1 -1 814 78 346 855 773 569 -1 712 -1 15 -1 -1 9 -1 742 21 -1 707 -1 432 -1 257 -1 -1 326 89 162 816 610 3 -1 -1 433 -1 278 -1 612 -1
620 787 181 -1 -1 -1 246 23 562 -1 -1 -1 -1 767 -1 -1 -1 -1 -1 858 -1 469 -1 -1 -1 -1 436 873 552 -1 -1 -1 -1 571 -1 -1 464 -1 136 25 677 864 321 -1 -1 -1 -1 678 -1 -1 -1 149 494 451 -1 -1 -1 977 -1 998 -1 -1 521 209 922 -1 -1
385 -1 -1 -1 -1 673 434 -1 7 307 -1 -1 -1 668 -1 -1 -1 373 -1 -1 -1 427 -1 168 -1 913 -1 10 -1 54 -1 570 -1 -1 683 997 165 -1 -1 -1 775 -1 208 537 -1 -1 799 53 -1 249 -1 -1 28 215 -1 -1 479 -1 -1 664 284 226 -1 -1 366 -1 -1
-1 -1 -1 701 159 -1 908 -1 82 -1 -1 134 -1 93 -1 -1 120 353 -1 -1 184 -1 195 -1 -1 -1 -1 -1 785 -1 -1 -1 83 -1 719 241 -1 978 287 663 367 779 796 -1 -1 286 -1 343 -1 -1 -1 -1 -1 189 -1 866 608 803 -1 744 -1 705 -1 -1 -1 -1 -1
-1 -1 -1 -1 -1 -1 783 -1 465 68 -1 160 -1 -1 506 582 59 -1 601 276 6 -1 -1 102 -1 -1 -1 -1 115 -1 369 88 -1 -1 -1 -1 -1 -1 -1 -1 -1 -1 -1 -1 214 -1 617 624 -1 -1 -1 -1 -1 565 -1 580 -1 -1 124 -1 -1 -1 -1 820 -1 -1 848
453 -1 717 -1 749 -1 -1 -1 277 -1 -1 -1 -1 -1 151 374 645 -1 137 -1 -1 761 699 -1 431 -1 -1 -1 -1 -1 801 -1 -1 -1 715 970 -1 -1 754 -1 -1 -1 -1 -1 -1 -1 302 471 973 790 -1 -1 903 -1 -1 -1 -1 -1 -1 558 -1 -1 -1 178 -1 -1 -1
239 805 252 -1 -1 -1 905 -1 584 -1 -1 -1 -1 -1 -1 -1 -1 899 485 -1 -1 -1 319 -1 -1 756 -1 -1 -1 -1 -1 -1 824 -1 -1 -1 -1 355 200 -1 221 857 -1 -1 -1 -1 -1 301 -1 356 -1 -1 -1 652 764 -1 -1 -1 -1 -1 158 -1 -1 -1 -1 -1 -1
-1 -1 -1 87 -1 -1 -1 -1 591 -1 483 -1 964 190 -1 931 -1 581 -1 -1 692 185 -1 -1 342 -1 -1 -1 510 -1 554 680 -1 337 -1 -1 -1 -1 -1 566 -1 -1 809 -1 -1 738 -1 -1 -1 758 -1 -1 942 592 -1 -1 968 -1 310 829 989 -1 508 -1 -1 274 -1
526 -1 -1 -1 619 -1 -1 -1 -1 341 -1 4 -1 222 -1 -1 164 16 -1 -1 -1 971 812 -1 312 -1 671 -1 -1 296 -1 806 -1 -1 -1 -1 456 501 -1 -1 -1 634 -1 -1 -1 -1 -1 -1 -1 -1 520 -1 -1 -1 -1 -1 -1 642 915 -1 -1 -1 794 -1 100 -1 -1
-1 -1 -1 883 -1 -1 862 -1 218 -1 917 -1 -1 194 459 197 -1 -1 -1 -1 202 -1 266 -1 -1 836 -1 891 936 -1 -1 -1 -1 -1 725 358 -1 938 -1 -1 -1 -1 -1 -1 -1 -1 -1 -1 -1 -1 603 150 -1 868 -1 972 703 -1 -1 -1 -1 -1 -1 -1 -1 -1 -1
-1 -1 -1 984 -1 348 -1 -1 -1 -1 -1 -1 -1 -1 -1 236 119 -1 -1 -1 285 -1 -1 -1 -1 265 -1 -1 -1 -1 -1 -1 -1 -1 963 -1 -1 -1 -1 -1 81 -1 -1 -1 -1 987 -1 -1 -1 -1 -1 -1 38 -1 -1 797 -1 -1 -1 -1 -1 -1 -1 -1 -1 -1 -1
-1 -1 -1 -1 -1 -1 -1 -1 -1 -1 -1 -1 -1 -1 -1 402 -1 -1 -1 -1 -1 225 -1 -1 -1 -1 -1 -1 875 -1 -1 30 201 -1 -1 -1 -1 -1 -1 -1 -1 380 -1 -1 -1 -1 -1 -1 -1 -1 -1 -1 -1 -1 298 -1 656 416 -1 -1 -1 -1 -1 -1 -1 -1 -1
-1 -1 -1 817 -1 -1 -1 -1 -1 -1 -1 -1 -1 -1 -1 -1 -1 -1 -1 -1 -1 -1 -1 -1 838 -1 -1 -1 273 56 -1 -1 -1 -1 -1 -1 -1 430 -1 -1 -1 -1 -1 -1 -1 -1 -1 -1 -1 -1 478 -1 467 440 -1 -1 -1 -1 299 -1 -1 94 297 -1 -1 930 747
-1 359 -1 -1 -1 -1 -1 -1 -1 679 35 -1 466 268 -1 560 -1 -1 -1 -1 -1 -1 392 807 -1 -1 455 -1 -1 -1 -1 -1 -1 -1 -1 -1 -1 -1 -1 -1 -1 -1 -1 41 -1 -1 952 -1 496 -1 -1 -1 -1 -1 630 -1 850 -1 -1 -1 -1 -1 -1 -1 -1 -1 732
-1 765 -1 -1 -1 -1 -1 -1 -1 -1 -1 -1 535 -1 -1 -1 -1 -1 -1 956 -1 -1 -1 -1 -1 -1 647 -1 -1 219 590 -1 -1 759 417 -1 -1 -1 -1 778 -1 -1 -1 -1 -1 -1 -1 -1 107 -1 -1 -1 -1 -1 -1 -1 -1 -1 -1 -1 -1 345 -1 -1 -1 -1 -1
854 -1 260 -1 -1 -1 -1 -1 -1 -1 -1 -1 -1 -1 -1 -1 -1 -1 -1 -1 -1 -1 -1 -1 -1 -1 -1 -1 -1 -1 -1 -1 -1 533 -1 -1 -1 -1 129 -1 -1 943 543 -1 -1 -1 238 -1 -1 -1 -1 -1 -1 -1 -1 -1 -1 -1 -1 -1 -1 -1 -1 -1 724 -1 -1
-1 -1 -1 -1 -1 -1 686 -1 -1 -1 720 -1 -1 -1 -1 -1 -1 -1 853 -1 -1 -1 -1 648 -1 -1 -1 -1 -1 365 -1 -1 -1 -1 -1 -1 -1 -1 412 -1 -1 -1 -1 -1 -1 -1 597 -1 -1 -1 -1 -1 -1 -1 -1 -1 -1 -1 79 -1 40 -1 -1 536 993 -1 -1
-1 -1 -1 -1 -1 63 -1 -1 -1 -1 -1 -1 -1 -1 -1 -1 953 -1 -1 -1 -1 -1 -1 831 -1 -1 -1 -1 -1 -1 360 -1 -1 -1 468 -1 354 -1 -1 -1 317 -1 -1 -1 -1 611 846 -1 -1 -1 -1 -1 -1 -1 -1 -1 -1 403 -1 -1 -1 -1 -1 -1 901 -1 -1
-1 -1 -1 -1 934 -1 -1 505 622 -1 350 -1 -1 -1 -1 -1 -1 -1 -1 -1 -1 -1 -1 -1 -1 -1 -1 -1 -1 -1 -1 -1 -1 574 -1 -1 -1 -1 609 -1 -1 -1 -1 -1 -1 -1 -1 635 386 -1 -1 -1 -1 -1 -1 -1 80 -1 -1 -1 -1 -1 -1 -1 -1 -1 -1
-1 330 -1 -1 -1 -1 187 -1 -1 -1 -1 -1 -1 -1 -1 -1 -1 -1 -1 -1 -1 517 -1 110 -1 -1 -1 -1 -1 -1 -1 -1 -1 -1 -1 -1 -1 -1 -1 -1 -1 -1 -1 -1 -1 -1 -1 -1 -1 524 -1 -1 -1 906 -1 -1 -1 -1 -1 -1 -1 486 -1 -1 -1 -1 61
-1 -1 -1 -1 605 -1 586 -1 -1 -1 -1 -1 -1 -1 902 -1 183 -1 889 -1 -1 -1 -1 -1 -1 573 -1 -1 -1 -1 -1 593 -1 -1 835 -1 -1 772 -1 -1 -1 -1 -1 -1 -1 -1 -1 -1 295 -1 821 -1 -1 -1 -1 -1 833 -1 -1 -1 283 -1 -1 -1 -1 -1 -1
-1 -1 -1 -1 64 -1 -1 -1 -1 -1 518 -1 -1 -1 -1 -1 -1 -1 -1 -1 547 76 -1 -1 -1 -1 -1 -1 -1 442 -1 -1 -1 103 852 897 -1 -1 -1 -1 -1 -1 -1 -1 -1 31 -1 -1 -1 -1 -1 -1 -1 -1 -1 851 499 -1 -1 -1 -1 723 -1 -1 825 504 728
454 -1 -1 -1 -1 -1 -1 -1 919 708 -1 -1 -1 -1 -1 -1 -1 -1 -1 -1 -1 -1 -1 -1 -1 -1 -1 -1 -1 -1 -1 -1 -1 -1 -1 -1 -1 -1 -1 -1 -1 -1 -1 -1 -1 -1 -1 -1 -1 -1 -1 599 -1 -1 -1 -1 -1 -1 -1 -1 -1 -1 -1 -1 -1 -1 -1
-1 -1 -1 -1 -1 -1 -1 -1 -1 568 -1 -1 -1 -1 -1 -1 -1 -1 -1 -1 -1 -1 -1 -1 -1 -1 -1 -1 375 -1 -1 -1 -1 -1 -1 -1 -1 -1 -1 -1 -1 50 -1 -1 -1 -1 -1 -1 -1 -1 -1 138 -1 -1 -1 -1 -1 -1 -1 -1 -1 514 -1 -1 -1 -1 -1
