    1 8569 jQD o TZC             435   97   87   93   87   71
    2 9156 gJRSrja sfiWASAZGr    434   96   47   99   95   97
    3 9044 sTwwGUUnIWPBzsZe      413   85   99   98   62   69
    4 1267 AwlMQowquobwPof       413   95   95   51   72  100
    5 6798 zgIVrZMpPSLAEgwj weG  411   69   71   80   91  100
    6 2235 bmUZewwjMKNPNcG ePm   405   83   85   82   61   94
    7 6515 NMxFwO                403   82   93   33  100   95
    8 7690 XFHorWtlndujNrkFZ     402   91   58   90   75   88
    9 8611 RmGfHQvJhowpRkoG      399   98   85   90   82   44
   10 8599 vFowqC YxYF           398   99   80   62   96   61
   11 2741 Z                     395   77   87   59   96   76
   12 9595 LmqhTVtMfvk           394   90   92   99   89   24
   13 2781 ggNqpTEZnAAOTS        393   96   92   74   35   96
   14 5626 D                     390   71   61   99   82   77
   15 5978 nAsVj                 390   99   98   95   79   19
   16 2643 Q pvXYsSnrPlRQDBN     386   99   95   33   73   86
   17 6033 wjrVhkRozWusAJZBDkQf  384   53   98   89   93   51
   18 7131 FxPtPLPgSbz           381   87   43   88   91   72
   19 9324 quHHMTZUe             378   86   14   88  100   90
   20 1212 xbTlzD                378   76   63   91   70   78
   21 3249 AfZY                  377   96   38   82   86   75
   22 7138 XQvONAfRWvfBOTvx      377   13   91   96   83   94
   23 7035 qUNkaszZyZLIkzFVK     375   54  100   67   98   56
   24 6453 ClhYPADOBoYTYN        374   91   95   82   84   22
   25 2345 czYCglZ               374   90   26   78   98   82
   26  405 qlPGeKKmZbWDGHBj      374   85   24  100   75   90
   27 9894 SorhGwdXTjbTCQeiJrY   374   66   75   73   62   98
   28 4128 LwkrpytTwN eeJLl      370   93   42   70   84   81
   29 5650 J                     370   31   88   88   63  100
   30 6393 hFCipjP               369   77   52   78   75   87
   31 2225 PtizKpozPkLQSnp       366   97   94   91   63   21
   32 9102 xe UV                 361   99   60   99   47   56
   33 9874 ngFsdQQyvRiSSDGy      360   72   77   25   88   98
   34 2383 oPMZP GUpVPwOGTL      360   85    6   95   93   81
   35 3756 OwIuHgBxUdS           360    9   91   88   73   99
   36 2932 KLTTINk               360   96   47   90   97   30
   37  445 oz                    358   97   93   72   27   69
   38 1361 a                     356   69   51   92   78   66
   39 2873 eJxSXAQXXlh jqTgNJGQ  356   68   71   87   47   83
   40 1541 kShTwlQuBi            356   51   91   55   61   98
   41  998 XITWZC                356   64   64   73   91   64
   42 4105 TscAmXnGee piJ        355   84   52   32   87  100
   43 8794 cKgM                  355   54   73   90   74   64
   44 2937 cBjzSXGaqSr           355   48   71   80   83   73
   45 4252 kfTqWDvGJd            353   82   64   94   22   91
   46 9361 RgJKdkvxPz            353   88   90    2   76   97
   47 4268 TRfOqiUWOcyJ          352   84   92   65   72   39
   48 7896 zYH                   352   89   78   48   53   84
   49 4204 tcjtOzxdI efGoi       352    9   81   99   97   66
   50 3367 vAwkwKkehsqpTorTxELO  351   48   53  100   79   71
   51 3128 jH ENNIUCLXYGIzC      351   85   19   98   55   94
   52 7076 sHdBmTtXgKdhOvN hPOU  350   75   55   57   92   71
   53 9539 xpAtLZUbpPZuU         350   88    5   74   91   92
   54 9345 KCAAwIOklErTXhOhN     350   90   89   95   28   48
   55 5871 dS                    349   64   55   72   70   88
   56 3846 bwjMPyMMmoA           348   91   67   66   86   38
   57 6503 fHnHkCbvTU            348   49   51   93   69   86
   58 4874 wxLiYZJZXwX           348   51   77   68   54   98
   59 4025 EaRWPrw               348   78   78   34   99   59
   60 1522 hVpFPxPWJtPEUv        347   79   92   81   22   73
   61 6787 BKvkTwMnjTUgy         346   91   59   84   14   98
   62 3839 zhxPf                 346   68   99   31   55   93
   63 2342 OWokTG cMvUOLEqsQp    346   97   48   73   68   60
   64 5262 oXpXAhucWTrpLmxapJQ   345   85   44   97   26   93
   65 9656 HTV                   344   64   52   58   79   91
   66 1777 feV ihZ               343   90   84   52   92   25
   67 4457 wHMb                  342   93   82   53   22   92
   68  821 UxAXXWyPJanyqkln      341   75   80   50   95   41
   69 3966 LLyTNitipH VSzEhO     341   81   52   78   65   65
   70 1872 erJiDBTM              341   76   87   47   33   98
   71 2199 nmEZwknXtSlDquyBG     341   77   94   34   62   74
   72 7316 foHsrNibIKRPokgYyrp   340   84   38   62   99   57
   73 9787 idijyqPnEZbDSzOjgjG   340   97   75   96   62   10
   74  179 JTPpbOeObb            340   72   67   83   21   97
   75 7342 xcfCygVTX             340    3   95   73   89   80
   76 5524 sLoAHcI               339   65   74   38   88   74
   77 5141 Vj                    339   79   94   43   82   41
   78 9864 XD                    339   83   31   88   87   50
   79 2044 K                     339   81   23   86   93   56
   80 7935 McISEAbPH             338   94   88   37   45   74
   81 3342 IEKnXdXqnsEnELCFIWN   338   86   82   80    4   86
   82  779 nNvNztYvVQwWapu       337   90   35   50   88   74
   83 1083 NI                    337   42   92   74   77   52
   84 8143 nZnKkNFoZvN           336   74   50   45  100   67
   85 6624 hfJeeCtYbOx           335   60   66   76   44   89
   86 5794 kVVXgAYilKAZorCJA     334   45   52   95   66   76
   87 5783 zTnxTGYMZuORTY        334   82   36   23   93  100
   88 2243 a                     334   58   86   94   46   50
   89 7143 REFBCmw               334   30   80   79   72   73
   90 2581 GN                    333   54   67   59   80   73
   91 2989 pD eLS                333   29   72   32  100  100
   92 6188 bbjCyUVtIt            333   22   96   64   89   62
   93 9326 tCTpI                 333   51   74   94   54   60
   94 8524 MgbqqrO X             333   20   92   35   98   88
   95 3543 fIjgKXHYCutxpw pza    332   92   84   58    8   90
   96 5422 Ox                    332   29   78   44   98   83
   97 7946 uYLDhpsfjHnidrBGXf    332   89   61   82   98    2
   98  462 EhpzuGuSvzpPZmdbeFcY  332   94   10   55   93   80
   99 2974 PojH                  331   67   20   72   94   78
  100 7116 HxQATPAXKcnBwUPkta    330    3   94   70   66   97
  101 1999 RsAgmuxcuKGSFlL       330   86   93   83   61    7
  102 8824 oB DxbMPzOHOZRzO      330   19   91   73   54   93
  103 9757 hnGVtYRCoz            329   92    6   78   80   73
  104 4135 krM n                 329   70   93   93    5   68
  105 7262 BGkPGCg               328   80   85    3  100   60
  106 4218 rGeSeIxDfUNhUtzYZ     328   91   84   34   82   37
  107 4072 cLjDhVUfOuoIGoFOG     328   57   25   91   87   68
  108 6222 kfmdVlpT              328   43   55   94   86   50
  109 6959 aMSaa                 328   86   87   34   43   78
  110 2920 ohuJP                 326   59   92   23   76   76
  111 4094 kfHsPQzDIC Gd         325   76   87   83   25   54
  112 2597 XHhamHFloIbSlREWVyWR  325    5   88   63   74   95
  113 3400 jSUkkMkXDplHyh        324   80   66   56   77   45
  114 3842 kGSeFENipzAYoK        324   93   90   40    3   98
  115 8186 JjLbQLuuVMUvMl        323   38   80   97   33   75
  116  573 DJHEnmxlvcZNfUxbqb    323   26   54   99   69   75
  117 2318 dtrbEGUMoaDoKinIzwlR  323   62  100   62   98    1
  118 5269 mMxPH                 323   83   13   86   51   90
  119 3819 AZhDDW QrDJYltWP      322   65   77   63   21   96
  120 9322 cMsQKmxtXjoUwnGwwKCk  322   11   66   87   69   89
  121 5445 FtsBSLHJTzANLK        322   44   91   55   91   41
  122 1020 dFeJIqAWkZnmzH        322   66   99   58   73   26
  123 5169 uIDozPHIYNoTwd        322   77   18   87   96   44
  124 6781 XiCYP QyoAIqGdB       322   60   18   98   54   92
  125 9652 XRwhMhrZnMpoWk        322   47   53   83   86   53
  126 2185 GAUHfCeTcHQoYh        321   48   39   93   82   59
  127 6471 zzo                   321   50   58   28   97   88
  128  672 zKkWlVjeXnxsY         320   50   84   87   10   89
  129 3105 ifrVIrPIjN            320   61   99   22   53   85
  130 5140 YaAt                  320   80   96   54   86    4
  131 7914 xrILQfPL QY           320   70   97   25   42   86
  132 7656 tei                   320   10   91   90   66   63
  133 6325 JBTqHb                320   95   51   39   49   86
  134 6203 F                     319   42   81   25   73   98
  135 6843 clRMreXke             319   95   46   98   32   48
  136 3936 YcbVM                 318   84   20   62   98   54
  137   18 pIEnTTkxAEBUppacDJE   318   83   36   79   59   61
  138 4639 ghkzj BmuO            318   51   70   92   56   49
  139 2919 ZdAiamoGJUBfur        318   74   69   91   73   11
  140 1327 NPAh                  317   63   61   44   98   51
  141 4255 v                     317   69   42   20   95   91
  142  430 WwDorGVqdSEqT         317   92   98   54   55   18
  143 1285 G                     317   91   78   78   47   23
  144 6424 LeUd                  317    1   91   90   90   45
  145 4461 zbTgerSniRW dk        317   74   12   96   51   84
  146  799 ddCLUDBJwQJsTgmV      317   27   91   70   41   88
  147 3652 p                     316   25   89   32   81   89
  148 9994 rQ                    315   19   80   67   67   82
  149 4614 RasFJ                 315   95   42   88   62   28
  150 7585 AYxVjSVsPVHbpbybM     315   88   77   36   72   42
  151   34 lCslHjPBMF            315   43   70   93   10   99
  152 8767 cmTBu CODYEcscqLG     315   94   24   52   86   59
  153 5907 FPEHRIWmsZPg          314    3   91   54   87   79
  154 7294 tUAvADjGaXyGC VhdT    314   25   65   52   75   97
  155 4961 XpMoZcWscogmF         314   82  100   43   48   41
  156 8431 czFFDbLqfbbO          314   68   36   85   78   47
  157 6586 IHKzWqDJAG            314   72   81   17   95   49
  158 7523 MWDJJLseqXQbcqxSk     314   47   68   88   90   21
  159 5704 aWKIGmuhTBFHl         314   50   79   93   18   74
  160 9817 GXJwhDjxLcpkPkZun     314   68   64   46   86   50
  161 4695 VOyhdeyiqWopVRI       314   99   97    0   18  100
  162 5158 JEJjfDYueFU           313   40   90   72   16   95
  163 3709 ca                    313   22   96   86   72   37
  164 8233 hfiuB dyk             313   24   83   26   88   92
  165 5848 BbpjdKzKcmSteKyXsO    312  100   39   23   81   69
  166 9763 PWVgeAUdw             312   98   69   14   82   49
  167 3136 KQm                   311   76   63   66   97    9
  168 6957 WUZzMJONeccelrOaF     311   35   76   35   93   72
  169 7178 pJuw                  310   35   64   55   75   81
  170 4895 kwAXefcpriqEMrVbQ     310   67   32   77   87   47
  171 8191 HzNDarZVEgMH  FQBslX  310   61   32   59   86   72
  172 5229 tjRvg Vq              310   76   99   54   45   36
  173 9717 sJNkEo                309   11   34   84   88   92
  174 1054 LgWwkUZbsESEK         309   75   25   85   77   47
  175 6299 rg                    309   27   50   98   59   75
  176 8714 Xfv                   309   72   39    7   98   93
  177 4495 PTX qSEkqjqTaAHyp     308   70   79   76   37   46
  178 5835 Qn                    308   99   65   32   67   45
  179 9605 KhFXt keJd fG         308   30   83   62   83   50
  180  664 pfCWSDsFzXysznQeMgh   308   69   59   99   69   12
  181 4511 VxQEqSvAsGiRHo        308   90   64   92   11   51
  182 7821 CXyB                  307   68   66   92   46   35
  183 4525 hfMIlFgLoHbwEWLzYVE   306   69   65    8   70   94
  184 5651 RDgjax                306   74   98   46   20   68
  185 3204 PjPyTQNyobEZODj       306   86   32   62   62   64
  186  631 eBOz                  306   77   61   49   57   62
  187 9846 OgVIYNu               306   92   87   56   45   26
  188 8314 OlPSaO                306   48   65   38   73   82
  189 9828 NsIfclxyKOhjX         306   86   83   84   28   25
  190 5624 rgHJFkBpPcCBKnIXQnfl  306   38   21  100   90   57
  191 9294 udfYEFqSnpHRv         305   22   47  100   68   68
  192 2658 hbYmrhDSPYtkeROFKj    305   43   49   28   95   90
  193 7960 cKioBWFWHw            305   94   72   46   31   62
  194 1825 DD                    305   87   28   88   35   67
  195 8720 wcG                   305   20   60   99   87   39
  196 4333 AwxoYStLfKIVHFhcw     305   12   39   86   77   91
  197  601 h                     305   56   61   81   81   26
  198 9381 Jaoz                  304   71   88   81   18   46
  199 2853 AHmSEnLkZmZFdafvzJP   304   23   86   62   66   67
  200 5509 SqTYIhjitg            304  100   94   29   35   46
  201 9476 jmeiEOITpVtNDAhPG     304   64    0   95   46   99
  202 8912 JpXPYUHKfhqXI         304   87   68   47   15   87
  203 4609 QunKRxuzT             304   78   40   76   32   78
  204  923 szLBFIvbQgVZab        304   55   89   93    5   62
  205 1157 zirDPLlnxxE           303   83   87   38   73   22
  206  992 qEhZdrJM              303   17   80   86   46   74
  207 1225 irtcjTd               303   92   58   65    5   83
  208 4728 itb AXMGEQBJdfisA     303   34   64   81   78   46
  209 9644 DeARqukPtcUmqWeBUweT  303   87   81   79   27   29
  210 1215 xpOR                  302   23   10   71  100   98
  211 2286 buaOiFrNN             302   12   67   76   96   51
  212 4754 SjmhYNXAPWLQRXs       302   67   94   99   23   19
  213 5656 egwwiXFUUXQxa         302    5   83   65   76   73
  214 9134 nC                    301   58   55   79   37   72
  215 9598 kRjxqQXInmlOcNf l     301   67   22   95   36   81
  216 7200 xMGtajyjeVYgDfLRgaZg  301   92   53   95   44   17
  217  920 NxgZtXO TreiJiSnRRk   301   30   47   96   35   93
  218 6210 LzalArd               301   18   78   73   42   90
  219 6695 qyaolmftgYcHeoyUPM    300   49   71    4   98   78
  220 4945 PhPXRCN               300   84   11   92   54   59
  221 7775 W                     300   66    3   86   91   54
  222 4893 E                     300   89   42   36   90   43
  223 2372 twwjECRdzPuOESyJvje   300   76    3   62   91   68
  224 5828 UALhVNBczWfo          299   52   85   51   80   31
  225 6523 SVTPWnLwB pKmGr       299   65   83   78   10   63
  226 7857 VdXA IYRNhZGO         299   43   25   88   93   50
  227  546 ChYslIVto             299   37   27   94   74   67
  228 3741 w                     299   96   17   69   48   69
  229 1561 xyFknf                299   22   96   49   55   77
  230 5324 a                     298    1   47   77   78   95
  231 4166 DCOdrOB               298   56   74   32   78   58
  232 6761 ephvV                 298   40   54   69   80   55
  233 4476 QKsZHueugjCOoJWGlKWw  298   38   96   64   55   45
  234 2606 RiubKyuEq             298   65   47   94   22   70
  235 3115 Ls                    297   99   14   44   82   58
  236 8567 dxCNaexZAM            297   60   48   93   38   58
  237 2548 db cn                 297  100   65   92   21   19
  238 9768 HCcfm                 297   67   87   44   23   76
  239 4863 g                     297   80   98   72   21   26
  240 3329 vRbqzGakEEac          296   63   73   62   18   80
  241 9025 lyAoy                 296   40   92   34   35   95
  242 4225 cjYkFnf               296   69   70   87   65    5
  243 5318 zdfCbUP               296   88   51   72   48   37
  244 2346 ryZBMdHQs             296   70   76   28   36   86
  245 6542 KWeHRzHnymOAZbvxqMJ   295   58   80   54   49   54
  246  561 FytWHLIpk             295   43   62   79   69   42
  247   15 QSyYceAuKVAKvr        295   15   53   44  100   83
  248 4928 LARUHJbUZCVrhem       295   44   62   90   94    5
  249   31 ZgS                   294   25   16   93   82   78
  250 6752 UoNXpL                294   79   21   41   71   82
  251 3070 jSwGygplLkOwREKVVAmt  294   12   97   56   65   64
  252 1049 ibX                   294   84   62   54   77   17
  253 2961 QLVNtsIVUa            293   30   61   52   72   78
  254  865 IRN                   293   39   62   24   97   71
  255 5667 BVMzSvVR              293  100   97   55    1   40
  256 7044 mDisKVVRGCjuSYFWAI    293   59   58   93   48   35
  257 9086 oyKhlR                293   62   91   87   43   10
  258 5968 eqpA                  293   42   23   88   56   84
  259 9290 iOjXpyHbmZYceEhiTyxt  293   38   83   75   47   50
  260 7063 ekmCfcJyw             293   25   51   80   57   80
  261 1402 oDaNRGPkpBfOVGGl      292   94   42   25   69   62
  262 1647 tQMB                  292   96   64   49   64   19
  263 4382 JcpmRlIsYuLMe         292   97    1   39   81   74
  264 7205 EKSVuWzOyDS           292   50   83   78   63   18
  265 9142 HUnz FhkusiSl         292   97    7   53  100   35
  266  481 jhRZVRFJxT            291   52   90   92   13   44
  267 7661 CeQaGZXFDkQkNd        291   65   69   31   62   64
  268 8384 pcT                   291   56   34   43   65   93
  269 6275 JidJBKIzyhYpNDbGKp    291   78   11   96   98    8
  270 4211 xiTG WoaetjTyxSJ      289   43   79   93   35   39
  271 2977 cXPblZiEOZzoneI       289   67   26   75   98   23
  272 8492 OyftFlRypnxKUKmO      289   63   67   76   31   52
  273 9023 AiFYJpL               289   31   96   20   53   89
  274 1878 ue                    289   71   61   16   64   77
  275  590 TTeDk                 289   45   21   85   92   46
  276 7830 FmhxVXdk              289   28    8   97   84   72
  277 1805 CKnWLAKNGM            288   73    0   93   87   35
  278 6461 lqpqgUSSsiNYoIPrN     288   51   42   85   19   91
  279  662 sLyTpUkCPJtf          288    3   94   83   24   84
  280 8449 ckzjqGmhRrLXbs        288   64   83   82   32   27
  281 6633 DZyLDRaziSX R         288   72   27  100    7   82
  282 7370 AqhJcguTcYdDCCroUrV   287   72   76   63   33   43
  283 3178 cgN                   287   21   79   70   24   93
  284  427 rtifmthnJWqY  Flw     287   39   76   94   42   36
  285 4196 RBMooemKEvRhFqgwl     287   98   27   46   48   68
  286  433 XuCVhjwbXioaX         287   93   32   20   45   97
  287 5414 lgSlKN                287   10   34   78   89   76
  288 7067 WTxJQwZIVGUn bN       287   56   88   39   73   31
  289 2519 uBj                   287    9   99   36   88   55
  290 7330 dviuIdGUlFDdfPAQXx    286   48   74   90   54   20
  291 3628 HhsrFIDAMLWS          285   12   69   34   72   98
  292 3253 QmDosmPck             285   88    6   53   84   54
  293 7597 jgig VjEtKKRzorWQGX   285   71   91   42   78    3
  294 8591 jmoVUNxAPEroQni hiy   285   84   36   65   50   50
  295 3931 Dv                    284   16   38   72   79   79
  296 5152 qhYPBskoXIzCJx Q      284   76   68   13   71   56
  297 6323 rBMLVSXvmLgSGpJp      283    3   99   57   36   88
  298 8508 beDAFLActfBjXcSz      283   10   46   90   58   79
  299 4323 k ieP OGKwJDrzfQmRD   283   72   18   88   60   45
  300 1385 xLyOMlRWtyL           283   27   85   53   98   20
  301 5059 UsUzZztQYXDLTAxyJo    283    1   97   48   63   74
  302 8144 UTRQVrlKNAUSHRNBJGyh  282   57   98   91   25   11
  303 6935 LFUcm                 282   66   87   58   65    6
  304 8928 TqWZhk                281    9   94   28   80   70
  305 5240 LlyRXDD               281    6   47   88   96   44
  306 2275 tnXvQq krHwOIje       281   84   25   54   89   29
  307  485 JMwiyDbwHF H PEF      281   44   32   83   52   70
  308 5248 mkUB                  281   40   97   50   85    9
  309 1567 jeZswyMJVjSRd         280   76   43   70    2   89
  310 3356 a                     280   36   34   92   27   91
  311 5520 wI                    280   46   53   53   34   94
  312 7809 tGSzkHAoqD JIiRU      280   93   74   79    3   31
  313 1485 IftfPBuzGXqtpMujQ     280   26   91   44   88   31
  314 8979 ypoNDnNBQwqIjDSKgIz   280   61   59    7   89   64
  315 8939 UQPSW                 280   66   79   21   19   95
  316 2008 VQdeCtGungKoWS        279   16   92   24   94   53
  317 8066 FzhlYCmCGsFt          279   55   97   71   25   31
  318 5957 ThuXam                279   86   39   47   97   10
  319 5171 GBJaivWpdYaywcveFDm   279   47   60   70   25   77
  320 6844 MhAzkOA               279   83   53    4   93   46
  321  230 XfrOitUhdWbaqfQTohaK  278   86   68    2   30   92
  322 3023 uKwefvkHrHjolIQoGoga  278   43   72   59   63   41
  323 9534 oSUbEW                278  100   14   65   30   69
  324 7122 JT                    278   19   89   92   11   67
  325 8200 iPXlVYye cTmIEn       278   65   12   76   75   50
  326  646 UNm yEUjDvexuHIfP     278   89   85   19    1   84
  327 3647 dKKNnF                278   75   42   86   53   22
  328 9444 kHvfgzwJKJCaEVlxD     278   26   67   61   92   32
  329  196 rPduGTLiRBRzFqGQ      277   63   94   19   17   84
  330 5702 jzGpB                 277   57   71    7   60   82
  331 3108 tEWbEDBIeVHoQ         277   59   12   74   74   58
  332 8429 oJrMFDdRxkVEn         277   36   73   66   23   79
  333 9678 yFotjGONxWKXRFurIXkV  277    5   23   88   77   84
  334 6034 m tnRdzRPITaZIovD     277   47   29   96   50   55
  335 6226 CRDpneuHhPDA          277   55   85    4   38   95
  336 3726 QHdWeJkOF             276   95   37   44   42   58
  337  515 LNoag uSRwqMy         276   13   13   50  100  100
  338 9568 ltlTWKKSoooRYWqCX     276   58   94   76   39    9
  339 2256 dkklyudWhYps          276   85   73   66   35   17
  340 9714 VE                    276   15   79   72   15   95
  341 7320 qHC oFTGLgOA YfYk     276   57   73   65    0   81
  342 6748 izMZyP oPoZcEaME      275   99   24   60    9   83
  343 7936 JcEXyNm               275   73   30   39   38   95
  344 1440 q                     275   32   28  100   62   53
  345 6397 ZGhDuGm               274   48   86   65   28   47
  346 8551 yJHpE                 274   40   94   13   45   82
  347 7696 EywRvpfoLxeuPFWGwWBk  274   22   53   99   15   85
  348 5845 HNZFvZPJdDJjCMHrAat   274   61   57   47   66   43
  349 8984 tDLGkJerlNUGolm       274    1   45   78   72   78
  350 8274 zw                    273   99   65   87   15    7
  351   87 RwxSUzvNnnBvSeNMb     273   74   69   28    4   98
  352 2846 Fhqd                  273   20    9   55   90   99
  353 8501 eJeB                  273   73   49   63   29   59
  354 4361 tYziyNSCS             273   92   93   48   40    0
  355 4125 VEBmjOYE              272   21   88   90   71    2
  356 6971 VAAiXyU               272   41   75   27   99   30
  357 4139 YqdoyJS               272   58   50   88   46   30
  358 6177 Lrb                   272   84   74   60   43   11
  359   85 NUthwUfQ              271    2   79   82   96   12
  360 9984 sqFoNXaEOHPto         271   43   75   33   59   61
  361 8890 HFlaHUe               271   39   12   37   92   91
  362  910 GEHBQrbkWjxEpHGiToR   271   93   90   21   65    2
  363 9177 r                     271   95   92    3   12   69
  364 2062 VGxMfYkBFzmqqNnirt    271   63   59   37   41   71
  365  529 ylkNaenuKcstoXSmvKZk  271   93   75   71    3   29
  366 5245 xcmCnASYyEN           271   65   16   65   74   51
  367 6550 SLYWfSHBPFxzIkNL      271   15   78   84   74   20
  368  568 eAMMYIq               270   70   49   77   65    9
  369 2360 sagmsdYGDyrTZP        270   10   38   67   90   65
  370 7681 ABlWsrzhl Wdks        270   91    5   73   23   78
  371 9607 BDi dVq               270   69   44   26   38   93
  372 2537 fZkBcORWF zakMCDi     270   70   65   41   18   76
  373 1332 vgdXNPPl              270   20   64   89   19   78
  374  858 NPRWbENTwTpGFM        270   78   29   16   78   69
  375 1047 KjqVHMXkvyZuNNF       270   61   44   71   50   44
  376 6440 useeCMx               269   37   20   55   74   83
  377 7369 XKoJOrtgEqmNp         269   75   64    8   77   45
  378 3501 RsowsLXljKlz          269   99   57   26   21   66
  379 9709 zrlUZ                 269   13   79   72   79   26
  380 9728 M                     268   84    9   73   60   42
  381 3045 pWfuFXDWQorYMU        268   27   54   91    0   96
  382 8745 K sjV                 268   27   51   97   82   11
  383 7957 t                     267   18   88   87   48   26
  384 2973 TxDYi                 267   42   86   16   35   88
  385  612 g                     267   31   45  100   19   72
  386 4801 gei                   267   70   67   26   63   41
  387 6215 IlSGuEYZfmWkshkvQEev  267   79   30   53   23   82
  388 1072 ycOcIcJ               267   85   29   16   71   66
  389 6315 pZuQFMV               267   56   10   78   48   75
  390 1468 qwDTjJAtaN            266   52   98   38   10   68
  391  924 limqVwtGjWQfuwUmNjz   266   73   56   23   99   15
  392 4702 vqCylmzucZrUbQGbDsG   266   14   94   35   29   94
  393 6939 kFLcveSxss            266   32   28   44   99   63
  394 7106 X pDBCfKjCoXL         266    5   59   55   93   54
  395 8659 ZfOdvXODPrKyEYYafVv   266   62   74   18   82   30
  396 1445 rkfQvTvgpGCJxUuba     266   76   78   29   12   71
  397 9158 fDpKJ                 266   54   58   52   75   27
  398 1514 CmqWExVl              265   65   36   86   37   41
  399 5321 KGy                   265  100   35   28   74   28
  400 8971 GLPABOp               265   39   31   74   43   78
  401  512 BytCgzQN              265   16   97   70   76    6
  402 7776 hoY                   265   55   45   87   59   19
  403 4859 sYPNWKUpGB            265   51   93   27   74   20
  404 4436 M aQqmJvpOpEhKad      265   84   65   51   42   23
  405 2467 VkO                   264   18   46   61   66   73
  406  449 CBgTg                 264   93   43   26   33   69
  407 8924 l                     264   32   58   25   97   52
  408 7356 iqbFZpvZLoufgqmvn     264   26   35   98   81   24
  409  809 XP                    264   77   27   18   89   53
  410 9238 VeNKhgek              264   99    6   88   15   56
  411 6595 cOMieCbuqbOiiMTT      264   74   22   55   74   39
  412 2960 lsnqYRn lFZavHB       264   59   58   85   45   17
  413 8959 DrjWVF gmger          263   31   42   61   39   90
  414 4724 sMT                   263   14   94   73   30   52
  415 9196 r                     263   99   24   19   53   68
  416 2002 KvaUkTrpppHNZToCe     263   94   79   24   50   16
  417 8145 JzKvklMXxKXAWl        263   76    1   38   92   56
  418  761 DpeqjY                263   34   74   86   29   40
  419 4483 shjaEhaSXvOLiODs      263   93   17   21   97   35
  420   63 pBsxIWcbKovTZJJ       262    0   96   51   75   40
  421 1980 TVcc AAbHSc           262   45   18  100   69   30
  422 8781 dUaeocafTfA           262   77   91    0   89    5
  423 5202 XXChDK                262   35   50    3   91   83
  424 6704 yzSwH                 262   36   91   72   27   36
  425 7865 iBvnkxFiHa            261    3   52   49   74   83
  426 6426 xDMWg MCa             261   37   69   56   94    5
  427 3131 zHGej                 260   90   68   54   42    6
  428 8102 QYxVoBnRBjvbs         260   31   40   31   69   89
  429 6863 OSiFByWXzlEr          260   63   13   44   95   45
  430 6835 uyCnhuY               260    4   93    4   67   92
  431  738 GapKXjZlRLkoFrYhxUIV  260   43   66   95   38   18
  432 8087 KqhGxrEY              259   67   40   42   43   67
  433 2371 FCGuZfHyJbSjimftUO    259   36   68    7   49   99
  434 9347 yzNjqaUpRIMgynOLAFeC  259    5   98   58   68   30
  435 8622 FOSS                  259   83   62   30   67   17
  436 4818 cDKDd                 259   61   52   50   30   66
  437 9877 u                     259   59   49   36   64   51
  438 3436 MGhFiELtgpVHkS        259   44   77   55   39   44
  439 1852 lNaCMLEbv             259   23   39    7   90  100
  440 8308 dsgouWTiOMrfG         258   26   55   98   49   30
  441 7638 IRkwHBwEyl            258   74    5   92   32   55
  442  378 sPKnISmWIOPaiheL      258   73   39   39   83   24
  443  137 iv                    258   83   53   66   24   32
  444 9495 OCzspmTvNQ            258   57   50   32   39   80
  445 8441 QFBREYCvN             258   65    0   86   34   73
  446 8503 EWa                   257   70   16   16   65   90
  447 2572 Cwowupl               257    8   16   49   97   87
  448 3799 zvyjGOuXF             257   42   47   85   13   70
  449  934 aIfCuqe               257   31   12   23   97   94
  450 6025 VqdIDbGzSrW           257   79   34   11   84   49
  451 1861 kvYLsVUlmLRWCSSTSxE   257   45   52   82   75    3
  452 4729 YGzRl                 257   73   16   41   39   88
  453 3949 ddXV                  256   41   77   50   15   73
  454 3585 pKk                   256   74    6   86   81    9
  455 9133 FX UuqbehEt           256   62    2   86   72   34
  456 1104 lBHD                  256   45   18   89   87   17
  457 8298 pxuFJZxDMBWtB         255   26   59   26   59   85
  458 9699 YVgpRjJFY             255   13   17   69   85   71
  459 5586 GWczfHUWCobmuKyGf     255   37   49   12   73   84
  460 9532 i                     255   91   21   60   17   66
  461 9176 uNqYObCoiMIej         255   18   27   93   53   64
  462 7873 mjHNcIjKCEx           254   86    8   69   72   19
  463 4521 ItwkoKS               254   16   42   48   54   94
  464 2551 geRNtV                254   62   79   11   17   85
  465 1028 ylURcoetO             254   22   63    0   99   70
  466 9298 eCpyvvxAEqosVlMs      254   25   30   56   54   89
  467  773 arXIf                 254   14   61   73   46   60
  468 5299 qdgQmgVpdXPmt         254   21   22   81   84   46
  469 4665 dHJCmv                254   10   65   74   57   48
  470 4675 deL P                 254   71   10   47   66   60
  471 7457 zYwzmcCtfi            253   71   34    8   81   59
  472 4126 keB                   253   93   76   16   55   13
  473 6477 KlcUCB IjkUrA         253   29   67   67    8   82
  474  824 WhFqB                 253   23   39   41   94   56
  475 3423 jbKtFN                253   82  100   39   13   19
  476 4022 y                     253   24   93   37   15   84
  477 1487 YGXZYYgjoASk          253   69   34   99   35   16
  478 2446 wZCNCyPSsTpoRMl       252   47   26   80    1   98
  479 2866 mrNmtaymJuWRkuhmrTX   252   86   56    2   94   14
  480 4477 zltzhMutPEBUyh        252  100   11   65   32   44
  481 6420 R W                   252   87   14   93   18   40
  482 6926 KlxGCiApc             252   89   17    4   46   96
  483 5057 vcEKCjuKOlOBiapCtEF   251   55    9   66   94   27
  484 8038 pleYlfXnbFfrnJwRbOid  251   57   14   27   60   93
  485 4646 MLSPHJjVmzKvygZ       251   10   50   91   76   24
  486 1848 vYKcV aPq YLCd        251   26   40   70   69   46
  487 5810 oeYn X HeHJ           250    8   82   68   55   37
  488 3015 zwuAGfkMXUaJMllnMXL   250   31   54   73   92    0
  489 9258 aOywyUKEwLEZOqX       250   37   97   14   10   92
  490  665 FOnBZbwU              249   13   97   84   43   12
  491 5849 nQpWYKTp              249   13   41   85   28   82
  492 1729 UpmhMtxEUwCb          249   92   12   69   46   30
  493 9813 k                     249   39   36   69   57   48
  494 9050 KdnqqSEHoNNQxlaD      249   21   78   66   70   14
  495 1981 m ZVUj                248   37   60    7   78   66
  496 2098 uEHeZmYMYH            248   24   89   21   21   93
  497 8512 mKeuNHYiDe            248   83   50   16   61   38
  498 9470 iwFAPLexFyzSU XRR     248   47   50   42   94   15
  499 2547 vpYcoSsBswBxNgs       248   22   32   99   13   82
  500 6666 qGBoeeAbPIOJa         248   26   79   58   29   56
  501 4821 SwvYcMZqQEjkaDGh      247    1   56   30   74   86
  502 3081 TdKpBQXjagK           247   50    4   71   54   68
  503 1759 RsguYkoR              247   78   86   49    7   27
  504 7604 zvRZOcbSfaYcFg        247   70   20   59   69   29
  505 3681 b RCnCwxjhtQGGU       247   21   13   86   98   29
  506 3902 KB  IDgmQrEdluV       247   48   13   90   64   32
  507 1681 udbyzS                247   63   92   76   13    3
  508 6419 qq                    247   95   70   27   32   23
  509 4366 Sty AhqeB             247   67   20   97   26   37
  510 8082 ONIdoJTwbmNFbMlVHfoc  247   87   10   38   51   61
  511 5816 O                     247   43   46   97   54    7
  512 1579 MfX jVgVDNKAdOS       246   80   25   47   28   66
  513 4765 TkFuCmegTzvL          246   98   11   42   24   71
  514 3743 mNOqZ                 246   63    7   45   47   84
  515  521 KbrfYSluWshC          246    7   73   63   13   90
  516 6993 HgeXmowtOQRiFxG b     246   93   33   57   14   49
  517 4800 zzBasdY               246   42   28   96   36   44
  518 4797 xjEeUCnV              246   42   81   36   72   15
  519 6707 QPWNHrDdMqxYAV        246   11   51   80   48   56
  520 6700 Rmcgw                 246   26   42   86   78   14
  521 3915 zOaN                  245   83   38    6   64   54
  522 9016 foFwstoqvoPOj         245   54   42   93   50    6
  523  902 kPLh                  245   27   66   83   45   24
  524 5411 PggCBHH fW            245   64   29   90   57    5
  525 2327 rEGB UPMNabDNvzt      245   91   42   10   43   59
  526 8420 oJmLJdoqlDUNMOZYwYw   245   30   67   24   85   39
  527 1323 IyTRletFIVEMqjrogC    244   44   43   24   54   79
  528 5429 fUNBwYMrdhRiPAns      244   93   72   48   13   18
  529  751 UiHWEstqwIPwZ         244   24   35   91   67   27
  530 6811 SZpY                  244   69   59    9   39   68
  531 4733 KQQsPu                244   27   31   76   27   83
  532 1243 fKeoNCMLeFYVWxMhVd    244    4   73   85   67   15
  533 9740 XPRvRRwRvOpB          244   33   39   97   38   37
  534 1085 QQKwPPEPChaGtezFAmJN  244   13   73   92   60    6
  535 7835 nNulmcwfMIUHF         244   98   18    8   49   71
  536 3728 L                     244   78   93    3   56   14
  537 1966 VNMc                  244   82   43   55   30   34
  538 3505 JzRcp                 243   71   47   60   55   10
  539 1190 ndwv                  243   89   16   34   17   87
  540 4007 RoWiDsEGZf            243   39   57   76   14   57
  541 2484 UE                    243    4   41   51   96   51
  542 8914 GcloEiG               243   76    8   54   62   43
  543 1062 GSV                   243   27   99   29   50   38
  544 5066 D JpxjaGhOLthxGv      243   25   36   88    1   93
  545 6193 PscWpfToNSunsWEHQzL   243   98   10   85   37   13
  546 7061 ABWhcdbmSshlmHGGHjiK  242   50   20   79    0   93
  547 6890 nsQFARR               242   49   41    0  100   52
  548 1854 bAvTLIrXoNdEvtBXX     242   54   41   85   22   40
  549 9848 QiB axMFAW            242   78   17   70   43   34
  550 4634 khlOd                 242   21   43   80   85   13
  551 6587 FbBBsNmZeTpfjnmfjidS  242   64    0   86   42   50
  552 1768 RRdbClsajrf           241   87   38   11   96    9
  553 5138 pfKAjfuD              241    2   76   55   45   63
  554 8084 heQNoh                241   21   67   45   19   89
  555 1881 GtJrmQcAjlKYEpUh      241   52    3   44   51   91
  556 5111 DyG                   241   57   44   59   38   43
  557 8961 XyRYesdwKp t          240   57   33   42   19   89
  558 3796 JHdBGDaIPTKeNVAs      240   69   24   17   65   65
  559 8636 hgkY XV               240   23    5   61   64   87
  560 9525 EBpHR                 240   55   18   30   92   45
  561 8560 pDjGK                 240   53   39   74    0   74
  562 4330 xkoFP                 240   61   49   54   73    3
  563 1460 LxmlfZBfc             240   83   39    5   69   44
  564 5255 SDslEo                239   59   84   52   18   26
  565 7695 rO                    239   77   16   62   33   51
  566 5864 exXJn                 239   21   86   70   15   47
  567 8989 CfqqaOnnVwvThXHl      239   50   39   75   64   11
  568   91 SqbLVzyXYxsowLmeMzyX  239   72    2   84   20   61
  569 6527 YEMJ                  239   69   77   71   22    0
  570 2400 dxKxAZObjazm xgmj     239   39   38   19   70   73
  571 9508 PaFyPzT jdkuwoBhJU    239   85   43    9   55   47
  572  229 OIhhKe                238   44   79   71   23   21
  573 2530 he                    238   46   37   79    2   74
  574 8460 CFpqBylKO             238   71   66   40   10   51
  575  386 VYOfYMae              238   81   90   13    5   49
  576 2405 fJMQHfWPEinJgEco      238   65   26   25   28   94
  577 5550 mbHX                  238   71   46   51   11   59
  578  819 MsujlIWXXvrsymep      237   65   57    0   31   84
  579 2803 biUbHjqHRzWuSuTMVn    237   91   37   42   56   11
  580 2506 etwV GuXpTljVFODiQf   237   46   25   97    8   61
  581 2560 JWjtYqdfkKWCkh PNJ    237   48   93   91    4    1
  582 3700 IRzRnQuQM             236    7   79   75   40   35
  583 6410 iMCnXFjRGcnZ          236   36   51   80    7   62
  584 7028 PGoBvm                236   64    5   80   80    7
  585 5044 DBIQYTX               236   74   28   24   41   69
  586 7255 tPvgWfoLpOkgiMzsu     235   63   11   38   80   43
  587 9555 RqqLoGtoBYdgxiEMkzbS  235   81   49   28   55   22
  588 1785 MpXOvd OMUSe          235   96    2   13   43   81
  589 7566 WfHDdcSzR             235   61   47   48   66   13
  590 7827 g                     235   25   44  100    4   62
  591  608 pwHG                  235   83   57   10   57   28
  592 9264 wYPni                 234   15   39   18   81   81
  593 7246 xBwCKwaCGbH           234    4   35   17   95   83
  594  275 HsuzkYjriwmVFi        234   24   74   30   32   74
  595 1545 dLySn jvEzBLZ OLrs    233    7   47   90   45   44
  596 7666 ZOOmFyvMhNSBKIQg      233  100   58   17    6   52
  597  146 TXdVAwhDpvbMbndG      233   30   59   44   31   69
  598  260 usyTxWKRuuM           233   28   96    0   37   72
  599 6380 XqkLAOyuPu            233    1   93   49   57   33
  600 7867 QyOPseuwuwaDSRKFdG    233    4   17   89   67   56
  601 7575 OwoRuSWCpsAzbOgrT     232   76   44   17   52   43
  602 6296 NAs                   232   34   44   42   93   19
  603 7349 VGfgkGqGsqObuHiOlhg   232   34    5   79   55   59
  604 1936 JbbSsLFGTwUoSJUQppM   232   16   72   75   63    6
  605 9977 xAslyyN ig mjQgf      232   47   95   12   37   41
  606 5705 OizGizYhfhjFVVRvCO    232   78   31   41   80    2
  607 2221 ZwsmVUmMaBbt          232   24   73   61   26   48
  608 6652 oySmLlQHCPtCgyV       232   28   13   19   87   85
  609 5708 lZQwvF                231   54   65   17   14   81
  610 7377 RWhmlkAoTXPXmo        231   79   51   58   19   24
  611 7894 M                     231   40    5   61   34   91
  612 6245 eAvuVFuMdpW           231   78    7    5   98   43
  613 4481 zohxCwjoTwhTj         231   45    1   77   99    9
  614 1874 rjqDqVvr              231   74   18   57   50   32
  615 2782 gTMXZLTDmxcJy         230   66   75   85    3    1
  616 7652 afFBlpxExv            230   92   17   17   99    5
  617 8325 GvrMsuaRUarpmAepequO  230   26   34   59   60   51
  618 2777 sjKgbeK               230   51   37   20   83   39
  619 4806 LxCXrutHUcTHcP        230   79   13   59    8   71
  620 1559 JFBNfsB               229    8   33    5   96   87
  621 7135 uzOWnEHTGsDDheh       229   41    5   34   75   74
  622 6003 fXkUgsWileC           229   59   50   99    0   21
  623 7171 gvIgNvwmAZfPHA        229   22   83   38   55   31
  624 2563 CBKfQHEorlnuQwlhYrv   229   31   25   97   45   31
  625 6108 BrLnFbRGS             229   89    4    0   89   47
  626 4716 KKJkEosmMR            229   62   72   42    3   50
  627 6668 cKbhJirbHQFf          228   80   29   33   39   47
  628 9496 qkqAgYkobWOUSD        228    9   75   24   55   65
  629 5046 GlgJwYuiXvwtu         228   63   29   12   79   45
  630 3737 mtznNPauU             228   10   55   77   34   52
  631 4595 VKCVpwZ               228   88   18   11   24   87
  632   14 OYA                   228   12   18   99   69   30
  633 5025 rpySvrPUohgJUQw       228   29   61   63   23   52
  634 2109 Zslaby                228   14   38   42   94   40
  635 3671 HlpczcUuIknPyLXbY     228   35   30   63   37   63
  636 9960 dudTDmiBYxvEITrHGPD   227   52   64   47   55    9
  637 3159 RA                    227   31   18   20   58  100
  638 7129 yoqujJKQJxqBCRBI      227   73   54   40   53    7
  639 2092 tYAa                  227   47   33   81    1   65
  640  224 DS lVeqotlPdGfl       227   66   73   65   14    9
  641 4500 JEmT                  226   16   96   30   54   30
  642 4533 DRXOvwl Ko            226   40   97   51    0   38
  643 1790 EaembWr agGfCCq       226    2   61   84   36   43
  644 3674 wYaexJVCGCXimVrsHPt   226    8   54   33   67   64
  645 5891 K KCqY                226   69   43   31   81    2
  646 4499 aKHro GZmlHUeBTPVi    226    3   37   67   92   27
  647 9352 hkqdb yYnIvz          226    2    1   98   55   70
  648 6964 xNpMZB                224   33   61   17   43   70
  649 3430 fxqdgBcUAT            224   41   60    2   52   69
  650  571 gwuVUdzOlO            224   39   21   64   92    8
  651 4731 oOePEmNfYiU           224   34    9   90   85    6
  652 6466 nRspG                 223   95   34   13   41   40
  653 1606 z                     223   48   17   67   49   42
  654  693 Ay                    223   14   85  100    8   16
  655 6605 y uRWQ                223   25   45   71   14   68
  656 8412 JvbcZGWC              222   84   11   99   15   13
  657 4251 nSwuDBqC              222   18   76   15   26   87
  658 6819 llzZOgDUIU            222   63   83    6   19   51
  659  401 mfklcd                222    1    0   66   85   70
  660 1068 IcMxBeJoces           222   65   49   69   37    2
  661 9067 mlTiS                 222   82   43    6   40   51
  662 9440 ZJypR                 222   53   66   41   17   45
  663 2223 jcXjudsTOCxWdhuSpY    221   29   71   39   53   29
  664  311 bsKJoT                221   57    1    5   62   96
  665 1505 glITVVfbGJWEtx        221   18   39   81   39   44
  666 1714 SAZV                  221   59   53   23   86    0
  667 4959 hxnpVErepZDfYQokC     221   81   12   44   57   27
  668 5213 XUrMytLEPZblZkmB      221   90    2   44   66   19
  669 3096 gnZIyyheISGaJnzkPzx   221   63   27   33   37   61
  670  605 ZBHpeQSNDoaMZHCJ      221   91   48    0   78    4
  671 5511 dxd                   221   90   46   44   18   23
  672  147 JfiuUIWZyyUaZrftM ZL  221   42   11   21   92   55
  673 8090 jlDToKHsXajUnUR       221   79   15    0   42   85
  674 8617 Ev                    220   37    7   62   46   68
  675 2492 kJvrXBssor            220   20   74    4   93   29
  676 6200 eVhmsdGxFDzfOk        220   37   67    3   25   88
  677 1959 EwY                   220   92   25   44   25   34
  678  954 LfS                   220   57   51   78   31    3
  679 3823 QjCMmQK               220    7   34   90   68   21
  680 1844 yGOFeEvZ              220   49    2   33   36  100
  681 6855 eNyidZku              220   63   36    2   47   72
  682 6817 TpwwiUf               220   11   42   58   20   89
  683 1444 npDBPrvShrEAFIHjNtI   220   99   11   67   10   33
  684 3179 swSblEDYQIArfW        219   22   15   64   49   69
  685 4574 VFbmXMF               219   18    1   13   90   97
  686 9600 jrSbNapkbbIkQb        219   36   64   18   45   56
  687  274 oTh                   219   62   16   41   34   66
  688 8405 LFHqvKkMD             219   23   12   77   19   88
  689 1927 aprCGHyd YpnNSVNdYsF  218   61   14   93   48    2
  690 1116 HTcEdMaA              218    2   69   18   53   76
  691 9226 dN CZVchrYtmfLF       218   85   28   13   86    6
  692 4357 NdeN                  218   30   23   20   72   73
  693 7003 PyHXwnzqjExil         217   90   42   80    1    4
  694 6562 uglgjKAcdlsfBhggBG    217   55   17   32   26   87
  695  697 ptdzNmLaBaEJAR arisb  217   31   38   29   41   78
  696 7917 mCM                   216   68   23   65   47   13
  697 1236 YIpHAlAIjwj           216   96   23   26    2   69
  698 6822 y                     215   20   68   25   58   44
  699 2918 cSY                   215    3   55   46   38   73
  700 1223 lMtemylGxQ            215   80   57   19   58    1
  701  152 LfIGIHopuKOpULyGoR    215   10    4   49   85   67
  702 9697 nCOnWsuOFEq           215   15   81   92    7   20
  703 7001 l                     215   84   42   16   43   30
  704 6920 jhWetfEdK             215   41   71   48    7   48
  705 3431 q                     215   28   44   39   62   42
  706  174 LGd                   215    5   52   58    2   98
  707 9188 ua uNyfhvxIVPASD      214   95   41   46   12   20
  708 2245 BxzuwM Osd            214   20   46   69   40   39
  709 2238 uNz                   214   13   43   73   15   70
  710  418 o                     214    5   69   93   16   31
  711 4714 Q                     213   51   52    8   91   11
  712 2808 eIIQSU                213   52   38   53   70    0
  713 7249 jVPxnwWerSPSqkXiZ     213   46   43   60   41   23
  714  685 jQEcsYRcRP            213   63   79   61    4    6
  715 7670 wMY                   213   55   74   58   26    0
  716 4804 msPBNQzuLeU           212   72   49    9   78    4
  717 5997 ruLoPHdPssoyKLdp X    212   51   79   44   33    5
  718 7563 hALMaRNusYUXvka       212    3   94   10   17   88
  719 3885 kqYufgsrZorVLA        212   15   99   67   22    9
  720  767 KZ                    212   36   55    3   61   57
  721 8883 XEme                  212    8   77   71   33   23
  722 7825 cFAuRqgLOJGrE         211   97   56   19   16   23
  723 6298 pKseF gYEMvaZMlOs     211   16   46   70   71    8
  724 2636 LjqdsKHvFspuCs        211   53   56   15   45   42
  725  828 YbuekAADjORJW         211   48   27   13   56   67
  726 6718 xyerXJ                211    6   91   49   32   33
  727 7301 OnFoMREf              211   50   62    8   91    0
  728 4170 imQUAsBqXQDaWa        211    9   79   34    4   85
  729 1400 rOiankbDlIPzFQ        211    5   46   91   40   29
  730 4618 NTqo                  210   65   51    1    3   90
  731 6388 txlAxYhyo             210   11   52   35   89   23
  732 8272 ySFGKUzeGV            210   44   51   31   63   21
  733  458 MToHq                 209   22   72   43   15   57
  734 5544 zlRDNoanORRTgS        209   71   92   27    2   17
  735 2284 ANwWSGgqulyVvOuxg     209    6   47   97   41   18
  736 3410 CpbXPUFCLsdWqmaJXI    209   10   52   14   64   69
  737 9790 SDYdazhw              209    6   65   34   63   41
  738 4478 nbdGxfVtCvBPxiteNpFv  208   14   66   97   26    5
  739 8410 JqByLq                208   42   60   83   11   12
  740 7084 JEPMeepaXPYIm         208   41   38   84    1   44
  741 3161 mztrWbbtbhARfGLzBDm   208   88   26    2   78   14
  742 3171 hZnQepVuwZeMSvm       208   56   34   54   35   29
  743 6066 Rzqhrb                208   18   52   44   13   81
  744  792 kORevjwFYU            207   10   28   66   97    6
  745 2669 PTZd ebKJo            207   38   20   70   68   11
  746 9293 WwZNwoPIMMH EDG       207    8   28   47   76   48
  747 2196 btLolkQmdlEjbnzsCRK   207   66    0   18   98   25
  748 9590 GTSpmFivaDXckmvn      207   23   32   89    2   61
  749 9350 SmAmWp                207   29   68    5   16   89
  750 7811 TBhaPXFdowuKIMgrPVM   207   36    7   47   33   84
  751 3037 dkrGDMSISbn           207   51   37    1   31   87
  752 5711 AJCzgcfcnv MeTvx      206   61    0   62   27   56
  753 2701 cJzaJIXDugZ           206    9   20   14   79   84
  754 4737 BHgNlVkCO             206   52   10   57   21   66
  755 6927 GCSDBUROvwqyC         206   73    4   63   44   22
  756 5146 W                     206   17   24   77   55   33
  757 7673 kpDZw                 206   32    4   70   66   34
  758 1602 CUTYWEWLThNRdWfCYY    205   24   33   41   94   13
  759 8739 MVRmEjcFmAKObGm       205   16   65    3   89   32
  760 2415 j                     205   16   77   62   29   21
  761 4023 rlDIPFm               205   52   46   25   36   46
  762 9105 iJxVrOvdPjaZSU REIiK  205   84   24   48   23   26
  763 2850 kmUNQXypKZk           204    1   48   34   73   48
  764 7844 YGWcZXsJYw            204   47   11   66   20   60
  765 9354 UgffRaQ               204   99   11   14   33   47
  766 5934 nH                    204    3   87   26   43   45
  767 7545 cGKlqSB               203   55    9   72   23   44
  768 4565 jyNjxrVCtNfhLsm       203   41   69   68    4   21
  769 5844 tgZLZmukFWlOvymlSobS  203   65   10    0   34   94
  770 2271 jZEXnqRsLwrhwRwlPn    203   11   38   43   52   59
  771 4975 rGhKBEC               203   66    7   30   26   74
  772 6181 XYadJZctSni           203   52   67    8   62   14
  773 8702 qkMDIgVMuWVY          202   38   39   64   23   38
  774 9020 ObNtP                 202   14   97   13   57   21
  775 1414 b                     202   64   31   28   10   69
  776 9563 nmvdameHpkBgALzBgckG  202    4   55   17   93   33
  777 2447 YXegHpE               202   70   26    2   27   77
  778 8570 ItOSKZSmJjgiaYyRz     202   22   14   58   63   45
  779 2856 BnMAWiNfsvfu          202   74   50   37    4   37
  780 1654 y                     202   40   84   24   44   10
  781 1578 IiIMdtYYrHZNwK        202   28   21   84   57   12
  782 3401 qQs                   202    7   46   79   18   52
  783  216 lqeobiLxcCXidHFBQ     201   62    1   27   26   85
  784 8228 DU D                  201   22   38   25   80   36
  785 9857 cPmYOUfUfVQpYaJxIkkI  201    3   42   31   97   28
  786 5290 yHleJPOuHi            201   41   16   66   61   17
  787  971 v PSx                 201    9   62   39   36   55
  788 4064 xYDcxFhiSYNYoHjpcOQ   200   53   48   67   25    7
  789 9756 rpIVOGRPjwnBpTdEDl    200   39   67   79    2   13
  790 3976 Xck lv                199   78   23    8   51   39
  791 7826 huwLxnmUJr            199   25    8   64   88   14
  792 6988 mFwoohoGplN           199   16   55   37   44   47
  793 3124 UxGa                  199   19   65   10   79   26
  794 1720 TZr                   198   25   71   20    0   82
  795 3982 FUytlTiqvvS GBbh      198    8   23    8   76   83
  796 7588 v                     198   95   45    3   36   19
  797 3912 nDXy G oLuApJRf       197   74   25   36   22   40
  798  536 SInhyzD               197    0   36   90   61   10
  799 3706 lWjsZvYek LVoVrYXQ    196   95   54   15   13   19
  800 5950 lIp                   196   23  100    6   52   15
  801 9530 criR                  196   94   16   32   35   19
  802 1410 AbaBZfpYFCUD X        196   26   13   57    8   92
  803 9648 lLpm                  196   15   23   58   22   78
  804 5087 HILVXM                196   60   13   84   31    8
  805 8566 mkXrlbdardzG          196    8   84   83    4   17
  806 7870 gzCn                  196    0   28   45   72   51
  807 2254 evyqGMhhY             195   71    4   50    1   69
  808 4767 fwOzI zju             195   33   33   10   46   73
  809 6769 oyfCfNklEc            195   17   32    6   95   45
  810 7777 WCGBkybkIeE           195   78   37   75    3    2
  811 5608 bVVgjqVdgGaEXpekB     195   21   48   54   29   43
  812 1932 vwwNRevSZzxkZOToEs    194   29   68   32   43   22
  813 2475 qXiWMAbcmptht         194    7    6   71   95   15
  814 7100 LmEgKIJVwCXvwAMuz     194   79   35   12   15   53
  815 8625 qHUkkpX               194   34   15   68   63   14
  816  956 ZXmiDzkqsOrpsLZMXR    193   36   51   19    4   83
  817 3113 jTXWBj                193   50    8    8   30   97
  818 1496 LTPUPLLcLPwG          193    0   59   29   61   44
  819 5069 eBqxgaFwDqRUFSBqjl    193   48   27   33   38   47
  820 5402 bqvMSkIJjCTBFsNgkZ    193   17   44   10   31   91
  821 3967 qtWr                  192   21   53   72   36   10
  822 1642 ZCIGxF                192   45   23    7   61   56
  823 7892 wiwPJivfnsLUPiaKexuQ  192   44    7   38   24   79
  824 3908 qLgtSbrRoE            192   19   64   23   73   13
  825 2715 ACE PNosD epE         192    1   60   16   60   55
  826 8474 oj udPY               192   54   46   48   25   19
  827 1933 NOBRySrWhgEKeZDmzalG  191   47   20   60   28   36
  828 6314 yxFOBjJ               191   34    4   84   68    1
  829 5964 EmSbC D               191   97   56    5    2   31
  830 9663 SEVtpbaiBTAB          191   30   11   77    1   72
  831  455 LmbTbH naNbeo         190   21   28   19   93   29
  832 3002 ML                    190    3   44   70   21   52
  833 3574 yUOMeMBsoFuAJbZYkny   189   12   56   16   97    8
  834 7360 FIuPZDWRnoZjM         189   91   66    3   17   12
  835 7280 oI dSTUeJhpCTp        188   20   40   32   49   47
  836 1917 FZQ                   188   74    3   65   10   36
  837 1067 Mzo                   188   68   50    6   43   21
  838 5062 Aw                    188   23   14   51   70   30
  839 9388 z bxMhMhFSZvjZFAjORa  187   10   25  100   10   42
  840  907 QXBJJoEIqbxNIGqCkGx   187   21   32   21   73   40
  841 6686 zj                    186   46   63   56   15    6
  842 4319 DkYIBtMRoLP uTC       186   45    7   70   55    9
  843 4545 TxfwecImlFWLzrqaAp    186   45    9   63   44   25
  844 3858 xYewuZtidDxhbN        186   13   34   31   35   73
  845 7236 ZfdZohVg              186   26   67   29   64    0
  846 7281 pwnpN                 185   40   40    0   11   94
  847  845 PTNWDZWNWQMyhe        185   32   52   20   75    6
  848 9245 mKHqeCRBc PqpMuFJQmq  185    7   89   24   29   36
  849 3242 iMVqJ                 185   12   84    9    3   77
  850 3040 LZwjzDmurQRXqvV w     185   63   13    5   33   71
  851 3777 pnroiYWXXoj           184    6   45   50   50   33
  852 6534 IgahRUz               184    3   87   49   29   16
  853 7805 KqN                   183   58   47   43    0   35
  854 2422 r                     183   59   38   32   31   23
  855 4305 CkjyKWrRLchUKtiyxF    182   20   88   34   35    5
  856   13 Me                    182   24   75   20   14   49
  857 8311 RJo                   182   51   10   79   17   25
  858 7915 pZCGxgC               182   92   25   61    3    1
  859 5470 Xex                   182   76   14   48   22   22
  860 5175 EwbozErIfxic          182    5   49   40   74   14
  861 4927 frh                   181   45   27   44   26   39
  862 7425 PBKvUY                181   29   44   49   57    2
  863 3631 VYZqOpRkHpfKrxKzady   180    4   59   42   32   43
  864 4813 kvWckIxuAfH Grm       180   20   25   24   98   13
  865 7629 SxBXvmJiEtfeeX        179   26   90   25   38    0
  866 6280 oPyVNgyNQVaqwHSsu     179   31   45   70    7   26
  867 4816 fbaTt                 179   18   27    9   92   33
  868 7959 hLkRxcDJyJVqnQy       179    5   62   41   56   15
  869 2387 HVmSuIlXiOfBkzhA      178   26   33   55   32   32
  870 6171 Q                     178   50   25   11   86    6
  871   81 vD KTdHYEazmjwf       178   39   62    5   24   48
  872 9221 IZ JdhEi              177   97    5   38   28    9
  873 5323 eEBwOK                177   42   47    1   22   65
  874 4697 buAiu                 177   32    3   50   29   63
  875 8183 Fvx PtD               177    0   43    5   69   60
  876  705 HHxArGGSyhqXSLgIbcf   176    5   18   71    5   77
  877  304 vzoeRc oknr           176   19   33   38   69   17
  878 3057 CNIeCuEA kL           176   12    4   91   40   29
  879 2647 sLWGlCSIMKtWn         176   40   17   61   43   15
  880 5424 IbcYoBcQ              176   47   83    1   37    8
  881 8411 eCQlGnvSVUzOuL        175    2   73   69   22    9
  882 1773 teEtDezBBR            175   12   70   13   79    1
  883 6994 hKzYEHOgTOlE          175   42    0   89   19   25
  884 5444 mEEQVxEcdoNAnh        175   53   23   55   43    1
  885 3094 QIarAEczCMsxbPHJcta   175   11   73   37   25   29
  886 4073 VFeBdhDgrtHowDmjJm    175   33   19   12   98   13
  887   43 o                     174    8   20    8   80   58
  888 8161 yDdeVX                174   22   19   80   50    3
  889 3059 xFDAoK                174   51    2   14   24   83
  890 1910 PKWxkASgIfd           174   15   93   36    6   24
  891 8889 SrHcFXpe              174    5   47    2   50   70
  892 2015 G ZXUyWGavsuGFcA      173   42   29   16   37   49
  893   32 uaUS                  173    7   24   94   19   29
  894 5971 MRAwOch               173   58    1    1   46   67
  895 2375 hEvdKCR               173   13   24   35    8   93
  896 5578 jVFQaVfSKwWqIOySo     172    7   40    8   47   70
  897 6645 RqP                   171   77   29    5   58    2
  898 5628 mbldaCcRqalUfyhFyL    171   52   26   14   31   48
  899  972 dUxLSduuSdYGsUNDp     171   58   49   31   14   19
  900 3031 IYBOcOAIFNm           171    0    2    5   93   71
  901 9781 GsDNORXnuwHGTY        171   72   66   14   16    3
  902 9872 xxYjUpumpDqdmQbssMI   170   71   27   18   17   37
  903 6464 Uy                    169   32    0   18   73   46
  904 3174 u m                   169   12   43   57   21   36
  905 2401 QyAvjwIxM             168   24   28   98    1   17
  906 5077 qOtqQaOCzUDvZsMgFS    167   66   28    3   49   21
  907 9168 jonbMe                167   59   10   44   15   39
  908 3022 DBKFLrI               166   50   37   17    2   60
  909 4913 D                     166   21    3   24   85   33
  910 2727 HCHP s                165   21    6   67   23   48
  911 4597 rcwPoqIgzrtfNxAa      165   56   75   19    3   12
  912  822 r                     165   58   65   29    2   11
  913 3377 wiVEuhYdYucuBVBCr     165   31   31   31   19   53
  914 8852 dRJAgyqjZxGW          165   72    5   33   12   43
  915  286 CKsmsBE wyeUrwrLJom   165   37   18   32   22   56
  916 4653 frNsneC               164   41   32   31   31   29
  917 6720 CmPNVoTNnTHFwB        164   14   80   19   24   27
  918 3449 UMbabpfBzqL           164   15   54   35   41   19
  919 8849 zJjCs                 163    0   65   13   78    7
  920 3237 HsMdcIlBo             163   60   10   55   25   13
  921 6449 scdeUEthqWaJcvKscy    162   28   52   55   17   10
  922 3044 WNmAYXS               162   30    5   41   59   27
  923 5335 tqpghzDQ              161    6   26   44   80    5
  924  323 DJEpnfGFFRrj          161   20   33   29   60   19
  925 7182 FFMTCjTQYMlCd         161   36   19   23   20   63
  926 6789 AWldqimslqRQoELQEZ    160   81   16   14   46    3
  927 5690 EcWrTEPmvUXo          160   10   89   10   28   23
  928 1058 DiNwKDHbDqpX XVYkRu   160    1   47   35   15   62
  929  273 ASwKeXLfP             159    6    6   83    8   56
  930 4329 BcJgwvOZcGjCj         159   62   31   29    7   30
  931 8487 gagoVFLiFl            159   21   62    3   16   57
  932  530 Ur                    158   32   37   33   41   15
  933 7699 VbcWZXtPfoZzRgo       158   28   33   66   24    7
  934 1140 IsCMwjkPfLRMdSUjoEP   158   34   92   30    1    1
  935 3826 ZOiiMQlblOJR          158   83   39   19    5   12
  936 9395 NU                    156   87    9   28   24    8
  937 9668 QaZZApirw             156   17   28   47   11   53
  938 3269 mLsVzQXpwDtkCIIiSW    155   12   61    6   31   45
  939 3091 XOqDTnVhWOFdHazgJos   155   69   16   30   29   11
  940 2774 kldPNBIVgaPCGA        154   33    9   30   58   24
  941 8214 S                     152    6   19   22   38   67
  942  135 XA                    151   55    5   13   37   41
  943 5352 MZZsVs eQILQZ         150   33   73   23    3   18
  944 5358 HMazSBNeLgcv          149   33    0   43   45   28
  945 8329 uVuToOEbzjXIN         149    9   10   54   66   10
  946 4637 rmzb                  148   59   28    5   27   29
  947  444 uE                    148   21   59   14   11   43
  948 1411 DAJnBfqVwWjMs         147   64   32    9   31   11
  949 2121 jUBk                  147   42   35    0    3   67
  950 6450 spiyjqxXZTMVhPTFll    147    6   28    0   66   47
  951  726 KBwm                  145    9   40   27   47   22
  952 4922 kTqMxQapaMLJZdw       144   25   17    2   85   15
  953 2122 QojjFYuTrnQjDsG       144   85    4   11   38    6
  954 1672 IYMJ                  144   42   50   16   25   11
  955 9767 CrVnmmvCvNUp          143   12   40   64   11   16
  956 9364 NaXBglJF              142    0    0   53   46   43
  957 8179 rfI dZDSsCfJOWqnK     141   10   23   51   48    9
  958 6999 bMBSMTVycNaCDt hSAGM  141   16   10   30   75   10
  959 3880 XUUsvc                140    1   42   69    6   22
  960    6 GIn                   140    9   65   20    5   41
  961 3446 vrswTwmlyANSgY        139   48   25   12   35   19
  962 1025 loknuzwNFM CqQiGVtGe  138   20   40    2    7   69
  963 2956 vwKpS                 138   28   25   35    6   44
  964 1707 vsee J YFDRwY         137   50   21   52    1   13
  965 5732 vfLoMWFgQMcqUoI       137   27    2   23   56   29
  966 9789 bKmslMMhQkUqlwcDAP    135    3   35    0   62   35
  967 2799 hNxOhQdWi             132   15   44    9   32   32
  968 8686 XBQddRVgCrNsaKVlb     131    3   35   23   12   58
  969 6174 uEyxKmIcinyTWwu       131   14    6   98    1   12
  970 3721 YqzZXqU mutS          129   19   31    1   40   38
  971 7781 Upcv                  128   20   47    2    2   57
  972 2389 mEmu                  128   19    0   71   35    3
  973 5004 HihcRNjshPNcRCpT      127   93   13    4   10    7
  974  668 MIkkOdzVg             124   11   79   11   15    8
  975  537 wGwXVxltkmskZ         123   23   19    2   50   29
  976  156 LkebcCGMskyuabLx      121   24   18   45    8   26
  977  234 JmcOoZbr OKtmnQUWgcR  118   42   26   23   20    7
  978 3898 WTyZXUIlrARGTsvxeDfb  118   12    9   74    2   21
  979 2570 DPFTPHstXlLwcx        118    9    4   15   32   58
  980 9141 UidXIjAx              117   12   57   32   12    4
  981 1511 NJKqqKsrBpcMWAh       115   34   13   32    8   28
  982 8776 AgVhXl                113   51   25    2   26    9
  983 5188 dUU                   111   21   28    5   30   27
  984 4727 Jyke JYLUKUi          111    0    3   45   25   38
  985 9578 oxDjOXT WDqABfKA      109    3    2   30   10   64
  986 8164 AsCsuclWpHb           108    6    8   25   30   39
  987 6570 WNsd                  106   34   27    7   26   12
  988 4322 iHvYrc                103   16   41    9   18   19
  989 6641 EilMqcpZW             102    1   34    5   42   20
  990 6985 AJBmvK  tMjZsoUAl     102   36   30    1   21   14
  991 2043 GKSwwvqkPcc           101   40   14    8   11   28
  992 1563 EbXFqbrQBJcITxi       100   34   15   24   17   10
  993 2690 zEKUa AJS jEpTK        98   13   29   25   20   11
  994 8424 MoCIv                  97    4   10   31   13   39
  995 5949 czKrKBzaZ              93    9    0   27   39   18
  996 2009 uhxQrClKMVTK           93    1   16    7   57   12
  997 1421 vn                     90    7   36   28    5   14
  998 2326 BXSlsGQD               79   20    5   15    9   30
  999  679 AyKmVR QcMUenR         70    1   14    2    0   53
 1000 9693 CIDhecMpv              62    5   16    8   14   19
