    1 4476 tzpnhtpsax            411   99   99   78   85   50
    2 8688 cbp R OTks            391   74   50   83   86   98
    3 4755 TnybWuXjJwWAu         390   95   84   92   96   23
    4 8515 OnAMeeCyk             361   34   74   78   93   82
    5  973 K                     361   80   92   59   66   64
    6 2698 COmz                  360   69   61   73   72   85
    7 7855 GYHIzIpcrv            358   37   92   74   65   90
    8 2268 fIrTvrbqJu            357   80   37   98   49   93
    9 7145 CGORD                 348   29   85   85   84   65
   10 3899 TORIwJGBtqRyGigRYmR   346   80   83   93    2   88
   11 5178 pMQuNcidBXG           342   69   65   92   81   35
   12 7028 EQs                   340   29   73   68   97   73
   13 1327 bkOXxvOxUf            340   85   91    6   98   60
   14 4926 WKNkSuuBIwervThfI     335   54   97    4   81   99
   15 6915 CgXgaEhZlTvVlBcSpa    332   63  100   13   80   76
   16 4117 RKCsUEOUDQsDT         330   55   88   80   37   70
   17 9060 N                     329   82   90   67   47   43
   18 5987 qHCVwCZK aIwK         325  100   39   73   79   34
   19 8873 JXSAXdj dm            324   66   47   74   75   62
   20 5105 YpEFcaZTaJoXFweLoj    320   62   96   60   80   22
   21 3404 md                    315   20   51   88   71   85
   22 1554 VIcYDKTQdfZ Yfe       315   93   81   46   18   77
   23 9184 zjMzPCxIjJ            314    3   84   73   60   94
   24 3591 T wEmLJZwhyziRgRic    312   98   51   44   30   89
   25 7710 njYxbmMHfpkYAQfgKKD   311   59   25   97   94   36
   26 5868 DUtnO                 310   27   64   69   76   74
   27 7899 gTvFDNFazqIZcHu       306   86    6   31   86   97
   28 6285 qE                    306   94   47   36   82   47
   29 1623 YDFRHVAPWTxgHkzQ      303   81   40   45   84   53
   30 3019 cUNcIuqDutbUlJQKEI    303   56  100   23   98   26
   31 7306 jqyPBMkRpSTw          303   84   31   49   46   93
   32  687 imufIJ                299   26   90   94   29   60
   33 7010 LnEzIkwoyYlVyBYnIJc   294   94   26   64   61   49
   34 8268 uwdfiUAdoDFTdgemEB    290   69  100   74   33   14
   35 3388 hhrcYABTxZJqoknNtaG   290   37   87   48   43   75
   36 1085 NLnals                289   51   88   27   84   39
   37 5489 xfUTnloYhJUrSChB      282   30   76   84   88    4
   38 3573 tpXqrbNOabS           276   56   93   65   57    5
   39 9152 lhScaUOmdT            274   72   31   74   83   14
   40 5292 tOXJKGonGorNIOvlN     273   25   79   66   50   53
   41 8224 RrbKw JvvSHMBFh       272   36   71   21   79   65
   42 2320 N                     271   64   32   51   63   61
   43 8448 cdlqIqnOIEr           269   15   33   78   57   86
   44 3137 YumRlYbEyVAzE         269   79   16   78   40   56
   45 1052 IVFkJn                269   49   82   20   86   32
   46  776 taoIySCg              264   20    6   97   83   58
   47 5336 uWcPIo                260   50   26   99   49   36
   48 3615 tRDNDViDqIF           258   64   25  100   28   41
   49 4050 wAAkvADP              257   65   97   23   53   19
   50 7692 BvpwwW                256   31   52   18   69   86
   51 6810 RIlgCCyjVT Hpf        256   63   39   55   72   27
   52 5356 XtMPVEURmcvqUtjDdTtf  254   83   51   93    4   23
   53 7827 sJMXvxFpwh            253   46   19   12  100   76
   54 1814 UenxbtSeEKD           251   79   29   82   28   33
   55 7821 DFeJcZK jQfPObhqKlO   248   35   45   88   67   13
   56 7486 ubt                   247   89    7   65    6   80
   57 9244 J                     241   61   40   23   57   60
   58 1316 t                     241   62   31   55   84    9
   59 9968 jSxLHySY              240   23   39   53   79   46
   60 3986 MKfREG                235   39   38   94   49   15
   61 2573 dHGwcUolsBvtQUqaO     230   91   41   56   20   22
   62 6959 x fNt tzZfMbJUq       228   56   20   60   77   15
   63 7771 Ie                    228    1   94   68   35   30
   64 4545 AitvNs OaeBUjkNrPF    225   33    3   65   52   72
   65 5684 oddckIDB              225   72    4   19   85   45
   66 4714 ayWEgJoixtl           224   43   33   29   61   58
   67 4291 cJK                   223   38   16   81   49   39
   68 7141 brkQVtZTQGeBmjvbNA    218    6   72   34   30   76
   69 8819 UbVr                  218   20   13   48   80   57
   70 5606 QdkdnaMAzBHK          215   28   24    0   85   78
   71 7015 XM                    215    0   26   55   81   53
   72 2347 bCsYhRppcV            214  100    3   71   15   25
   73  518 GjziUrKlg             210    5   59   40   61   45
   74 6692 oJDuwpOQJIg           203   75   65   34   20    9
   75 7152 IcwtbMwKOBiHOtArBjQS  201    0   83   71   35   12
   76 5960 hFbQu czvyDcJVYkkolC  199   64   12   43   11   69
   77 5966 qcrwyIGGaGZYFr        198    2   51   47   60   38
   78 7262 hCJeTmKZOQ            196   23    5   90   74    4
   79 6194 hJVMkoHGrnOxJqKz      193    1   33   69    3   87
   80  165 Lnuuilu               192   76   43   22   37   14
   81 6944 vibOIlP               187   19   31   60   50   27
   82 7732 ecSeTKhpKGpuYnZqrX    185    8   37   87   33   20
   83 2995 NwAxStpdzD            183   17   35   46   70   15
   84 4196 DZT lqEfsHrunTpp      180   63   30   38   43    6
   85 9668 VPdL                  178   22   89   15   12   40
   86 5400 yEuLktPHB Ms          175    3   32   10   62   68
   87 6276 YPBvMzMfZ             173   37   46   72    1   17
   88  960 SfBofvgm              171   43   56    3   65    4
   89  243 NCIMGMmBOj            170   33   10   33   67   27
   90 7458 TIS                   169   29   46   12   63   19
   91 8681 jNuuOpLCeqV           166   45    4   30   10   77
   92 6978 NZWXmjTRkChdLj        165   26   75    5   48   11
   93  350 eqXqsuYgj zsgsrYFYjV  165   53   29    2   78    3
   94 7061 q                     161   88   13    9   12   39
   95 9768 UpYnNk                154    8   43   10   46   47
   96 8742 LWVhOYOprKy           151    5   12   56   21   57
   97 4390 qv dhblRi             149   25   54    2   57   11
   98  924 DzAxZFaAITwMCZB       124    6    5    3   63   47
   99 4558 JMkP                  112    6   21    3   36   46
  100  335 wyycYmRp  O           111    3   18   55   34    1
