    1 4674 kOs                   426   95   62   94   79   96
    2 7590 XFWrOGb HKKL          411  100   76   65   86   84
    3 8867 AzYuEmrGXrOdliEWQ     395  100   70   61   70   94
    4 6255 CKNfRUhy              393   86   99   43   91   74
    5 8969 nlcDtg jYQh           392   99   78   67   96   52
    6 9297 SlPJSOBDeRiXhxvVJlrw  389   51   99   91   54   94
    7 8527 FSzTmzMhezSskxNr      387   97   88   71   98   33
    8 8694 LglxFz                381  100   53   61   86   81
    9 2297 wcMNKpRVBSnd          380   77   66   80   97   60
   10 6579 HbgZgQUjYaZVrjtgQUY   379   87   97   82   59   54
   11 5297 umCLJqxhboBHaW        379   83   18   96   99   83
   12 6231 t etoTHzSKi           376   77   73   46   92   88
   13 2721 rYpQxBaqtMUOSeEBCVuW  376   61   59   85   80   91
   14 6277 OAJEIvmHQapmbyRO      370   57   97   64   56   96
   15 9292 jbYNEd                369   82   66   64   95   62
   16 7881 eNObWMYvbQZoWFqxKqN   365   95   56   47   87   80
   17 1478 Zl rvYUBYaEe          362   87   68   40   88   79
   18 6019 scsQtxKzBAAhTUW       361   55   98   82   74   52
   19 5696 tOzAJtRoVSCvM         360   86   69   32   92   81
   20 2184 xqdjHqkY              358   67   46   72   97   76
   21 1574 TtlSbov               357   46   88   86   71   66
   22  211 eaoUPEVEGQMwWWXY      355   98   61   49   62   85
   23 1472 geLWcccnUs            355   93   47   99   73   43
   24 1545 VqQ pjdPwpvNSea       352   92   70   88    8   94
   25 7114 A                     349   85   70   16   80   98
   26 2964 NjnJMTYvAv            346   89   66   45   76   70
   27 6433 MSyfNHF eEwP          346   98   94   43   61   50
   28 4953 kYYlEMTmUXDNijhjlsDk  345   95   46   45   87   72
   29 1418 cVrcjSkLdpujZXBYs     345   38   78   87   67   75
   30 5874 QqelDgYtXcMUk         343   87   81   14   98   63
   31 9608 Td                    343   97   91   60   86    9
   32 9988 vNcHIyparJJZHqphTHEf  337   72   85   50   83   47
   33 7402 LLaiUEqPVTdwKdxuxo    337  100   50   36   55   96
   34 4552 yc                    337   92   89    4   76   76
   35 5928 nIBszzYktA            337   69   43   93   35   97
   36 6918 RmRBHnODBqRJWl        336   95   53   52   39   97
   37 8774 loxvMPqvkb            334   22   61   79  100   72
   38 7188 kd                    333   69   98   20   56   90
   39 9770 iTOYDnEIyAYFsKuK      333   57   33   84   95   64
   40 5905 GDkaQHiWYCi           332   18   78   67   75   94
   41 8009 aOErfIIVYnfKqdDhk     330   48   90   49   54   89
   42 9188 rQ                    329   74   74   79   49   53
   43 3425 UzCzQDNS ovK          329   95   83   71   71    9
   44 6276 fnBTRopGX             329   64   64   49   62   90
   45  846 neSYRqilTGkmXJLUQyef  328   93   64   74   92    5
   46 3186 LJUKoq                327   92   99   42   61   33
   47 4506 E                     327   66   78   91   92    0
   48  730 NHAKBKDMZwm wpRMv     327   78   75   89   48   37
   49  929 XgfUOQcBa             326   78   62   84   27   75
   50  442 xLeZNbupFtHvUPX       326   84   64   28   57   93
   51  475 JnvRylonpyTyjprUjMy   325   68   62   40   85   70
   52 1153 BubouQS               323   85   74   65   37   62
   53 6742 LMw                   323   63   85   75   63   37
   54  886 CZHOtK                323   61   92   11  100   59
   55 2077 tO e oV               322   61   56   96   39   70
   56 7327 BdZnJshxN             322   48   89   93   10   82
   57 5740 EftvKqcCPrSkRMq       321   43   39   54   88   97
   58 3126 ipuIafNTtPL           320   52   65   86   99   18
   59 9724 JifJMFuhJWVYMEXa      320   62   46   83   92   37
   60 6695 DEoNlAWmpuyqVaxvrOX   319   76   68   76    4   95
   61   11 TblALFW GnRpncbyq     319   80   69   60   69   41
   62 9751 Ot                    319   86   45   66   32   90
   63 5351 CwuEwzAz              318   42   39   54  100   83
   64 6888 AuyDTJ                318   72   88   67   27   64
   65 9194 X                     317   96   83   34   60   44
   66 8256 LPAqtY                316   51   52   67   85   61
   67 7413 sViujwLpfwQX          316   37   98   92   17   72
   68 1528 sZJL j                316   81    0   89   60   86
   69  328 PWoFNoNfUmiuKUGQC     315   83   39   74   28   91
   70 9201 oHZLJ TuEPnfjDdkHa    314    9   77   69  100   59
   71 7337 nYLDjLPfKnDkTl        314   68    5   84   70   87
   72 9596 vJijvpKrSABzr         313   79    1   99   44   90
   73 2694 ksWTGpIy              313   54   97   47   91   24
   74 9928 qRRltWLPXmmRVEtccA    313   51   63   44   67   88
   75 6900 TS                    312   57   52   64   79   60
   76 1356 Y                     312   26   93   84   42   67
   77 6250 azT                   311   78   23   54   99   57
   78  598 ATKUYZMAjjrJS         311   12   75   97   91   36
   79 7695 tNUJTRhhEY            311   49   26  100   69   67
   80 8424 qsIjgHSzs             310   62   88   22   72   66
   81 7956 XTEpjhaGPsOFphyYJQbh  310   40   58   31   88   93
   82 9388 J                     309   64   40   43   75   87
   83 5369 GwbigAv               309   88   47   59   25   90
   84 9759 QqtQusx               308   48   32   69   74   85
   85 5484 aLejIVRTgFQCUnZFb     308   63   77   97    6   65
   86 2988 nxrWGtgglGNl          307   76   97    3   66   65
   87 2533 nentfyU jbhN          306   28   97   16   90   75
   88 4702 U                     306   77   94   13   96   26
   89 4461 Qi                    306   48   81   95   35   47
   90  985 IOGhrZ                305   63   94   93    5   50
   91 5939 YOrxdihJQcJ SO        304   94   62   17   46   85
   92 4359 XmKfurpBo gWYWZN      303   95   13   84   44   67
   93 2636 u                     303   29   77   39   84   74
   94 4934 ZcVFqklMsDRzBkr       301   86    7   91   77   40
   95 5944 iWOA                  301   95   63   39   40   64
   96 8330 jfkASnxAdyna          301   32   85   68   92   24
   97 2181 KvoBFaH               300   70    3   91   91   45
   98 3776 beqnlroBzsLrlrpPw     300   77    2   70   62   89
   99 3549 rFY                   300   13   35   92   86   74
  100  902 ubAQTTrTgeNNaPFefAUv  299   78   83    6   43   89
  101 6753 I                     299   74   24   87   83   31
  102 2805 eQiAyy                298   76   60   60   75   27
  103 2012 YWaFQzYEWlUOjiHD      298   88   55   83   39   33
  104 4759 tfF                   298   86   27   80   93   12
  105 9605 UDSj                  297   91   61   93    6   46
  106 5672 ubCdbgdbfDGI          297   79   12   38   89   79
  107 3565 elQuodKiZwiGLP        297   43   91   71   11   81
  108 5308 ff                    296   99   18   74   42   63
  109 6136 UwoBVyJEluyUMei       296   74   21   15   90   96
  110 6117 fI                    296   81   71   41   91   12
  111 5736 beAr                  296   99   56   26   53   62
  112 4490 TJXEodDjZFSeVwhabnXp  296   42   36   78   55   85
  113 6547 BwuMskxZ              295  100   24   38   49   84
  114 7347 uvCMAhtuSuxcpIqbgE    295   64   13   52   67   99
  115 9694 Hgs DmvEhyVuXGgIz     294   94   12   99   14   75
  116 7794 hJLPfr                293   27   57   70   80   59
  117 4232 PUWwkl                293   50   99   58   18   68
  118 5040 ZoBxufx               293   74   53   50   36   80
  119 9795 J                     293    6   85   58   91   53
  120 1072 enqXErhNDU            293   93    5   52   57   86
  121 6884 LlYTNVKwMWsjFx        293   31   76   67   24   95
  122 2670 AOLHvq                292   67   72    8   92   53
  123 2655 O                     291   95   71   85   13   27
  124 4244 uzF                   290   49   40   88   30   83
  125  260 qxdN YYD              290   84   90   17   19   80
  126 6523 LMDVjrFAEep           289   88   19   31   68   83
  127 3536 cj                    289   26    5   93   72   93
  128 7664 XNezFM                289   60   84   82   22   41
  129 5533 CvHHDDtCeojweC        289   67   67   85   42   28
  130 7731 vhQPXTeR              289   72   34   77   83   23
  131 7711 pHcFZXWJIUnkf         288   26   27   94   92   49
  132 2646 KArMRKLEfGivuLV       287   80   74   58    9   66
  133  800 WTJxnHzBCAYIBj pWo    287   88   12   25   82   80
  134  119 NmUdr                 286   51   53   46   61   75
  135 9276 yQnokawUoOxjb         286   80   75   69   53    9
  136 8163 JZATGFLGvjRJbf        286   63   30   85   36   72
  137 1673 KISGEClPSCkFwN        285   88   27   58   95   17
  138 2322 FyxGgwcyRxHDUXP       285   84   46   52   35   68
  139 6909 HgVoNxLitsMQhAgLcBZ   285   79   75   24   87   20
  140  401 qcpkmO                284   42   66   69   93   14
  141 7611 sXrDmXLZEqsXzs        284   77   55   28   48   76
  142 8563 UjowlCegbqUDRehR      283   97   80   21   21   64
  143 4009 IZRbKSpRbVcqIU        283   26   80   71   22   84
  144 3271 IPNxliXly             283   96   63    0   95   29
  145 1635 HQyK                  282   77   32   95   18   60
  146 6224 yaFEAGBN              282    9   96   81   12   84
  147 6540 XVVHilmrQgxKEUkdLz    282   63   54   49   78   38
  148 5899 BGVkqGqNlqPZCN        282   16   84   50   46   86
  149 3993 yZzLQvH               282   44   46   73   90   29
  150 4227 ASlUPHfIDmhKqwL       281   15   75   19   86   86
  151 2074 UHEntKXzfTEwGqPiZcE   281    6   61   94   92   28
  152 8470 VcbtIrBDNRHIkLN       281   97   74   11   72   27
  153 8702 XkBVMiDYBTnzQCmZpToE  281   66   29   72   27   87
  154 2465 teOWHHdTRluoCMa       281    4  100   81   81   15
  155 4324 vtBgTcPOvJhKo OnDEk   280   89   17   39   75   60
  156 4792 KkIKXaox              280   82   46   59   71   22
  157 5149 GAAuCXQJgRyiemr       280   89   50   11   32   98
  158 3931 SmzfiJYS              280   65   41   68   72   34
  159 7790 HDMggywJDt            279   67   84   57   43   28
  160 7729 H SohGl               279   95   23   68   62   31
  161 5775 BgbmNjhpqVUckn        279   88   93   56   32   10
  162  198 NxYfVVVwDUQzPU        279   38   18   86   96   41
  163 9506 AT                    279   67   51   74   47   40
  164 2427 T lWur                278   86    7   99   56   30
  165 8058 cSgkB                 278   72   87   66   48    5
  166 8035 jBOKlKZpUxoZZujl      277   64   42   67   32   72
  167 9495 thnh                  277   85   45   46   67   34
  168 3263 WX                    277   55   77   74   25   46
  169 5833 wVFE                  277   75   88   54   36   24
  170 5132 HoiqUDUeIUSO          277   43   34   99    9   92
  171 1669 xqdCBfArJaEoJAgMoK    277   90    6   33   96   52
  172 2563 kjOsLX FnSJs rVwZ     277   89   12   78   22   76
  173 8970 GcmqZZpz              276   40   58   51   90   37
  174 6084 TyfLVtnTaZJ           276   58   95   16   66   41
  175   96 ebcLTEcCE             276   79   77    0   90   30
  176 7821 cWiPecBLxqWbwzan      276  100   46   43    7   80
  177 6069 wN                    276   90   76   20   75   15
  178 1242 KwIJojiOeEnJHuSfdW    276   53   53   88   29   53
  179 9032 AeyoVjECiokhhjqBwbqF  275   34   84   58   40   59
  180 6411 XpLOVVeAqTWEzGWDOwW   275   94   32   76   15   58
  181 2957 QKEB                  275   92   35   46   20   82
  182 5286 ZwLvwQmtlCBb NlSo     274   31   93   45   97    8
  183 2339 n                     274   51   55   22   49   97
  184 7997 LQEtGmFYRyopUWNacob   274   65   71   74   63    1
  185 1438 tyaouidyDDIXEMRyQSnb  274   38   41   91   84   20
  186 2479 pOtr                  274   69   84   33   70   18
  187 8261 ze                    274   44   75   81   41   33
  188 7239 LvloIbhKCaOLY         274   85   79   39   46   25
  189 6644 GHZswaaIUPUQf         273   99   18   43   34   79
  190 3876 hXDdYnWZYsz           273   83   62   50   33   45
  191 3392 KMbP                  272   56   14   35   93   74
  192  952 FWStKUiyl             272   76   25   18   89   64
  193 8233 GqtzL                 272   45   42   39   53   93
  194 1828 EyRERLimQx            272   48   98   74   16   36
  195 4908 q mGifhfmTdtZs        271   58   49   16   75   73
  196 9909 rygdEUwbQpQBRAyNBe    271   41   81   69   71    9
  197 9521 CfoBeR                271   75   60   20   79   37
  198 5652 ZDGMHlZfxjpFBYpg      270   17   58   18   91   86
  199 3694 mlRP                  270   86   40   74   52   18
  200 2559 bAHubHMyxZHyB xF      269   49   45   14   77   84
  201 2388 Vz aQWMMfpYRBivHkj    269   12   82   64   72   39
  202 3767 tu                    269   68   54   37   99   11
  203 9218 xXDlrJoyWLV           269   16   10   87   84   72
  204 9481 eUgIGodteDOmWhOOlZS   269   15   52   87   46   69
  205 4073 hGCF                  269   37   54   52   93   33
  206 7437 BVJufIUJEsnBHLoy      269   35   58   66   20   90
  207 1488 TLTPgnmVUGibSdtO      268   28  100    9   38   93
  208  433 MLZoVMhWCJ            268   59   33   36   78   62
  209 9783 bU                    267   71   43   89   63    1
  210 9936 qWadqkdUpIV Jc        267   40   85   51   51   40
  211 8479 DM                    267   62    9   95   20   81
  212 3255 nwZYKZqVLHTIvh        267    1   85   22   95   64
  213 7779 cadvrLX               267   57   52   12  100   46
  214 5580 jPUBllpgIIFKTnGmyvjV  266   91   68   42   58    7
  215 9325 XIhfYfHVOlapueg       265   39   36   45   57   88
  216 1013 IkCqfl                265   99   59   25   24   58
  217 9289 dgEjDMsmv             265    0   84   45   85   51
  218  420 DBKEcgagXolfCF        264   83   10   20   87   64
  219 9019 KkTBv                 264   55   84    9   72   44
  220 9565 VqwatLnvpl            264   87    7   19   83   68
  221 9632 ghaKOYY               264   19   92   80   54   19
  222 4150 OwoaerjEpaJIvZZyfs    263    9   33   57   97   67
  223 5074 RuE                   262   26   66   52   42   76
  224 7069 vfjoq xeGaTAmqDw      262   84    0   62   41   75
  225 2896 oAZrTFspTiSaslTQaEM   262   46   38    9   87   82
  226 9679 zHbarnzZoGSJPrUYa e   262   76   96   27   44   19
  227 9623 gK                    262   23   38   79   81   41
  228 3802 FbUI                  262   70   74   10   44   64
  229 8833 kwOfyl                261    6   46   80   92   37
  230 6058 GWzYxqOyDG            261   59   75   20   89   18
  231 4266 VjzTlC D              260   84    5   40   59   72
  232 7148 ksAJWcsRCEZ           260   26   88   44   90   12
  233 8838 diO                   259   16   82   37   86   38
  234 1670 LGA bPIdieroHbQv      259   31   60    4   91   73
  235  733 BGBVk                 258   78   70   71   20   19
  236 1601 XLRXRGQqlv            258   94    3   57   52   52
  237 1940 OljANjsaWYSchpI       258   34   87   26   64   47
  238 5597 TcCHfeaH              257   63   77    5   25   87
  239 9176 cHRwlncxTfGSM         257   64   35   70   69   19
  240 6602 cLQvfgw               257   37   27   85   17   91
  241 5945 HnWbuUGyeDfeYZsN      257    4   89   33   41   90
  242 4294 FcA COgAYeFiVV        256   25   79   39   91   22
  243  964 DIr hgBnbmHmQQQhZKnM  255   76   71   28   63   17
  244 5464 HzLclfOf              255   27   47   73    8  100
  245 4228 WTxkd                 255   53    9   57   40   96
  246 7716 SOrG                  255   29   43   20   90   73
  247  859 kAXFOLlIdYKGpnJBYJl   254   28   86   17   33   90
  248 2332 SRx                   254    0   84  100   51   19
  249 8769 yDPtdcETvxy           254   79   22   68   29   56
  250 8557 dTgoenuiKSuqwhlJqSEO  254   20    8   84   94   48
  251 7139 UjfEMHZYDqAA          253   26   39   84   32   72
  252 1900 rQghMBVt              253   46   39   20   73   75
  253 6174 zdvEPBkvggnFKBRhQF    253   20   96   57   24   56
  254 7851 rqTZng                252    4   91   36   81   40
  255 3327 HcsMYT                252   19   74   43   22   94
  256 2677 caHqHGQDkiUvR         252   79   51   62    7   53
  257 8928 BTmHFOqIibpTIKWB      251   73   53   11   82   32
  258 2884 RB                    250   18   56   76   68   32
  259 3683 ftK T                 249   68   54   90    8   29
  260 2066 shbpQX                249   53   15   67   85   29
  261 8419 l                     249   33   70   54   85    7
  262 6089 xzDJVvVLX             249   45   90   46   63    5
  263 4854 JCqVLXrOpeksDJVTY     248   10   80   55    9   94
  264 2604 CbSXbWoelvPnKEEuS     248   99   37   75    1   36
  265 3483 GbJUeGq KY            247   82    0   58   24   83
  266 4972 PhJ vidx              247   20   21   62   82   62
  267 8650 gOtX                  246   13    0   90   47   96
  268 3098 FdWozj                246   83   24    1   49   89
  269   15 PSYMLCr               246   78   73    4   39   52
  270 5517 nXlfPiApiyxJvBXypi    245   37   46   41   67   54
  271 6747 FJAbOQFvShlm          245   81   86   27    4   47
  272  669 hPTpbRI               245   81   74   55   13   22
  273 6151 luSfLrPFtHIPIwVe      245   42   44   43   40   76
  274 4422 ArH                   244   65   83   77    3   16
  275 3671 wUHwBDhWMLBzDMCl      244   64    1   96   34   49
  276 7548 yCsoVKwhDhFIAJ Qyqn   244   18   29   91   25   81
  277 4670 RepJJzhjUEv lnxKC     244   77   41   78    0   48
  278 4217 hYSV                  244   81   99   28    2   34
  279 5392 R                     244   71   39   80   17   37
  280 2808 j                     243   21   46   52   64   60
  281 6482 YODKIsZ               242   45   88   36   59   14
  282 9043 aWMLfJrqhMvdxmNNv     242   24   35   96   54   33
  283 3477 VBKqspYqwdQPepCslvhw  242   70   20   81   44   27
  284 5752 qwQPMEXvIEWWte        241   64   11   82    8   76
  285  114 mLRVpBKusYRyGpL       241   98   31   59   31   22
  286 8350 SBCgNaxzKXrcMOPJ      241   22   51   99   19   50
  287 9131 wHbmXHskWBCBar        241   43   28   60   36   74
  288 8252 kSKCqmKduUkD          241   62   19   49   30   81
  289 1112 ZfXBfk                240   55    0   31   71   83
  290 5385 NbHFudjBUCgzYxXHuYTb  239   81    5    4   55   94
  291 2420 zQMmuHIrT             239   44   83   55   57    0
  292  456 khJ                   239   82   84   15   28   30
  293 1772 BzcHjuOdWBV           239   24   72   64   18   61
  294 1247 PlDXQmXsY             239   87   72   74    0    6
  295 1567 gZiEsEVfiGfAN         238   81   34   13   97   13
  296 7615 DsxEqftRijKd          238   54    1   30   85   68
  297 7719 rXdowJmzuW            237   67   30   81   56    3
  298 2826 MjQGep                236   96   78    8   23   31
  299  499 jwLx                  235   81   90   36    0   28
  300 2062 VzGkFiNIfGEJDBiSEi    235   80   47   12   42   54
  301 6978 pYeVQwByVdNY          235   83    7   10   68   67
  302 3662 FpSCqNY               235   64   43   35   38   55
  303 4945 XgVTZqDkeuzkPw        235   65   89   45   36    0
  304 2121 DHHlNrjHSVtNcIkocB    234   22   94   34   78    6
  305 9787 FyWrggVFxfm           234   82   39   75   30    8
  306 2200 f                     234   55   77    4   10   88
  307 8783 urhuShdbIxZd tElNNw   234    9   74   72   57   22
  308 2277 TOdXfjc cPcsYvKoQR    233    1   87   72   34   39
  309 7775 XWapMEU               232   28   25   12   95   72
  310 9424 GzhQrYaLRCcwg         231   35   57   67   51   21
  311 5329 b                     231   80   26   45   43   37
  312 2324 SZDWrDKBmubfPmMfSlIL  231   81   65   29   45   11
  313 9552 tzwDHNHsomDGlRT       230   25   48   63   50   44
  314 9686 pytPqUUsChlqp uT      230   42   93   37    3   55
  315 7440 auajYzFKBZTizaAzY     229   75   24   92   21   17
  316 5646 gzKO                  228   68   16   40   15   89
  317 3148 cxFlgc                228   13   80   17   92   26
  318 3293 HRuGDwnkUhQRvyPbOJi   228   46   90   29    2   61
  319 1379 UzBcwprNZAuUWmFAb     227   23   94   49   42   19
  320 1218 nUtzTKFOCW            227    5   16   65   47   94
  321  344 J                     226   74   14   99    0   39
  322 9365 SxYo                  226   20   17   74   51   64
  323 3435 cZHsl yUGvMKeSSvDOaA  226   10   43   45   61   67
  324 8451 CIy                   226   73    4   47   77   25
  325 2625 NZfJdBvIGfUZ          226   64   54    1   24   83
  326 5925 jDAOlpPiez            225   68    9   28   62   58
  327 8397 gDTQ                  224   72   40   24   42   46
  328 3858 DIYBMyd               224   12   65   54   42   51
  329 9669 oSnBH I               224   31   19   54   55   65
  330  689 TpWhtHYwOdhWbj        223    3   72   56   45   47
  331 8164 GMtqf                 223   32   93   24   17   57
  332 5910 PvpOqcqYmVqR          223    5   92   54   17   55
  333 8063 ALTOUMrprih           222   48   16    9   92   57
  334 4163 TkVPXwYQBlujGlvvlq    222   23   68   58   38   35
  335 7348 gvLTbfSW              222   20   46   89   51   16
  336 6589 jqcbyOcEMiZFYBkWbC    222   78   48   15   33   48
  337 7488 D                     222    2   67   61   75   17
  338 8434 ZkxyBVqSlNtD          222   64    8   72   57   21
  339 3696 MPsXNq SnZtvOazIukFK  221   20   74    3   49   75
  340 4411 ziHYnE                221    9   18   79   52   63
  341 1014 mJijiz dUCcJHtqqts    220   48   22   69   79    2
  342 8856 QdXqGhgba             219   79   10   47   28   55
  343 7963 YuNn                  218   70   76    1   62    9
  344 1499 gXb ETM               218   35   19   68   19   77
  345 9647 iljNfS                218   10   21   39   61   87
  346 9489 YN                    217   26    8   59   91   33
  347  684 qvvZFguBdIbeH         217   58   34   38   40   47
  348 6164 gcHYTzdgirfqaYqWtc    216   58   17    2   64   75
  349  229 iibgpJCwwqiejnUbZ     216   52   59   33   67    5
  350 4740 gMkC eXzPU S          216   31   47    3   96   39
  351 5324 JldVhARygHDRmdvxqS    215   63   11   32   49   60
  352 4355 zGMQik                215   14   16   64   67   54
  353 1776 dyiqAjYpJbbouktDB Cd  215   74   43    6   57   35
  354 9149 xvPZcEsQHTXhAhyJvn    215   17   90   71   11   26
  355  879 svZkA ifUqwFokfTeSFR  215    9   68   62   53   23
  356 1793 bxtDSEINlJkEqupz      214   66   85   18   17   28
  357  724 JMFlWbq               214   38   22   78    1   75
  358 2818 NsCgYhgpKyqHSckCiy    214   11   12   85   72   34
  359 6932 PrP                   213    8   73   78   51    3
  360 3622 YoBKqv                213    6   51   23   45   88
  361 9722 QSz                   212   91   65   34    0   22
  362 3086 qgEQgFkKyMoOOEJA      211   31   41  100   18   21
  363 2218 P                     211   78    3    1   77   52
  364 2221 hEwLb                 211    8   62   91   11   39
  365 7533 MXqsJ                 210   49   31   76   23   31
  366 8338 SoDbGQuhRndCko        210   16   34   72   87    1
  367 7295 XVzOjRJpTZKo          210   37   10   35   43   85
  368 3935 iFB                   210   35   92   32    8   43
  369 9595 qRCxwZia              210   34   38   44    9   85
  370  696 CJ                    208   44   43   26   19   76
  371 5486 fBtLLfJmsQujE         208   80   10   44   52   22
  372 4821 oNcuEIVisarNJdvxjx    208   21   25   49   74   39
  373 7456 jiXBlFvXmakWZod       208   68   46    9   26   59
  374 4626 wVlRw                 207   24   85   64    6   28
  375 2758 AdrfVkuAMZrK          206   37   43   12   24   90
  376 8131 XhKV                  206   52   74   60   17    3
  377 6908 ZWbvdSpAQuzhmqQ       206   64   76   21   30   15
  378 8238 vlRIacsN              205   73   12   29   84    7
  379 9257 ykCgGPiQIoHVEIR       205   32    7   29   52   85
  380 6335 Oze                   205   40   41   20   36   68
  381 5789 ttjAFVhNgVwwW         204   89   18   18   75    4
  382 9872 jorgeM                204   35    5   47   32   85
  383 5796 qjitjLfRDbisO         203   66   26    3   48   60
  384 9843 zQPjNxKGWUdTQAeGM     203   39   12   32   44   76
  385 1108 EGt                   203   66   15   56   61    5
  386 3110 E                     203    1   73   15   38   76
  387 9298 grB                   202   83   26   80    1   12
  388 8803 PUUzO                 202   61   21   71   25   24
  389 1486 G                     201   37   44   55   45   20
  390 3095 CEZdKFd               201   48   17   44    9   83
  391 8830 cerQbVwczs            201    6   42   43   75   35
  392 8417 SCfvlL                201   29    2   89   51   30
  393 7310 XpEBRXrR              200   35   33   30   21   81
  394 6098 UfRPrFiGdtvFNBe       198   59   19   21   75   24
  395 7368 UdDZkbDGYvQs          198   74   19   37   17   51
  396 2752 S                     198   86    3   25   78    6
  397 6883 dKFLeW                196   11   94   15   12   64
  398 6989 qvesWBCOBP            196   49   84   14   19   30
  399 4971 iQAOYDxSSirfLYLgX     196   36   53   37   36   34
  400 2381 UqPHTVH               196   27   24   44   92    9
  401 9209 R                     195   85   21   65    3   21
  402 9832 OKS QlVcPtsEt FrKELO  195   38   64   15   40   38
  403 7349 mIvYUCH               195   27   88   19   21   40
  404 4507 jKAAYtzdzXMT          194    2   34   19   93   46
  405 6153 zislmjhrKOhbyeTANr    194   55   57   35   13   34
  406  793 xDJFBa                194   67    0   74   13   40
  407 9386 nJzxzRJqcGMBJ         194   81   11   19   80    3
  408 8846 aqiotJgmDHOjD         193   20   20   73   65   15
  409 4450 znRaZmIwIedREFFE      193   45   67   47   12   22
  410 9912 WvP RNN               191   32   29   50   42   38
  411 4312 ibQKk                 191   44   44   50   29   24
  412 5011 CKcYQXlNfJFrV         190   55    5   16   37   77
  413 1171 nSUfVPFVmaR           190   42   59    9   17   63
  414 7631 hDlk                  190   99   29    1   26   35
  415  533 MVYKjBTOdMdkWLMZM     190   86   11   39   34   20
  416 1641 hfjoPzEIBVqxwBF       190    2   14   78   53   43
  417 7259 uoPJGZcJsJ            189   25   14   49   39   62
  418 9633 XlhO cnN              189    8   13   91   30   47
  419 4756 zQx j                 188   29   25   80   12   42
  420 2228 jRodZtlrZt            188   72   23   13   58   22
  421 1333 iSFU Doim             187   70   68   14   25   10
  422 6275 Ri MaNCSC ixCqrPrZ    187   55   23   53   36   20
  423 1546 pOjkgBKdQgIKbQdo      185   22   68   39   43   13
  424 5823 hNlazrndGu            185   42    7   66   43   27
  425 7300 MccNLHLXDJpVkpJrgK    185   60    5   10   71   39
  426 7941 YWawI                 183   26   30   29   60   38
  427 6662 Cpo                   183   37    0   78   36   32
  428 1372 C                     182   65   39   33   20   25
  429 7159 U                     181   58   63   37   16    7
  430 9090 nHIUDK                180   69   21   43   28   19
  431 3461 VavMDsbsPhYKgoEzfncl  178   45   49   31   44    9
  432 6990 VdXeqfHFzZbekImV      178   63   23   49    9   34
  433  619 ZrKzjz ACgGHlCplfiVk  178    8   26   83   46   15
  434 8736 UrJYIDavARnpYEZLMG    178   57   54    5   17   45
  435 1615 noboMCjLTXVe          176   36   14   69   11   46
  436  789 QfXZCLFnBrCbukvZzF    176   57    1   33   27   58
  437 8862 hPBfIigQynvl          173    9    2   33   88   41
  438 8415 CsaWVUQLK             172    6   90   21    8   47
  439 9916 hDWPwfG               171    2   18   99   20   32
  440 1941 eshozkIrAepxTy        168   41    3   23   22   79
  441  256 kJgvXrfvpeHFLZdQBxln  168   15   12   55   55   31
  442 1058 HHhk                  167   16   29   40   62   20
  443 2421 oeCwl                 166    3   73   14   42   34
  444 2794 oHNZUMzRcTg           165   32   17   59   23   34
  445 9537 yqWogSiwkc            165   60    9   26   62    8
  446 2044 UwrTFvbrGmynNCAfHY    163   13   25   71   25   29
  447  312 NmDNJkjY              162   28   22   44   50   18
  448 2535 HCNnOCwoXLsF          162    1   56   34    3   68
  449 9402 XyjfSrdAVq            161    5   14   75   32   35
  450 4196 lKUwjDd NwMYocdg      161   11   20   81   40    9
  451 6052 Hq                    161   21   99   18    0   23
  452 5487 Iunjox                161   47   12    9   12   81
  453 7864 iuRNURrP              160   53   46   38   11   12
  454 5199 SRSOOtbaSolC          160   22   11   21   80   26
  455 2782 Evm w                 160    8   90   27   31    4
  456 1354 XgbCdrqGViRbwEZwwZa   158   28   64    5   47   14
  457 5693 Lq uRzrgGNIm          158    4   20   59   20   55
  458 3152 cCkGhLAbAkq           157   61   21    5   36   34
  459 6962 ehfSCc                156   52   13   26   35   30
  460 3063 YAOJWnPGRykB          156    7   32   46   41   30
  461 2273 BqgMCinAbVMD          156   62    1   36   11   46
  462  554 VRSsZaMs              155   44    9   31   68    3
  463  331 QplRPHInqEEPktpPqID   154   37    0    4   39   74
  464 7352 sRVAvirefWa           152   69    0   14   57   12
  465  447 eULXB                 152    2   17   98   30    5
  466 4528 o                     151   23   19   68    9   32
  467 6024 hYjWsC                150   18   15   93   16    8
  468 1304 oPlyiJEPFVepD         148    8   77    2   51   10
  469 9237 vw                    147   16   66   32   24    9
  470 3239 ALTYMsZOR             146   31   34   32   40    9
  471  108 kWhTnZLaeNdLCf        145   56   20   32   22   15
  472 4993 EyA                   144   22   76   11    7   28
  473 7502 puiCyriI              143   19   55    7   33   29
  474 8106 VEtXsJvUDeMkcB        143   17   17    9   38   62
  475 7714 Uddl                  142   85   12   28    0   17
  476 2657 H jGpuuY              140    5   70   33    2   30
  477 3439 NavrSK                138   84   18   18   13    5
  478 6454 koaWJzkh              138   63    6   32   22   15
  479 8273 Ecp                   137    6   80   21    2   28
  480 7307 yIgIAkLOKVrRclHPsvK   137   68    9   37   13   10
  481 3219 qMYqxFgT              136    1   57    3   36   39
  482 4932 zK                    135   20    0   20   40   55
  483 5460 IwwLuSgYyMbJ          133   14   45   46   23    5
  484 6778 mnLNbhnzhVi           131   60   13    3   49    6
  485 9395 yTIHolnwxvi           128   56   22   31    2   17
  486 2919 StrEnduG              126   11    7   26   30   52
  487 7980 fyetyNLQryoOzem       126   14   46   33   18   15
  488   40 GnzMqkKLhqk           123   40    1    0   37   45
  489 4307 fnMBTfYXcdhur         123   54   18   33   13    5
  490 6652 aLXSiVaHHTFUI         122   46    9   54    5    8
  491 4963 XHfEhqAHhdvHXkmu      121   17   33   51    9   11
  492 9082 rFmqKzimRSOlyut       120   28   39   21    2   30
  493  597 bvJELgj AXcZek        119   23   14   10   71    1
  494 3705 qHTckUQvjFuQy         117   47   12   46    0   12
  495 4317 SyeooAWBvVeKZc        105    1   20    3    5   76
  496 5844 JEainkcJKbUVTeXW       96    9    4   42    1   40
  497 9778 cxxWo                  87    1    0   34   48    4
  498 8482 RPOE                   86    1    6   69   10    0
  499 8559 otAFYqzA               81   44    0   23   14    0
  500 2886 AoH                    66   21   14    2   15   14
